[2024-11-25T21:38:42.187+0000] {taskinstance.py:1159} INFO - Dependencies all met for dep_context=non-requeueable deps ti=<TaskInstance: drift_detection_dag.detect_file manual__2024-11-25T21:38:30.990974+00:00 [queued]>
[2024-11-25T21:38:42.214+0000] {taskinstance.py:1159} INFO - Dependencies all met for dep_context=requeueable deps ti=<TaskInstance: drift_detection_dag.detect_file manual__2024-11-25T21:38:30.990974+00:00 [queued]>
[2024-11-25T21:38:42.215+0000] {taskinstance.py:1361} INFO - Starting attempt 1 of 1
[2024-11-25T21:38:42.264+0000] {taskinstance.py:1382} INFO - Executing <Task(PythonSensor): detect_file> on 2024-11-25 21:38:30.990974+00:00
[2024-11-25T21:38:42.292+0000] {standard_task_runner.py:57} INFO - Started process 226 to run task
[2024-11-25T21:38:42.312+0000] {standard_task_runner.py:84} INFO - Running: ['***', 'tasks', 'run', 'drift_detection_dag', 'detect_file', 'manual__2024-11-25T21:38:30.990974+00:00', '--job-id', '4', '--raw', '--subdir', 'DAGS_FOLDER/drift-detection.py', '--cfg-path', '/tmp/tmpp5sdddyt']
[2024-11-25T21:38:42.345+0000] {standard_task_runner.py:85} INFO - Job 4: Subtask detect_file
[2024-11-25T21:38:42.584+0000] {task_command.py:416} INFO - Running <TaskInstance: drift_detection_dag.detect_file manual__2024-11-25T21:38:30.990974+00:00 [running]> on host 7f10b2294d44
[2024-11-25T21:38:42.754+0000] {taskinstance.py:1662} INFO - Exporting env vars: AIRFLOW_CTX_DAG_OWNER='***' AIRFLOW_CTX_DAG_ID='drift_detection_dag' AIRFLOW_CTX_TASK_ID='detect_file' AIRFLOW_CTX_EXECUTION_DATE='2024-11-25T21:38:30.990974+00:00' AIRFLOW_CTX_TRY_NUMBER='1' AIRFLOW_CTX_DAG_RUN_ID='manual__2024-11-25T21:38:30.990974+00:00'
[2024-11-25T21:38:42.757+0000] {python.py:72} INFO - Poking callable: <function _detect_file at 0x7fe7df0bde50>
[2024-11-25T21:39:42.810+0000] {python.py:72} INFO - Poking callable: <function _detect_file at 0x7fe7df0bde50>
[2024-11-25T21:40:42.870+0000] {python.py:72} INFO - Poking callable: <function _detect_file at 0x7fe7df0bde50>
[2024-11-25T21:41:42.928+0000] {python.py:72} INFO - Poking callable: <function _detect_file at 0x7fe7df0bde50>
[2024-11-25T21:42:42.985+0000] {python.py:72} INFO - Poking callable: <function _detect_file at 0x7fe7df0bde50>
[2024-11-25T21:43:43.046+0000] {python.py:72} INFO - Poking callable: <function _detect_file at 0x7fe7df0bde50>
[2024-11-25T21:44:43.102+0000] {python.py:72} INFO - Poking callable: <function _detect_file at 0x7fe7df0bde50>
[2024-11-25T21:45:43.161+0000] {python.py:72} INFO - Poking callable: <function _detect_file at 0x7fe7df0bde50>
[2024-11-25T21:46:43.220+0000] {python.py:72} INFO - Poking callable: <function _detect_file at 0x7fe7df0bde50>
[2024-11-25T21:47:43.278+0000] {python.py:72} INFO - Poking callable: <function _detect_file at 0x7fe7df0bde50>
[2024-11-25T21:48:43.337+0000] {python.py:72} INFO - Poking callable: <function _detect_file at 0x7fe7df0bde50>
[2024-11-25T21:49:43.385+0000] {python.py:72} INFO - Poking callable: <function _detect_file at 0x7fe7df0bde50>
[2024-11-25T21:50:43.443+0000] {python.py:72} INFO - Poking callable: <function _detect_file at 0x7fe7df0bde50>
[2024-11-25T21:51:43.501+0000] {python.py:72} INFO - Poking callable: <function _detect_file at 0x7fe7df0bde50>
[2024-11-25T21:52:43.560+0000] {python.py:72} INFO - Poking callable: <function _detect_file at 0x7fe7df0bde50>
[2024-11-25T21:53:43.618+0000] {python.py:72} INFO - Poking callable: <function _detect_file at 0x7fe7df0bde50>
[2024-11-25T21:54:43.675+0000] {python.py:72} INFO - Poking callable: <function _detect_file at 0x7fe7df0bde50>
[2024-11-25T21:55:43.733+0000] {python.py:72} INFO - Poking callable: <function _detect_file at 0x7fe7df0bde50>
[2024-11-25T21:56:43.791+0000] {python.py:72} INFO - Poking callable: <function _detect_file at 0x7fe7df0bde50>
[2024-11-25T21:57:43.849+0000] {python.py:72} INFO - Poking callable: <function _detect_file at 0x7fe7df0bde50>
[2024-11-25T21:58:43.907+0000] {python.py:72} INFO - Poking callable: <function _detect_file at 0x7fe7df0bde50>
[2024-11-25T21:59:43.965+0000] {python.py:72} INFO - Poking callable: <function _detect_file at 0x7fe7df0bde50>
[2024-11-25T22:00:44.023+0000] {python.py:72} INFO - Poking callable: <function _detect_file at 0x7fe7df0bde50>
[2024-11-25T22:01:44.079+0000] {python.py:72} INFO - Poking callable: <function _detect_file at 0x7fe7df0bde50>
[2024-11-25T22:02:44.140+0000] {python.py:72} INFO - Poking callable: <function _detect_file at 0x7fe7df0bde50>
[2024-11-25T22:03:44.196+0000] {python.py:72} INFO - Poking callable: <function _detect_file at 0x7fe7df0bde50>
[2024-11-25T22:04:07.572+0000] {local_task_job_runner.py:294} WARNING - State of this instance has been externally set to restarting. Terminating instance.
[2024-11-25T22:04:07.581+0000] {process_utils.py:131} INFO - Sending 15 to group 226. PIDs of all processes in the group: [226]
[2024-11-25T22:04:07.582+0000] {process_utils.py:86} INFO - Sending the signal 15 to group 226
[2024-11-25T22:04:07.582+0000] {taskinstance.py:1632} ERROR - Received SIGTERM. Terminating subprocesses.
[2024-11-25T22:04:07.614+0000] {taskinstance.py:1937} ERROR - Task failed with exception
Traceback (most recent call last):
  File "/home/airflow/.local/lib/python3.8/site-packages/airflow/sensors/base.py", line 285, in execute
    time.sleep(self._get_next_poke_interval(started_at, run_duration, try_number))
  File "/home/airflow/.local/lib/python3.8/site-packages/airflow/models/taskinstance.py", line 1634, in signal_handler
    raise AirflowException("Task received SIGTERM signal")
airflow.exceptions.AirflowException: Task received SIGTERM signal
[2024-11-25T22:04:07.625+0000] {taskinstance.py:1400} INFO - Marking task as UP_FOR_RETRY. dag_id=drift_detection_dag, task_id=detect_file, execution_date=20241125T213830, start_date=20241125T213842, end_date=20241125T220407
[2024-11-25T22:04:07.657+0000] {standard_task_runner.py:104} ERROR - Failed to execute job 4 for task detect_file (Task received SIGTERM signal; 226)
[2024-11-25T22:04:07.715+0000] {process_utils.py:79} INFO - Process psutil.Process(pid=226, status='terminated', exitcode=1, started='21:38:41') (226) terminated with exit code 1
