[2024-11-26T16:00:07.930+0000] {taskinstance.py:1159} INFO - Dependencies all met for dep_context=non-requeueable deps ti=<TaskInstance: drift_detection_dag.detect_file scheduled__2024-11-25T16:00:00+00:00 [queued]>
[2024-11-26T16:00:07.945+0000] {taskinstance.py:1159} INFO - Dependencies all met for dep_context=requeueable deps ti=<TaskInstance: drift_detection_dag.detect_file scheduled__2024-11-25T16:00:00+00:00 [queued]>
[2024-11-26T16:00:07.946+0000] {taskinstance.py:1361} INFO - Starting attempt 1 of 1
[2024-11-26T16:00:07.970+0000] {taskinstance.py:1382} INFO - Executing <Task(PythonSensor): detect_file> on 2024-11-25 16:00:00+00:00
[2024-11-26T16:00:07.982+0000] {standard_task_runner.py:57} INFO - Started process 466 to run task
[2024-11-26T16:00:07.987+0000] {standard_task_runner.py:84} INFO - Running: ['***', 'tasks', 'run', 'drift_detection_dag', 'detect_file', 'scheduled__2024-11-25T16:00:00+00:00', '--job-id', '12', '--raw', '--subdir', 'DAGS_FOLDER/drift-detection.py', '--cfg-path', '/tmp/tmpr3ga88kk']
[2024-11-26T16:00:07.992+0000] {standard_task_runner.py:85} INFO - Job 12: Subtask detect_file
[2024-11-26T16:00:08.080+0000] {task_command.py:416} INFO - Running <TaskInstance: drift_detection_dag.detect_file scheduled__2024-11-25T16:00:00+00:00 [running]> on host e76aaec22df7
[2024-11-26T16:00:08.196+0000] {taskinstance.py:1662} INFO - Exporting env vars: AIRFLOW_CTX_DAG_OWNER='***' AIRFLOW_CTX_DAG_ID='drift_detection_dag' AIRFLOW_CTX_TASK_ID='detect_file' AIRFLOW_CTX_EXECUTION_DATE='2024-11-25T16:00:00+00:00' AIRFLOW_CTX_TRY_NUMBER='1' AIRFLOW_CTX_DAG_RUN_ID='scheduled__2024-11-25T16:00:00+00:00'
[2024-11-26T16:00:08.198+0000] {python.py:72} INFO - Poking callable: <function _detect_file at 0x7f2f21795dc0>
[2024-11-26T16:00:08.223+0000] {base.py:287} INFO - Success criteria met. Exiting.
[2024-11-26T16:00:08.238+0000] {taskinstance.py:1400} INFO - Marking task as SUCCESS. dag_id=drift_detection_dag, task_id=detect_file, execution_date=20241125T160000, start_date=20241126T160007, end_date=20241126T160008
[2024-11-26T16:00:08.320+0000] {local_task_job_runner.py:228} INFO - Task exited with return code 0
[2024-11-26T16:00:08.382+0000] {taskinstance.py:2778} INFO - 1 downstream tasks scheduled from follow-on schedule check
[2024-11-26T18:43:05.271+0000] {taskinstance.py:1159} INFO - Dependencies all met for dep_context=non-requeueable deps ti=<TaskInstance: drift_detection_dag.detect_file scheduled__2024-11-25T16:00:00+00:00 [queued]>
[2024-11-26T18:43:05.301+0000] {taskinstance.py:1159} INFO - Dependencies all met for dep_context=requeueable deps ti=<TaskInstance: drift_detection_dag.detect_file scheduled__2024-11-25T16:00:00+00:00 [queued]>
[2024-11-26T18:43:05.306+0000] {taskinstance.py:1361} INFO - Starting attempt 1 of 1
[2024-11-26T18:43:05.343+0000] {taskinstance.py:1382} INFO - Executing <Task(PythonSensor): detect_file> on 2024-11-25 16:00:00+00:00
[2024-11-26T18:43:05.360+0000] {standard_task_runner.py:57} INFO - Started process 227 to run task
[2024-11-26T18:43:05.418+0000] {standard_task_runner.py:84} INFO - Running: ['***', 'tasks', 'run', 'drift_detection_dag', 'detect_file', 'scheduled__2024-11-25T16:00:00+00:00', '--job-id', '4', '--raw', '--subdir', 'DAGS_FOLDER/drift-detection.py', '--cfg-path', '/tmp/tmpkv1fvkm7']
[2024-11-26T18:43:05.484+0000] {standard_task_runner.py:85} INFO - Job 4: Subtask detect_file
[2024-11-26T18:43:05.843+0000] {task_command.py:416} INFO - Running <TaskInstance: drift_detection_dag.detect_file scheduled__2024-11-25T16:00:00+00:00 [running]> on host 88ce0f125f41
[2024-11-26T18:43:06.085+0000] {taskinstance.py:1662} INFO - Exporting env vars: AIRFLOW_CTX_DAG_OWNER='***' AIRFLOW_CTX_DAG_ID='drift_detection_dag' AIRFLOW_CTX_TASK_ID='detect_file' AIRFLOW_CTX_EXECUTION_DATE='2024-11-25T16:00:00+00:00' AIRFLOW_CTX_TRY_NUMBER='1' AIRFLOW_CTX_DAG_RUN_ID='scheduled__2024-11-25T16:00:00+00:00'
[2024-11-26T18:43:06.090+0000] {python.py:72} INFO - Poking callable: <function _detect_file at 0x7f9f3a4b3310>
[2024-11-26T18:43:06.154+0000] {base.py:287} INFO - Success criteria met. Exiting.
[2024-11-26T18:43:06.229+0000] {taskinstance.py:1400} INFO - Marking task as SUCCESS. dag_id=drift_detection_dag, task_id=detect_file, execution_date=20241125T160000, start_date=20241126T184305, end_date=20241126T184306
[2024-11-26T18:43:06.342+0000] {local_task_job_runner.py:228} INFO - Task exited with return code 0
[2024-11-26T18:43:06.431+0000] {taskinstance.py:2778} INFO - 1 downstream tasks scheduled from follow-on schedule check
