[2024-01-24 15:35:21,052] {taskinstance.py:1159} INFO - Dependencies all met for <TaskInstance: monitoring_dag.detect_data_drift manual__2024-01-24T15:35:17.555367+00:00 [queued]>
[2024-01-24 15:35:21,065] {taskinstance.py:1159} INFO - Dependencies all met for <TaskInstance: monitoring_dag.detect_data_drift manual__2024-01-24T15:35:17.555367+00:00 [queued]>
[2024-01-24 15:35:21,066] {taskinstance.py:1356} INFO - 
--------------------------------------------------------------------------------
[2024-01-24 15:35:21,066] {taskinstance.py:1357} INFO - Starting attempt 1 of 6
[2024-01-24 15:35:21,066] {taskinstance.py:1358} INFO - 
--------------------------------------------------------------------------------
[2024-01-24 15:35:21,080] {taskinstance.py:1377} INFO - Executing <Task(BranchPythonOperator): detect_data_drift> on 2024-01-24 15:35:17.555367+00:00
[2024-01-24 15:35:21,088] {standard_task_runner.py:52} INFO - Started process 1069 to run task
[2024-01-24 15:35:21,092] {standard_task_runner.py:79} INFO - Running: ['***', 'tasks', 'run', 'monitoring_dag', 'detect_data_drift', 'manual__2024-01-24T15:35:17.555367+00:00', '--job-id', '43', '--raw', '--subdir', 'DAGS_FOLDER/monitoring-dag.py', '--cfg-path', '/tmp/tmpkid_ykko', '--error-file', '/tmp/tmpxnifesnw']
[2024-01-24 15:35:21,093] {standard_task_runner.py:80} INFO - Job 43: Subtask detect_data_drift
[2024-01-24 15:35:21,148] {task_command.py:370} INFO - Running <TaskInstance: monitoring_dag.detect_data_drift manual__2024-01-24T15:35:17.555367+00:00 [running]> on host 7aa566990013
[2024-01-24 15:35:21,210] {taskinstance.py:1571} INFO - Exporting the following env vars:
AIRFLOW_CTX_DAG_OWNER=***
AIRFLOW_CTX_DAG_ID=monitoring_dag
AIRFLOW_CTX_TASK_ID=detect_data_drift
AIRFLOW_CTX_EXECUTION_DATE=2024-01-24T15:35:17.555367+00:00
AIRFLOW_CTX_TRY_NUMBER=1
AIRFLOW_CTX_DAG_RUN_ID=manual__2024-01-24T15:35:17.555367+00:00
[2024-01-24 15:35:21,228] {taskinstance.py:1889} ERROR - Task failed with exception
Traceback (most recent call last):
  File "/home/airflow/.local/lib/python3.7/site-packages/airflow/operators/python.py", line 207, in execute
    branch = super().execute(context)
  File "/home/airflow/.local/lib/python3.7/site-packages/airflow/operators/python.py", line 171, in execute
    return_value = self.execute_callable()
  File "/home/airflow/.local/lib/python3.7/site-packages/airflow/operators/python.py", line 189, in execute_callable
    return self.python_callable(*self.op_args, **self.op_kwargs)
  File "/opt/airflow/dags/monitoring-dag.py", line 60, in _detect_data_drift
    reference, data_logs = _load_files(data_logs_filename)
  File "/opt/airflow/dags/monitoring-dag.py", line 37, in _load_files
    reference = reference.drop(labels="Count", axis=1)
  File "/home/airflow/.local/lib/python3.7/site-packages/pandas/util/_decorators.py", line 311, in wrapper
    return func(*args, **kwargs)
  File "/home/airflow/.local/lib/python3.7/site-packages/pandas/core/frame.py", line 4913, in drop
    errors=errors,
  File "/home/airflow/.local/lib/python3.7/site-packages/pandas/core/generic.py", line 4150, in drop
    obj = obj._drop_axis(labels, axis, level=level, errors=errors)
  File "/home/airflow/.local/lib/python3.7/site-packages/pandas/core/generic.py", line 4185, in _drop_axis
    new_axis = axis.drop(labels, errors=errors)
  File "/home/airflow/.local/lib/python3.7/site-packages/pandas/core/indexes/base.py", line 6017, in drop
    raise KeyError(f"{labels[mask]} not found in axis")
KeyError: "['Count'] not found in axis"
[2024-01-24 15:35:21,241] {taskinstance.py:1400} INFO - Marking task as UP_FOR_RETRY. dag_id=monitoring_dag, task_id=detect_data_drift, execution_date=20240124T153517, start_date=20240124T153521, end_date=20240124T153521
[2024-01-24 15:35:21,251] {standard_task_runner.py:97} ERROR - Failed to execute job 43 for task detect_data_drift ("['Count'] not found in axis"; 1069)
[2024-01-24 15:35:21,264] {local_task_job.py:156} INFO - Task exited with return code 1
[2024-01-24 15:35:21,296] {local_task_job.py:273} INFO - 0 downstream tasks scheduled from follow-on schedule check
