[2024-11-26T00:14:29.619+0000] {taskinstance.py:1159} INFO - Dependencies all met for dep_context=non-requeueable deps ti=<TaskInstance: drift_detection_dag.detect_data_drift manual__2024-11-26T00:14:17.734326+00:00 [queued]>
[2024-11-26T00:14:29.661+0000] {taskinstance.py:1159} INFO - Dependencies all met for dep_context=requeueable deps ti=<TaskInstance: drift_detection_dag.detect_data_drift manual__2024-11-26T00:14:17.734326+00:00 [queued]>
[2024-11-26T00:14:29.661+0000] {taskinstance.py:1361} INFO - Starting attempt 1 of 1
[2024-11-26T00:14:29.764+0000] {taskinstance.py:1382} INFO - Executing <Task(BranchPythonOperator): detect_data_drift> on 2024-11-26 00:14:17.734326+00:00
[2024-11-26T00:14:29.791+0000] {standard_task_runner.py:57} INFO - Started process 4848 to run task
[2024-11-26T00:14:29.797+0000] {standard_task_runner.py:84} INFO - Running: ['***', 'tasks', 'run', 'drift_detection_dag', 'detect_data_drift', 'manual__2024-11-26T00:14:17.734326+00:00', '--job-id', '34', '--raw', '--subdir', 'DAGS_FOLDER/drift-detection.py', '--cfg-path', '/tmp/tmpr596v5do']
[2024-11-26T00:14:29.807+0000] {standard_task_runner.py:85} INFO - Job 34: Subtask detect_data_drift
[2024-11-26T00:14:29.893+0000] {task_command.py:416} INFO - Running <TaskInstance: drift_detection_dag.detect_data_drift manual__2024-11-26T00:14:17.734326+00:00 [running]> on host 7f10b2294d44
[2024-11-26T00:14:30.058+0000] {taskinstance.py:1662} INFO - Exporting env vars: AIRFLOW_CTX_DAG_OWNER='***' AIRFLOW_CTX_DAG_ID='drift_detection_dag' AIRFLOW_CTX_TASK_ID='detect_data_drift' AIRFLOW_CTX_EXECUTION_DATE='2024-11-26T00:14:17.734326+00:00' AIRFLOW_CTX_TRY_NUMBER='1' AIRFLOW_CTX_DAG_RUN_ID='manual__2024-11-26T00:14:17.734326+00:00'
[2024-11-26T00:14:30.076+0000] {taskinstance.py:1937} ERROR - Task failed with exception
Traceback (most recent call last):
  File "/home/airflow/.local/lib/python3.8/site-packages/airflow/operators/python.py", line 226, in execute
    branch = super().execute(context)
  File "/home/airflow/.local/lib/python3.8/site-packages/airflow/operators/python.py", line 192, in execute
    return_value = self.execute_callable()
  File "/home/airflow/.local/lib/python3.8/site-packages/airflow/operators/python.py", line 209, in execute_callable
    return self.python_callable(*self.op_args, **self.op_kwargs)
  File "/opt/airflow/dags/drift-detection.py", line 63, in _detect_data_drift
    reference, data_logs = _load_files(data_logs_filename)
  File "/opt/airflow/dags/drift-detection.py", line 37, in _load_files
    reference = reference.select_dtypes(include="number") # We keep only numbers
AttributeError: 'list' object has no attribute 'select_dtypes'
[2024-11-26T00:14:30.092+0000] {taskinstance.py:1400} INFO - Marking task as FAILED. dag_id=drift_detection_dag, task_id=detect_data_drift, execution_date=20241126T001417, start_date=20241126T001429, end_date=20241126T001430
[2024-11-26T00:14:30.112+0000] {standard_task_runner.py:104} ERROR - Failed to execute job 34 for task detect_data_drift ('list' object has no attribute 'select_dtypes'; 4848)
[2024-11-26T00:14:30.172+0000] {local_task_job_runner.py:228} INFO - Task exited with return code 1
[2024-11-26T00:14:30.219+0000] {taskinstance.py:2778} INFO - 0 downstream tasks scheduled from follow-on schedule check
