[2024-01-24 15:17:25,532] {taskinstance.py:1159} INFO - Dependencies all met for <TaskInstance: monitoring_dag.detect_file manual__2024-01-24T15:17:22.736757+00:00 [queued]>
[2024-01-24 15:17:25,540] {taskinstance.py:1159} INFO - Dependencies all met for <TaskInstance: monitoring_dag.detect_file manual__2024-01-24T15:17:22.736757+00:00 [queued]>
[2024-01-24 15:17:25,540] {taskinstance.py:1356} INFO - 
--------------------------------------------------------------------------------
[2024-01-24 15:17:25,541] {taskinstance.py:1357} INFO - Starting attempt 1 of 6
[2024-01-24 15:17:25,541] {taskinstance.py:1358} INFO - 
--------------------------------------------------------------------------------
[2024-01-24 15:17:25,551] {taskinstance.py:1377} INFO - Executing <Task(PythonSensor): detect_file> on 2024-01-24 15:17:22.736757+00:00
[2024-01-24 15:17:25,556] {standard_task_runner.py:52} INFO - Started process 90 to run task
[2024-01-24 15:17:25,560] {standard_task_runner.py:79} INFO - Running: ['***', 'tasks', 'run', 'monitoring_dag', 'detect_file', 'manual__2024-01-24T15:17:22.736757+00:00', '--job-id', '5', '--raw', '--subdir', 'DAGS_FOLDER/monitoring-dag.py', '--cfg-path', '/tmp/tmpb_9rpi13', '--error-file', '/tmp/tmpbmb288jl']
[2024-01-24 15:17:25,562] {standard_task_runner.py:80} INFO - Job 5: Subtask detect_file
[2024-01-24 15:17:25,608] {task_command.py:370} INFO - Running <TaskInstance: monitoring_dag.detect_file manual__2024-01-24T15:17:22.736757+00:00 [running]> on host 7aa566990013
[2024-01-24 15:17:25,661] {taskinstance.py:1571} INFO - Exporting the following env vars:
AIRFLOW_CTX_DAG_OWNER=***
AIRFLOW_CTX_DAG_ID=monitoring_dag
AIRFLOW_CTX_TASK_ID=detect_file
AIRFLOW_CTX_EXECUTION_DATE=2024-01-24T15:17:22.736757+00:00
AIRFLOW_CTX_TRY_NUMBER=1
AIRFLOW_CTX_DAG_RUN_ID=manual__2024-01-24T15:17:22.736757+00:00
[2024-01-24 15:17:25,662] {python.py:66} INFO - Poking callable: <function _detect_file at 0x7fae72f44cb0>
[2024-01-24 15:18:25,701] {python.py:66} INFO - Poking callable: <function _detect_file at 0x7fae72f44cb0>
[2024-01-24 15:19:25,762] {python.py:66} INFO - Poking callable: <function _detect_file at 0x7fae72f44cb0>
[2024-01-24 15:20:25,777] {python.py:66} INFO - Poking callable: <function _detect_file at 0x7fae72f44cb0>
[2024-01-24 15:20:25,793] {base.py:301} INFO - Success criteria met. Exiting.
[2024-01-24 15:20:25,802] {taskinstance.py:1400} INFO - Marking task as SUCCESS. dag_id=monitoring_dag, task_id=detect_file, execution_date=20240124T151722, start_date=20240124T151725, end_date=20240124T152025
[2024-01-24 15:20:25,830] {local_task_job.py:156} INFO - Task exited with return code 0
[2024-01-24 15:20:25,857] {local_task_job.py:273} INFO - 1 downstream tasks scheduled from follow-on schedule check
