[2024-11-27T13:30:29.982+0000] {taskinstance.py:1159} INFO - Dependencies all met for dep_context=non-requeueable deps ti=<TaskInstance: drift_detection_dag.data_drift_detected manual__2024-11-27T13:30:07.375450+00:00 [queued]>
[2024-11-27T13:30:29.996+0000] {taskinstance.py:1159} INFO - Dependencies all met for dep_context=requeueable deps ti=<TaskInstance: drift_detection_dag.data_drift_detected manual__2024-11-27T13:30:07.375450+00:00 [queued]>
[2024-11-27T13:30:29.997+0000] {taskinstance.py:1361} INFO - Starting attempt 1 of 1
[2024-11-27T13:30:30.023+0000] {taskinstance.py:1382} INFO - Executing <Task(PythonOperator): data_drift_detected> on 2024-11-27 13:30:07.375450+00:00
[2024-11-27T13:30:30.116+0000] {standard_task_runner.py:57} INFO - Started process 35310 to run task
[2024-11-27T13:30:30.122+0000] {standard_task_runner.py:84} INFO - Running: ['***', 'tasks', 'run', 'drift_detection_dag', 'data_drift_detected', 'manual__2024-11-27T13:30:07.375450+00:00', '--job-id', '33', '--raw', '--subdir', 'DAGS_FOLDER/drift-detection.py', '--cfg-path', '/tmp/tmpmtlz95vx']
[2024-11-27T13:30:30.127+0000] {standard_task_runner.py:85} INFO - Job 33: Subtask data_drift_detected
[2024-11-27T13:30:30.196+0000] {task_command.py:416} INFO - Running <TaskInstance: drift_detection_dag.data_drift_detected manual__2024-11-27T13:30:07.375450+00:00 [running]> on host 88ce0f125f41
[2024-11-27T13:30:30.316+0000] {taskinstance.py:1662} INFO - Exporting env vars: AIRFLOW_CTX_DAG_OWNER='***' AIRFLOW_CTX_DAG_ID='drift_detection_dag' AIRFLOW_CTX_TASK_ID='data_drift_detected' AIRFLOW_CTX_EXECUTION_DATE='2024-11-27T13:30:07.375450+00:00' AIRFLOW_CTX_TRY_NUMBER='1' AIRFLOW_CTX_DAG_RUN_ID='manual__2024-11-27T13:30:07.375450+00:00'
[2024-11-27T13:30:30.410+0000] {warnings.py:109} WARNING - /home/***/.local/lib/python3.8/site-packages/numpy/lib/function_base.py:2854: RuntimeWarning: invalid value encountered in divide
  c /= stddev[:, None]

[2024-11-27T13:30:30.411+0000] {warnings.py:109} WARNING - /home/***/.local/lib/python3.8/site-packages/numpy/lib/function_base.py:2855: RuntimeWarning: invalid value encountered in divide
  c /= stddev[None, :]

[2024-11-27T13:30:30.417+0000] {warnings.py:109} WARNING - /home/***/.local/lib/python3.8/site-packages/numpy/lib/function_base.py:2854: RuntimeWarning: invalid value encountered in divide
  c /= stddev[:, None]

[2024-11-27T13:30:30.420+0000] {warnings.py:109} WARNING - /home/***/.local/lib/python3.8/site-packages/numpy/lib/function_base.py:2855: RuntimeWarning: invalid value encountered in divide
  c /= stddev[None, :]

[2024-11-27T13:30:30.616+0000] {warnings.py:109} WARNING - /home/***/.local/lib/python3.8/site-packages/numpy/lib/function_base.py:2854: RuntimeWarning: invalid value encountered in divide
  c /= stddev[:, None]

[2024-11-27T13:30:30.617+0000] {warnings.py:109} WARNING - /home/***/.local/lib/python3.8/site-packages/numpy/lib/function_base.py:2855: RuntimeWarning: invalid value encountered in divide
  c /= stddev[None, :]

[2024-11-27T13:30:30.621+0000] {warnings.py:109} WARNING - /home/***/.local/lib/python3.8/site-packages/numpy/lib/function_base.py:2854: RuntimeWarning: invalid value encountered in divide
  c /= stddev[:, None]

[2024-11-27T13:30:30.622+0000] {warnings.py:109} WARNING - /home/***/.local/lib/python3.8/site-packages/numpy/lib/function_base.py:2855: RuntimeWarning: invalid value encountered in divide
  c /= stddev[None, :]

[2024-11-27T13:30:30.855+0000] {python.py:194} INFO - Done. Returned value was: None
[2024-11-27T13:30:30.867+0000] {taskinstance.py:1400} INFO - Marking task as SUCCESS. dag_id=drift_detection_dag, task_id=data_drift_detected, execution_date=20241127T133007, start_date=20241127T133029, end_date=20241127T133030
[2024-11-27T13:30:30.941+0000] {local_task_job_runner.py:228} INFO - Task exited with return code 0
[2024-11-27T13:30:30.980+0000] {taskinstance.py:2778} INFO - 1 downstream tasks scheduled from follow-on schedule check
