[2024-11-25T21:42:47.072+0000] {taskinstance.py:1159} INFO - Dependencies all met for dep_context=non-requeueable deps ti=<TaskInstance: drift_detection_dag.detect_file manual__2024-11-25T21:42:36.691584+00:00 [queued]>
[2024-11-25T21:42:47.092+0000] {taskinstance.py:1159} INFO - Dependencies all met for dep_context=requeueable deps ti=<TaskInstance: drift_detection_dag.detect_file manual__2024-11-25T21:42:36.691584+00:00 [queued]>
[2024-11-25T21:42:47.093+0000] {taskinstance.py:1361} INFO - Starting attempt 1 of 1
[2024-11-25T21:42:47.126+0000] {taskinstance.py:1382} INFO - Executing <Task(PythonSensor): detect_file> on 2024-11-25 21:42:36.691584+00:00
[2024-11-25T21:42:47.146+0000] {standard_task_runner.py:57} INFO - Started process 377 to run task
[2024-11-25T21:42:47.151+0000] {standard_task_runner.py:84} INFO - Running: ['***', 'tasks', 'run', 'drift_detection_dag', 'detect_file', 'manual__2024-11-25T21:42:36.691584+00:00', '--job-id', '5', '--raw', '--subdir', 'DAGS_FOLDER/drift-detection.py', '--cfg-path', '/tmp/tmp6qmjc26i']
[2024-11-25T21:42:47.160+0000] {standard_task_runner.py:85} INFO - Job 5: Subtask detect_file
[2024-11-25T21:42:47.283+0000] {task_command.py:416} INFO - Running <TaskInstance: drift_detection_dag.detect_file manual__2024-11-25T21:42:36.691584+00:00 [running]> on host 7f10b2294d44
[2024-11-25T21:42:47.471+0000] {taskinstance.py:1662} INFO - Exporting env vars: AIRFLOW_CTX_DAG_OWNER='***' AIRFLOW_CTX_DAG_ID='drift_detection_dag' AIRFLOW_CTX_TASK_ID='detect_file' AIRFLOW_CTX_EXECUTION_DATE='2024-11-25T21:42:36.691584+00:00' AIRFLOW_CTX_TRY_NUMBER='1' AIRFLOW_CTX_DAG_RUN_ID='manual__2024-11-25T21:42:36.691584+00:00'
[2024-11-25T21:42:47.477+0000] {python.py:72} INFO - Poking callable: <function _detect_file at 0x7fe7e1956ca0>
[2024-11-25T21:43:47.535+0000] {python.py:72} INFO - Poking callable: <function _detect_file at 0x7fe7e1956ca0>
[2024-11-25T21:44:47.592+0000] {python.py:72} INFO - Poking callable: <function _detect_file at 0x7fe7e1956ca0>
[2024-11-25T21:45:47.653+0000] {python.py:72} INFO - Poking callable: <function _detect_file at 0x7fe7e1956ca0>
[2024-11-25T21:46:47.710+0000] {python.py:72} INFO - Poking callable: <function _detect_file at 0x7fe7e1956ca0>
[2024-11-25T21:47:47.772+0000] {python.py:72} INFO - Poking callable: <function _detect_file at 0x7fe7e1956ca0>
[2024-11-25T21:48:47.826+0000] {python.py:72} INFO - Poking callable: <function _detect_file at 0x7fe7e1956ca0>
[2024-11-25T21:49:47.875+0000] {python.py:72} INFO - Poking callable: <function _detect_file at 0x7fe7e1956ca0>
[2024-11-25T21:50:47.934+0000] {python.py:72} INFO - Poking callable: <function _detect_file at 0x7fe7e1956ca0>
[2024-11-25T21:51:47.976+0000] {python.py:72} INFO - Poking callable: <function _detect_file at 0x7fe7e1956ca0>
[2024-11-25T21:52:48.031+0000] {python.py:72} INFO - Poking callable: <function _detect_file at 0x7fe7e1956ca0>
[2024-11-25T21:53:48.071+0000] {python.py:72} INFO - Poking callable: <function _detect_file at 0x7fe7e1956ca0>
[2024-11-25T21:54:48.131+0000] {python.py:72} INFO - Poking callable: <function _detect_file at 0x7fe7e1956ca0>
[2024-11-25T21:55:48.152+0000] {python.py:72} INFO - Poking callable: <function _detect_file at 0x7fe7e1956ca0>
[2024-11-25T21:56:48.215+0000] {python.py:72} INFO - Poking callable: <function _detect_file at 0x7fe7e1956ca0>
[2024-11-25T21:57:48.269+0000] {python.py:72} INFO - Poking callable: <function _detect_file at 0x7fe7e1956ca0>
[2024-11-25T21:58:48.317+0000] {python.py:72} INFO - Poking callable: <function _detect_file at 0x7fe7e1956ca0>
[2024-11-25T21:59:48.377+0000] {python.py:72} INFO - Poking callable: <function _detect_file at 0x7fe7e1956ca0>
[2024-11-25T22:00:48.440+0000] {python.py:72} INFO - Poking callable: <function _detect_file at 0x7fe7e1956ca0>
[2024-11-25T22:01:48.505+0000] {python.py:72} INFO - Poking callable: <function _detect_file at 0x7fe7e1956ca0>
[2024-11-25T22:02:48.559+0000] {python.py:72} INFO - Poking callable: <function _detect_file at 0x7fe7e1956ca0>
[2024-11-25T22:03:48.604+0000] {python.py:72} INFO - Poking callable: <function _detect_file at 0x7fe7e1956ca0>
[2024-11-25T22:04:04.924+0000] {local_task_job_runner.py:294} WARNING - State of this instance has been externally set to restarting. Terminating instance.
[2024-11-25T22:04:04.931+0000] {process_utils.py:131} INFO - Sending 15 to group 377. PIDs of all processes in the group: [377]
[2024-11-25T22:04:04.932+0000] {process_utils.py:86} INFO - Sending the signal 15 to group 377
[2024-11-25T22:04:04.933+0000] {taskinstance.py:1632} ERROR - Received SIGTERM. Terminating subprocesses.
[2024-11-25T22:04:04.948+0000] {taskinstance.py:1937} ERROR - Task failed with exception
Traceback (most recent call last):
  File "/home/airflow/.local/lib/python3.8/site-packages/airflow/sensors/base.py", line 285, in execute
    time.sleep(self._get_next_poke_interval(started_at, run_duration, try_number))
  File "/home/airflow/.local/lib/python3.8/site-packages/airflow/models/taskinstance.py", line 1634, in signal_handler
    raise AirflowException("Task received SIGTERM signal")
airflow.exceptions.AirflowException: Task received SIGTERM signal
[2024-11-25T22:04:04.955+0000] {taskinstance.py:1400} INFO - Marking task as UP_FOR_RETRY. dag_id=drift_detection_dag, task_id=detect_file, execution_date=20241125T214236, start_date=20241125T214247, end_date=20241125T220404
[2024-11-25T22:04:04.979+0000] {standard_task_runner.py:104} ERROR - Failed to execute job 5 for task detect_file (Task received SIGTERM signal; 377)
[2024-11-25T22:04:05.025+0000] {process_utils.py:79} INFO - Process psutil.Process(pid=377, status='terminated', exitcode=1, started='21:42:46') (377) terminated with exit code 1
