[2024-11-25T22:06:48.932+0000] {taskinstance.py:1159} INFO - Dependencies all met for dep_context=non-requeueable deps ti=<TaskInstance: drift_detection_dag.detect_file manual__2024-11-25T21:42:36.691584+00:00 [queued]>
[2024-11-25T22:06:48.949+0000] {taskinstance.py:1159} INFO - Dependencies all met for dep_context=requeueable deps ti=<TaskInstance: drift_detection_dag.detect_file manual__2024-11-25T21:42:36.691584+00:00 [queued]>
[2024-11-25T22:06:48.950+0000] {taskinstance.py:1361} INFO - Starting attempt 2 of 1
[2024-11-25T22:06:48.978+0000] {taskinstance.py:1382} INFO - Executing <Task(PythonSensor): detect_file> on 2024-11-25 21:42:36.691584+00:00
[2024-11-25T22:06:48.996+0000] {standard_task_runner.py:57} INFO - Started process 112 to run task
[2024-11-25T22:06:49.004+0000] {standard_task_runner.py:84} INFO - Running: ['***', 'tasks', 'run', 'drift_detection_dag', 'detect_file', 'manual__2024-11-25T21:42:36.691584+00:00', '--job-id', '15', '--raw', '--subdir', 'DAGS_FOLDER/drift-detection.py', '--cfg-path', '/tmp/tmpdvsxs2ue']
[2024-11-25T22:06:49.011+0000] {standard_task_runner.py:85} INFO - Job 15: Subtask detect_file
[2024-11-25T22:06:49.104+0000] {task_command.py:416} INFO - Running <TaskInstance: drift_detection_dag.detect_file manual__2024-11-25T21:42:36.691584+00:00 [running]> on host 7f10b2294d44
[2024-11-25T22:06:49.204+0000] {taskinstance.py:1662} INFO - Exporting env vars: AIRFLOW_CTX_DAG_OWNER='***' AIRFLOW_CTX_DAG_ID='drift_detection_dag' AIRFLOW_CTX_TASK_ID='detect_file' AIRFLOW_CTX_EXECUTION_DATE='2024-11-25T21:42:36.691584+00:00' AIRFLOW_CTX_TRY_NUMBER='2' AIRFLOW_CTX_DAG_RUN_ID='manual__2024-11-25T21:42:36.691584+00:00'
[2024-11-25T22:06:49.207+0000] {python.py:72} INFO - Poking callable: <function _detect_file at 0x7f9fab269790>
[2024-11-25T22:07:49.269+0000] {python.py:72} INFO - Poking callable: <function _detect_file at 0x7f9fab269790>
[2024-11-25T22:08:49.326+0000] {python.py:72} INFO - Poking callable: <function _detect_file at 0x7f9fab269790>
[2024-11-25T22:09:25.653+0000] {local_task_job_runner.py:294} WARNING - State of this instance has been externally set to None. Terminating instance.
[2024-11-25T22:09:25.660+0000] {process_utils.py:131} INFO - Sending 15 to group 112. PIDs of all processes in the group: [112]
[2024-11-25T22:09:25.663+0000] {process_utils.py:86} INFO - Sending the signal 15 to group 112
[2024-11-25T22:09:25.664+0000] {taskinstance.py:1632} ERROR - Received SIGTERM. Terminating subprocesses.
[2024-11-25T22:09:25.686+0000] {taskinstance.py:1937} ERROR - Task failed with exception
Traceback (most recent call last):
  File "/home/airflow/.local/lib/python3.8/site-packages/airflow/sensors/base.py", line 285, in execute
    time.sleep(self._get_next_poke_interval(started_at, run_duration, try_number))
  File "/home/airflow/.local/lib/python3.8/site-packages/airflow/models/taskinstance.py", line 1634, in signal_handler
    raise AirflowException("Task received SIGTERM signal")
airflow.exceptions.AirflowException: Task received SIGTERM signal
[2024-11-25T22:09:25.697+0000] {taskinstance.py:1400} INFO - Marking task as FAILED. dag_id=drift_detection_dag, task_id=detect_file, execution_date=20241125T214236, start_date=20241125T220648, end_date=20241125T220925
[2024-11-25T22:09:25.726+0000] {standard_task_runner.py:104} ERROR - Failed to execute job 15 for task detect_file ((psycopg2.errors.ForeignKeyViolation) insert or update on table "task_fail" violates foreign key constraint "task_fail_ti_fkey"
DETAIL:  Key (dag_id, task_id, run_id, map_index)=(drift_detection_dag, detect_file, manual__2024-11-25T21:42:36.691584+00:00, -1) is not present in table "task_instance".

[SQL: INSERT INTO task_fail (task_id, dag_id, run_id, map_index, start_date, end_date, duration) VALUES (%(task_id)s, %(dag_id)s, %(run_id)s, %(map_index)s, %(start_date)s, %(end_date)s, %(duration)s) RETURNING task_fail.id]
[parameters: {'task_id': 'detect_file', 'dag_id': 'drift_detection_dag', 'run_id': 'manual__2024-11-25T21:42:36.691584+00:00', 'map_index': -1, 'start_date': datetime.datetime(2024, 11, 25, 22, 6, 48, 933674, tzinfo=Timezone('UTC')), 'end_date': datetime.datetime(2024, 11, 25, 22, 9, 25, 695884, tzinfo=Timezone('UTC')), 'duration': 156}]
(Background on this error at: https://sqlalche.me/e/14/gkpj); 112)
[2024-11-25T22:09:25.799+0000] {process_utils.py:79} INFO - Process psutil.Process(pid=112, status='terminated', exitcode=1, started='22:06:48') (112) terminated with exit code 1
