[2024-11-25T23:26:03.939+0000] {taskinstance.py:1159} INFO - Dependencies all met for dep_context=non-requeueable deps ti=<TaskInstance: drift_detection_dag.detect_file manual__2024-11-25T22:10:11.370344+00:00 [queued]>
[2024-11-25T23:26:03.957+0000] {taskinstance.py:1159} INFO - Dependencies all met for dep_context=requeueable deps ti=<TaskInstance: drift_detection_dag.detect_file manual__2024-11-25T22:10:11.370344+00:00 [queued]>
[2024-11-25T23:26:03.957+0000] {taskinstance.py:1361} INFO - Starting attempt 2 of 1
[2024-11-25T23:26:03.975+0000] {taskinstance.py:1382} INFO - Executing <Task(PythonSensor): detect_file> on 2024-11-25 22:10:11.370344+00:00
[2024-11-25T23:26:03.984+0000] {standard_task_runner.py:57} INFO - Started process 3019 to run task
[2024-11-25T23:26:03.990+0000] {standard_task_runner.py:84} INFO - Running: ['***', 'tasks', 'run', 'drift_detection_dag', 'detect_file', 'manual__2024-11-25T22:10:11.370344+00:00', '--job-id', '26', '--raw', '--subdir', 'DAGS_FOLDER/drift-detection.py', '--cfg-path', '/tmp/tmpzijwacy1']
[2024-11-25T23:26:03.994+0000] {standard_task_runner.py:85} INFO - Job 26: Subtask detect_file
[2024-11-25T23:26:04.060+0000] {task_command.py:416} INFO - Running <TaskInstance: drift_detection_dag.detect_file manual__2024-11-25T22:10:11.370344+00:00 [running]> on host 7f10b2294d44
[2024-11-25T23:26:04.187+0000] {taskinstance.py:1662} INFO - Exporting env vars: AIRFLOW_CTX_DAG_OWNER='***' AIRFLOW_CTX_DAG_ID='drift_detection_dag' AIRFLOW_CTX_TASK_ID='detect_file' AIRFLOW_CTX_EXECUTION_DATE='2024-11-25T22:10:11.370344+00:00' AIRFLOW_CTX_TRY_NUMBER='2' AIRFLOW_CTX_DAG_RUN_ID='manual__2024-11-25T22:10:11.370344+00:00'
[2024-11-25T23:26:04.190+0000] {python.py:72} INFO - Poking callable: <function _detect_file at 0x7f9fab268700>
[2024-11-25T23:27:04.249+0000] {python.py:72} INFO - Poking callable: <function _detect_file at 0x7f9fab268700>
[2024-11-25T23:27:24.752+0000] {local_task_job_runner.py:294} WARNING - State of this instance has been externally set to None. Terminating instance.
[2024-11-25T23:27:24.757+0000] {process_utils.py:131} INFO - Sending 15 to group 3019. PIDs of all processes in the group: [3019]
[2024-11-25T23:27:24.758+0000] {process_utils.py:86} INFO - Sending the signal 15 to group 3019
[2024-11-25T23:27:24.759+0000] {taskinstance.py:1632} ERROR - Received SIGTERM. Terminating subprocesses.
[2024-11-25T23:27:24.774+0000] {taskinstance.py:1937} ERROR - Task failed with exception
Traceback (most recent call last):
  File "/home/airflow/.local/lib/python3.8/site-packages/airflow/sensors/base.py", line 285, in execute
    time.sleep(self._get_next_poke_interval(started_at, run_duration, try_number))
  File "/home/airflow/.local/lib/python3.8/site-packages/airflow/models/taskinstance.py", line 1634, in signal_handler
    raise AirflowException("Task received SIGTERM signal")
airflow.exceptions.AirflowException: Task received SIGTERM signal
[2024-11-25T23:27:24.781+0000] {taskinstance.py:1400} INFO - Marking task as FAILED. dag_id=drift_detection_dag, task_id=detect_file, execution_date=20241125T221011, start_date=20241125T232603, end_date=20241125T232724
[2024-11-25T23:27:24.812+0000] {standard_task_runner.py:104} ERROR - Failed to execute job 26 for task detect_file ((psycopg2.errors.ForeignKeyViolation) insert or update on table "task_fail" violates foreign key constraint "task_fail_ti_fkey"
DETAIL:  Key (dag_id, task_id, run_id, map_index)=(drift_detection_dag, detect_file, manual__2024-11-25T22:10:11.370344+00:00, -1) is not present in table "task_instance".

[SQL: INSERT INTO task_fail (task_id, dag_id, run_id, map_index, start_date, end_date, duration) VALUES (%(task_id)s, %(dag_id)s, %(run_id)s, %(map_index)s, %(start_date)s, %(end_date)s, %(duration)s) RETURNING task_fail.id]
[parameters: {'task_id': 'detect_file', 'dag_id': 'drift_detection_dag', 'run_id': 'manual__2024-11-25T22:10:11.370344+00:00', 'map_index': -1, 'start_date': datetime.datetime(2024, 11, 25, 23, 26, 3, 940886, tzinfo=Timezone('UTC')), 'end_date': datetime.datetime(2024, 11, 25, 23, 27, 24, 780595, tzinfo=Timezone('UTC')), 'duration': 80}]
(Background on this error at: https://sqlalche.me/e/14/gkpj); 3019)
[2024-11-25T23:27:24.851+0000] {process_utils.py:79} INFO - Process psutil.Process(pid=3019, status='terminated', exitcode=1, started='23:26:03') (3019) terminated with exit code 1
