[2024-01-24 15:35:19,040] {taskinstance.py:1159} INFO - Dependencies all met for <TaskInstance: monitoring_dag.detect_file manual__2024-01-24T15:35:17.555367+00:00 [queued]>
[2024-01-24 15:35:19,048] {taskinstance.py:1159} INFO - Dependencies all met for <TaskInstance: monitoring_dag.detect_file manual__2024-01-24T15:35:17.555367+00:00 [queued]>
[2024-01-24 15:35:19,049] {taskinstance.py:1356} INFO - 
--------------------------------------------------------------------------------
[2024-01-24 15:35:19,049] {taskinstance.py:1357} INFO - Starting attempt 1 of 6
[2024-01-24 15:35:19,049] {taskinstance.py:1358} INFO - 
--------------------------------------------------------------------------------
[2024-01-24 15:35:19,058] {taskinstance.py:1377} INFO - Executing <Task(PythonSensor): detect_file> on 2024-01-24 15:35:17.555367+00:00
[2024-01-24 15:35:19,063] {standard_task_runner.py:52} INFO - Started process 1066 to run task
[2024-01-24 15:35:19,066] {standard_task_runner.py:79} INFO - Running: ['***', 'tasks', 'run', 'monitoring_dag', 'detect_file', 'manual__2024-01-24T15:35:17.555367+00:00', '--job-id', '42', '--raw', '--subdir', 'DAGS_FOLDER/monitoring-dag.py', '--cfg-path', '/tmp/tmpfldzs_53', '--error-file', '/tmp/tmp77ib_g84']
[2024-01-24 15:35:19,067] {standard_task_runner.py:80} INFO - Job 42: Subtask detect_file
[2024-01-24 15:35:19,103] {task_command.py:370} INFO - Running <TaskInstance: monitoring_dag.detect_file manual__2024-01-24T15:35:17.555367+00:00 [running]> on host 7aa566990013
[2024-01-24 15:35:19,150] {taskinstance.py:1571} INFO - Exporting the following env vars:
AIRFLOW_CTX_DAG_OWNER=***
AIRFLOW_CTX_DAG_ID=monitoring_dag
AIRFLOW_CTX_TASK_ID=detect_file
AIRFLOW_CTX_EXECUTION_DATE=2024-01-24T15:35:17.555367+00:00
AIRFLOW_CTX_TRY_NUMBER=1
AIRFLOW_CTX_DAG_RUN_ID=manual__2024-01-24T15:35:17.555367+00:00
[2024-01-24 15:35:19,151] {python.py:66} INFO - Poking callable: <function _detect_file at 0x7fae754bb0e0>
[2024-01-24 15:35:19,164] {base.py:301} INFO - Success criteria met. Exiting.
[2024-01-24 15:35:19,174] {taskinstance.py:1400} INFO - Marking task as SUCCESS. dag_id=monitoring_dag, task_id=detect_file, execution_date=20240124T153517, start_date=20240124T153519, end_date=20240124T153519
[2024-01-24 15:35:19,198] {local_task_job.py:156} INFO - Task exited with return code 0
[2024-01-24 15:35:19,236] {local_task_job.py:273} INFO - 1 downstream tasks scheduled from follow-on schedule check
