[2024-01-24 15:24:22,359] {taskinstance.py:1159} INFO - Dependencies all met for <TaskInstance: monitoring_dag.detect_file manual__2024-01-24T15:24:20.913200+00:00 [queued]>
[2024-01-24 15:24:22,366] {taskinstance.py:1159} INFO - Dependencies all met for <TaskInstance: monitoring_dag.detect_file manual__2024-01-24T15:24:20.913200+00:00 [queued]>
[2024-01-24 15:24:22,366] {taskinstance.py:1356} INFO - 
--------------------------------------------------------------------------------
[2024-01-24 15:24:22,366] {taskinstance.py:1357} INFO - Starting attempt 1 of 6
[2024-01-24 15:24:22,366] {taskinstance.py:1358} INFO - 
--------------------------------------------------------------------------------
[2024-01-24 15:24:22,376] {taskinstance.py:1377} INFO - Executing <Task(PythonSensor): detect_file> on 2024-01-24 15:24:20.913200+00:00
[2024-01-24 15:24:22,381] {standard_task_runner.py:52} INFO - Started process 461 to run task
[2024-01-24 15:24:22,384] {standard_task_runner.py:79} INFO - Running: ['***', 'tasks', 'run', 'monitoring_dag', 'detect_file', 'manual__2024-01-24T15:24:20.913200+00:00', '--job-id', '15', '--raw', '--subdir', 'DAGS_FOLDER/monitoring-dag.py', '--cfg-path', '/tmp/tmpnwf47vrw', '--error-file', '/tmp/tmpof42c6tn']
[2024-01-24 15:24:22,384] {standard_task_runner.py:80} INFO - Job 15: Subtask detect_file
[2024-01-24 15:24:22,425] {task_command.py:370} INFO - Running <TaskInstance: monitoring_dag.detect_file manual__2024-01-24T15:24:20.913200+00:00 [running]> on host 7aa566990013
[2024-01-24 15:24:22,471] {taskinstance.py:1571} INFO - Exporting the following env vars:
AIRFLOW_CTX_DAG_OWNER=***
AIRFLOW_CTX_DAG_ID=monitoring_dag
AIRFLOW_CTX_TASK_ID=detect_file
AIRFLOW_CTX_EXECUTION_DATE=2024-01-24T15:24:20.913200+00:00
AIRFLOW_CTX_TRY_NUMBER=1
AIRFLOW_CTX_DAG_RUN_ID=manual__2024-01-24T15:24:20.913200+00:00
[2024-01-24 15:24:22,473] {python.py:66} INFO - Poking callable: <function _detect_file at 0x7fae754bb0e0>
[2024-01-24 15:24:22,483] {base.py:301} INFO - Success criteria met. Exiting.
[2024-01-24 15:24:22,492] {taskinstance.py:1400} INFO - Marking task as SUCCESS. dag_id=monitoring_dag, task_id=detect_file, execution_date=20240124T152420, start_date=20240124T152422, end_date=20240124T152422
[2024-01-24 15:24:22,516] {local_task_job.py:156} INFO - Task exited with return code 0
[2024-01-24 15:24:22,557] {local_task_job.py:273} INFO - 1 downstream tasks scheduled from follow-on schedule check
