[2024-01-24 16:00:03,740] {taskinstance.py:1159} INFO - Dependencies all met for <TaskInstance: monitoring_dag.detect_data_drift scheduled__2024-01-23T16:00:00+00:00 [queued]>
[2024-01-24 16:00:03,748] {taskinstance.py:1159} INFO - Dependencies all met for <TaskInstance: monitoring_dag.detect_data_drift scheduled__2024-01-23T16:00:00+00:00 [queued]>
[2024-01-24 16:00:03,748] {taskinstance.py:1356} INFO - 
--------------------------------------------------------------------------------
[2024-01-24 16:00:03,748] {taskinstance.py:1357} INFO - Starting attempt 1 of 1
[2024-01-24 16:00:03,748] {taskinstance.py:1358} INFO - 
--------------------------------------------------------------------------------
[2024-01-24 16:00:03,758] {taskinstance.py:1377} INFO - Executing <Task(BranchPythonOperator): detect_data_drift> on 2024-01-23 16:00:00+00:00
[2024-01-24 16:00:03,762] {standard_task_runner.py:52} INFO - Started process 2377 to run task
[2024-01-24 16:00:03,765] {standard_task_runner.py:79} INFO - Running: ['***', 'tasks', 'run', 'monitoring_dag', 'detect_data_drift', 'scheduled__2024-01-23T16:00:00+00:00', '--job-id', '76', '--raw', '--subdir', 'DAGS_FOLDER/monitoring-dag.py', '--cfg-path', '/tmp/tmpcvc87y17', '--error-file', '/tmp/tmpxi54d28b']
[2024-01-24 16:00:03,766] {standard_task_runner.py:80} INFO - Job 76: Subtask detect_data_drift
[2024-01-24 16:00:03,800] {task_command.py:370} INFO - Running <TaskInstance: monitoring_dag.detect_data_drift scheduled__2024-01-23T16:00:00+00:00 [running]> on host 7aa566990013
[2024-01-24 16:00:03,842] {taskinstance.py:1571} INFO - Exporting the following env vars:
AIRFLOW_CTX_DAG_OWNER=***
AIRFLOW_CTX_DAG_ID=monitoring_dag
AIRFLOW_CTX_TASK_ID=detect_data_drift
AIRFLOW_CTX_EXECUTION_DATE=2024-01-23T16:00:00+00:00
AIRFLOW_CTX_TRY_NUMBER=1
AIRFLOW_CTX_DAG_RUN_ID=scheduled__2024-01-23T16:00:00+00:00
[2024-01-24 16:00:03,998] {python.py:173} INFO - Done. Returned value was: data_drift_detected
[2024-01-24 16:00:03,998] {skipmixin.py:140} INFO - Following branch data_drift_detected
[2024-01-24 16:00:03,999] {skipmixin.py:175} INFO - Skipping tasks ['no_data_drift_detected']
[2024-01-24 16:00:04,036] {taskinstance.py:1400} INFO - Marking task as SUCCESS. dag_id=monitoring_dag, task_id=detect_data_drift, execution_date=20240123T160000, start_date=20240124T160003, end_date=20240124T160004
[2024-01-24 16:00:04,058] {local_task_job.py:156} INFO - Task exited with return code 0
[2024-01-24 16:00:04,085] {local_task_job.py:273} INFO - 1 downstream tasks scheduled from follow-on schedule check
