[2024-01-24 15:38:38,412] {taskinstance.py:1159} INFO - Dependencies all met for <TaskInstance: monitoring_dag.detect_file manual__2024-01-24T15:38:36.527842+00:00 [queued]>
[2024-01-24 15:38:38,419] {taskinstance.py:1159} INFO - Dependencies all met for <TaskInstance: monitoring_dag.detect_file manual__2024-01-24T15:38:36.527842+00:00 [queued]>
[2024-01-24 15:38:38,419] {taskinstance.py:1356} INFO - 
--------------------------------------------------------------------------------
[2024-01-24 15:38:38,420] {taskinstance.py:1357} INFO - Starting attempt 1 of 6
[2024-01-24 15:38:38,420] {taskinstance.py:1358} INFO - 
--------------------------------------------------------------------------------
[2024-01-24 15:38:38,428] {taskinstance.py:1377} INFO - Executing <Task(PythonSensor): detect_file> on 2024-01-24 15:38:36.527842+00:00
[2024-01-24 15:38:38,433] {standard_task_runner.py:52} INFO - Started process 1260 to run task
[2024-01-24 15:38:38,436] {standard_task_runner.py:79} INFO - Running: ['***', 'tasks', 'run', 'monitoring_dag', 'detect_file', 'manual__2024-01-24T15:38:36.527842+00:00', '--job-id', '53', '--raw', '--subdir', 'DAGS_FOLDER/monitoring-dag.py', '--cfg-path', '/tmp/tmp153uws2n', '--error-file', '/tmp/tmpr1iz30b7']
[2024-01-24 15:38:38,437] {standard_task_runner.py:80} INFO - Job 53: Subtask detect_file
[2024-01-24 15:38:38,476] {task_command.py:370} INFO - Running <TaskInstance: monitoring_dag.detect_file manual__2024-01-24T15:38:36.527842+00:00 [running]> on host 7aa566990013
[2024-01-24 15:38:38,522] {taskinstance.py:1571} INFO - Exporting the following env vars:
AIRFLOW_CTX_DAG_OWNER=***
AIRFLOW_CTX_DAG_ID=monitoring_dag
AIRFLOW_CTX_TASK_ID=detect_file
AIRFLOW_CTX_EXECUTION_DATE=2024-01-24T15:38:36.527842+00:00
AIRFLOW_CTX_TRY_NUMBER=1
AIRFLOW_CTX_DAG_RUN_ID=manual__2024-01-24T15:38:36.527842+00:00
[2024-01-24 15:38:38,523] {python.py:66} INFO - Poking callable: <function _detect_file at 0x7fae754bc0e0>
[2024-01-24 15:38:38,535] {base.py:301} INFO - Success criteria met. Exiting.
[2024-01-24 15:38:38,544] {taskinstance.py:1400} INFO - Marking task as SUCCESS. dag_id=monitoring_dag, task_id=detect_file, execution_date=20240124T153836, start_date=20240124T153838, end_date=20240124T153838
[2024-01-24 15:38:38,568] {local_task_job.py:156} INFO - Task exited with return code 0
[2024-01-24 15:38:38,605] {local_task_job.py:273} INFO - 1 downstream tasks scheduled from follow-on schedule check
