[2024-01-24 16:00:08,194] {taskinstance.py:1159} INFO - Dependencies all met for <TaskInstance: monitoring_dag.clean_file scheduled__2024-01-23T16:00:00+00:00 [queued]>
[2024-01-24 16:00:08,200] {taskinstance.py:1159} INFO - Dependencies all met for <TaskInstance: monitoring_dag.clean_file scheduled__2024-01-23T16:00:00+00:00 [queued]>
[2024-01-24 16:00:08,200] {taskinstance.py:1356} INFO - 
--------------------------------------------------------------------------------
[2024-01-24 16:00:08,200] {taskinstance.py:1357} INFO - Starting attempt 1 of 1
[2024-01-24 16:00:08,200] {taskinstance.py:1358} INFO - 
--------------------------------------------------------------------------------
[2024-01-24 16:00:08,208] {taskinstance.py:1377} INFO - Executing <Task(PythonOperator): clean_file> on 2024-01-23 16:00:00+00:00
[2024-01-24 16:00:08,212] {standard_task_runner.py:52} INFO - Started process 2383 to run task
[2024-01-24 16:00:08,215] {standard_task_runner.py:79} INFO - Running: ['***', 'tasks', 'run', 'monitoring_dag', 'clean_file', 'scheduled__2024-01-23T16:00:00+00:00', '--job-id', '78', '--raw', '--subdir', 'DAGS_FOLDER/monitoring-dag.py', '--cfg-path', '/tmp/tmpqqbg45ix', '--error-file', '/tmp/tmpqns5vkl2']
[2024-01-24 16:00:08,217] {standard_task_runner.py:80} INFO - Job 78: Subtask clean_file
[2024-01-24 16:00:08,254] {task_command.py:370} INFO - Running <TaskInstance: monitoring_dag.clean_file scheduled__2024-01-23T16:00:00+00:00 [running]> on host 7aa566990013
[2024-01-24 16:00:08,305] {taskinstance.py:1571} INFO - Exporting the following env vars:
AIRFLOW_CTX_DAG_OWNER=***
AIRFLOW_CTX_DAG_ID=monitoring_dag
AIRFLOW_CTX_TASK_ID=clean_file
AIRFLOW_CTX_EXECUTION_DATE=2024-01-23T16:00:00+00:00
AIRFLOW_CTX_TRY_NUMBER=1
AIRFLOW_CTX_DAG_RUN_ID=scheduled__2024-01-23T16:00:00+00:00
[2024-01-24 16:00:08,313] {python.py:173} INFO - Done. Returned value was: None
[2024-01-24 16:00:08,322] {taskinstance.py:1400} INFO - Marking task as SUCCESS. dag_id=monitoring_dag, task_id=clean_file, execution_date=20240123T160000, start_date=20240124T160008, end_date=20240124T160008
[2024-01-24 16:00:08,346] {local_task_job.py:156} INFO - Task exited with return code 0
[2024-01-24 16:00:08,371] {local_task_job.py:273} INFO - 1 downstream tasks scheduled from follow-on schedule check
