[2024-11-25T17:49:19.285+0000] {taskinstance.py:1159} INFO - Dependencies all met for dep_context=non-requeueable deps ti=<TaskInstance: drift_detection_dag.detect_file manual__2024-11-25T17:49:10.430172+00:00 [queued]>
[2024-11-25T17:49:19.301+0000] {taskinstance.py:1159} INFO - Dependencies all met for dep_context=requeueable deps ti=<TaskInstance: drift_detection_dag.detect_file manual__2024-11-25T17:49:10.430172+00:00 [queued]>
[2024-11-25T17:49:19.301+0000] {taskinstance.py:1361} INFO - Starting attempt 1 of 1
[2024-11-25T17:49:19.320+0000] {taskinstance.py:1382} INFO - Executing <Task(PythonSensor): detect_file> on 2024-11-25 17:49:10.430172+00:00
[2024-11-25T17:49:19.334+0000] {standard_task_runner.py:57} INFO - Started process 1174 to run task
[2024-11-25T17:49:19.363+0000] {standard_task_runner.py:84} INFO - Running: ['***', 'tasks', 'run', 'drift_detection_dag', 'detect_file', 'manual__2024-11-25T17:49:10.430172+00:00', '--job-id', '5', '--raw', '--subdir', 'DAGS_FOLDER/drift-detection.py', '--cfg-path', '/tmp/tmpw61q0l39']
[2024-11-25T17:49:19.379+0000] {standard_task_runner.py:85} INFO - Job 5: Subtask detect_file
[2024-11-25T17:49:19.483+0000] {task_command.py:416} INFO - Running <TaskInstance: drift_detection_dag.detect_file manual__2024-11-25T17:49:10.430172+00:00 [running]> on host 52f638c944a9
[2024-11-25T17:49:19.639+0000] {taskinstance.py:1662} INFO - Exporting env vars: AIRFLOW_CTX_DAG_OWNER='***' AIRFLOW_CTX_DAG_ID='drift_detection_dag' AIRFLOW_CTX_TASK_ID='detect_file' AIRFLOW_CTX_EXECUTION_DATE='2024-11-25T17:49:10.430172+00:00' AIRFLOW_CTX_TRY_NUMBER='1' AIRFLOW_CTX_DAG_RUN_ID='manual__2024-11-25T17:49:10.430172+00:00'
[2024-11-25T17:49:19.643+0000] {python.py:72} INFO - Poking callable: <function _detect_file at 0x7fc3893edb80>
[2024-11-25T17:50:19.697+0000] {python.py:72} INFO - Poking callable: <function _detect_file at 0x7fc3893edb80>
[2024-11-25T17:51:19.753+0000] {python.py:72} INFO - Poking callable: <function _detect_file at 0x7fc3893edb80>
[2024-11-25T17:52:19.776+0000] {python.py:72} INFO - Poking callable: <function _detect_file at 0x7fc3893edb80>
[2024-11-25T17:53:19.832+0000] {python.py:72} INFO - Poking callable: <function _detect_file at 0x7fc3893edb80>
[2024-11-25T17:54:19.890+0000] {python.py:72} INFO - Poking callable: <function _detect_file at 0x7fc3893edb80>
[2024-11-25T17:55:19.949+0000] {python.py:72} INFO - Poking callable: <function _detect_file at 0x7fc3893edb80>
[2024-11-25T17:56:20.008+0000] {python.py:72} INFO - Poking callable: <function _detect_file at 0x7fc3893edb80>
[2024-11-25T17:57:20.067+0000] {python.py:72} INFO - Poking callable: <function _detect_file at 0x7fc3893edb80>
[2024-11-25T17:58:20.143+0000] {python.py:72} INFO - Poking callable: <function _detect_file at 0x7fc3893edb80>
[2024-11-25T17:59:20.183+0000] {python.py:72} INFO - Poking callable: <function _detect_file at 0x7fc3893edb80>
[2024-11-25T18:00:20.241+0000] {python.py:72} INFO - Poking callable: <function _detect_file at 0x7fc3893edb80>
[2024-11-25T18:01:20.299+0000] {python.py:72} INFO - Poking callable: <function _detect_file at 0x7fc3893edb80>
[2024-11-25T18:02:20.360+0000] {python.py:72} INFO - Poking callable: <function _detect_file at 0x7fc3893edb80>
[2024-11-25T18:03:20.416+0000] {python.py:72} INFO - Poking callable: <function _detect_file at 0x7fc3893edb80>
[2024-11-25T18:04:20.471+0000] {python.py:72} INFO - Poking callable: <function _detect_file at 0x7fc3893edb80>
[2024-11-25T18:05:20.528+0000] {python.py:72} INFO - Poking callable: <function _detect_file at 0x7fc3893edb80>
[2024-11-25T18:06:20.586+0000] {python.py:72} INFO - Poking callable: <function _detect_file at 0x7fc3893edb80>
[2024-11-25T18:07:20.644+0000] {python.py:72} INFO - Poking callable: <function _detect_file at 0x7fc3893edb80>
[2024-11-25T18:08:20.701+0000] {python.py:72} INFO - Poking callable: <function _detect_file at 0x7fc3893edb80>
[2024-11-25T18:09:20.762+0000] {python.py:72} INFO - Poking callable: <function _detect_file at 0x7fc3893edb80>
[2024-11-25T18:10:20.815+0000] {python.py:72} INFO - Poking callable: <function _detect_file at 0x7fc3893edb80>
[2024-11-25T18:11:20.876+0000] {python.py:72} INFO - Poking callable: <function _detect_file at 0x7fc3893edb80>
[2024-11-25T18:12:20.932+0000] {python.py:72} INFO - Poking callable: <function _detect_file at 0x7fc3893edb80>
[2024-11-25T18:13:20.990+0000] {python.py:72} INFO - Poking callable: <function _detect_file at 0x7fc3893edb80>
[2024-11-25T18:14:21.034+0000] {python.py:72} INFO - Poking callable: <function _detect_file at 0x7fc3893edb80>
[2024-11-25T18:15:21.089+0000] {python.py:72} INFO - Poking callable: <function _detect_file at 0x7fc3893edb80>
[2024-11-25T18:16:21.144+0000] {python.py:72} INFO - Poking callable: <function _detect_file at 0x7fc3893edb80>
[2024-11-25T18:17:21.202+0000] {python.py:72} INFO - Poking callable: <function _detect_file at 0x7fc3893edb80>
[2024-11-25T18:18:21.260+0000] {python.py:72} INFO - Poking callable: <function _detect_file at 0x7fc3893edb80>
[2024-11-25T18:19:21.319+0000] {python.py:72} INFO - Poking callable: <function _detect_file at 0x7fc3893edb80>
[2024-11-25T18:20:21.378+0000] {python.py:72} INFO - Poking callable: <function _detect_file at 0x7fc3893edb80>
[2024-11-25T18:21:21.434+0000] {python.py:72} INFO - Poking callable: <function _detect_file at 0x7fc3893edb80>
[2024-11-25T18:22:21.492+0000] {python.py:72} INFO - Poking callable: <function _detect_file at 0x7fc3893edb80>
[2024-11-25T18:23:21.551+0000] {python.py:72} INFO - Poking callable: <function _detect_file at 0x7fc3893edb80>
[2024-11-25T18:24:21.599+0000] {python.py:72} INFO - Poking callable: <function _detect_file at 0x7fc3893edb80>
[2024-11-25T18:25:21.657+0000] {python.py:72} INFO - Poking callable: <function _detect_file at 0x7fc3893edb80>
[2024-11-25T18:26:21.715+0000] {python.py:72} INFO - Poking callable: <function _detect_file at 0x7fc3893edb80>
[2024-11-25T18:27:21.723+0000] {python.py:72} INFO - Poking callable: <function _detect_file at 0x7fc3893edb80>
[2024-11-25T18:28:21.785+0000] {python.py:72} INFO - Poking callable: <function _detect_file at 0x7fc3893edb80>
[2024-11-25T18:29:21.839+0000] {python.py:72} INFO - Poking callable: <function _detect_file at 0x7fc3893edb80>
[2024-11-25T18:30:21.897+0000] {python.py:72} INFO - Poking callable: <function _detect_file at 0x7fc3893edb80>
[2024-11-25T18:31:21.955+0000] {python.py:72} INFO - Poking callable: <function _detect_file at 0x7fc3893edb80>
[2024-11-25T18:32:22.013+0000] {python.py:72} INFO - Poking callable: <function _detect_file at 0x7fc3893edb80>
[2024-11-25T18:33:22.071+0000] {python.py:72} INFO - Poking callable: <function _detect_file at 0x7fc3893edb80>
[2024-11-25T18:34:22.129+0000] {python.py:72} INFO - Poking callable: <function _detect_file at 0x7fc3893edb80>
[2024-11-25T18:35:22.187+0000] {python.py:72} INFO - Poking callable: <function _detect_file at 0x7fc3893edb80>
[2024-11-25T18:36:22.246+0000] {python.py:72} INFO - Poking callable: <function _detect_file at 0x7fc3893edb80>
[2024-11-25T18:37:22.303+0000] {python.py:72} INFO - Poking callable: <function _detect_file at 0x7fc3893edb80>
[2024-11-25T18:38:22.360+0000] {python.py:72} INFO - Poking callable: <function _detect_file at 0x7fc3893edb80>
[2024-11-25T18:39:22.418+0000] {python.py:72} INFO - Poking callable: <function _detect_file at 0x7fc3893edb80>
[2024-11-25T18:40:22.475+0000] {python.py:72} INFO - Poking callable: <function _detect_file at 0x7fc3893edb80>
[2024-11-25T18:41:22.533+0000] {python.py:72} INFO - Poking callable: <function _detect_file at 0x7fc3893edb80>
[2024-11-25T18:42:22.539+0000] {python.py:72} INFO - Poking callable: <function _detect_file at 0x7fc3893edb80>
[2024-11-25T18:43:22.599+0000] {python.py:72} INFO - Poking callable: <function _detect_file at 0x7fc3893edb80>
[2024-11-25T18:44:22.656+0000] {python.py:72} INFO - Poking callable: <function _detect_file at 0x7fc3893edb80>
[2024-11-25T18:45:22.718+0000] {python.py:72} INFO - Poking callable: <function _detect_file at 0x7fc3893edb80>
[2024-11-25T18:46:22.722+0000] {python.py:72} INFO - Poking callable: <function _detect_file at 0x7fc3893edb80>
[2024-11-25T18:47:22.779+0000] {python.py:72} INFO - Poking callable: <function _detect_file at 0x7fc3893edb80>
[2024-11-25T18:48:22.837+0000] {python.py:72} INFO - Poking callable: <function _detect_file at 0x7fc3893edb80>
[2024-11-25T18:49:22.896+0000] {python.py:72} INFO - Poking callable: <function _detect_file at 0x7fc3893edb80>
[2024-11-25T18:50:22.954+0000] {python.py:72} INFO - Poking callable: <function _detect_file at 0x7fc3893edb80>
[2024-11-25T18:51:23.012+0000] {python.py:72} INFO - Poking callable: <function _detect_file at 0x7fc3893edb80>
[2024-11-25T18:52:23.071+0000] {python.py:72} INFO - Poking callable: <function _detect_file at 0x7fc3893edb80>
[2024-11-25T18:53:23.121+0000] {python.py:72} INFO - Poking callable: <function _detect_file at 0x7fc3893edb80>
[2024-11-25T18:54:23.177+0000] {python.py:72} INFO - Poking callable: <function _detect_file at 0x7fc3893edb80>
[2024-11-25T18:55:23.235+0000] {python.py:72} INFO - Poking callable: <function _detect_file at 0x7fc3893edb80>
[2024-11-25T18:56:23.294+0000] {python.py:72} INFO - Poking callable: <function _detect_file at 0x7fc3893edb80>
[2024-11-25T18:57:23.352+0000] {python.py:72} INFO - Poking callable: <function _detect_file at 0x7fc3893edb80>
[2024-11-25T18:58:23.373+0000] {python.py:72} INFO - Poking callable: <function _detect_file at 0x7fc3893edb80>
[2024-11-25T18:59:23.429+0000] {python.py:72} INFO - Poking callable: <function _detect_file at 0x7fc3893edb80>
[2024-11-25T19:00:23.487+0000] {python.py:72} INFO - Poking callable: <function _detect_file at 0x7fc3893edb80>
[2024-11-25T19:01:23.491+0000] {python.py:72} INFO - Poking callable: <function _detect_file at 0x7fc3893edb80>
[2024-11-25T19:02:23.522+0000] {python.py:72} INFO - Poking callable: <function _detect_file at 0x7fc3893edb80>
[2024-11-25T19:03:23.542+0000] {python.py:72} INFO - Poking callable: <function _detect_file at 0x7fc3893edb80>
[2024-11-25T19:04:23.601+0000] {python.py:72} INFO - Poking callable: <function _detect_file at 0x7fc3893edb80>
[2024-11-25T19:05:23.658+0000] {python.py:72} INFO - Poking callable: <function _detect_file at 0x7fc3893edb80>
[2024-11-25T19:06:23.667+0000] {python.py:72} INFO - Poking callable: <function _detect_file at 0x7fc3893edb80>
[2024-11-25T19:07:23.725+0000] {python.py:72} INFO - Poking callable: <function _detect_file at 0x7fc3893edb80>
[2024-11-25T19:08:23.783+0000] {python.py:72} INFO - Poking callable: <function _detect_file at 0x7fc3893edb80>
[2024-11-25T19:09:23.841+0000] {python.py:72} INFO - Poking callable: <function _detect_file at 0x7fc3893edb80>
[2024-11-25T19:10:23.899+0000] {python.py:72} INFO - Poking callable: <function _detect_file at 0x7fc3893edb80>
[2024-11-25T19:11:23.960+0000] {python.py:72} INFO - Poking callable: <function _detect_file at 0x7fc3893edb80>
[2024-11-25T19:12:24.015+0000] {python.py:72} INFO - Poking callable: <function _detect_file at 0x7fc3893edb80>
[2024-11-25T19:13:24.074+0000] {python.py:72} INFO - Poking callable: <function _detect_file at 0x7fc3893edb80>
[2024-11-25T19:14:24.132+0000] {python.py:72} INFO - Poking callable: <function _detect_file at 0x7fc3893edb80>
[2024-11-25T19:15:24.171+0000] {python.py:72} INFO - Poking callable: <function _detect_file at 0x7fc3893edb80>
[2024-11-25T19:16:24.182+0000] {python.py:72} INFO - Poking callable: <function _detect_file at 0x7fc3893edb80>
[2024-11-25T19:17:24.240+0000] {python.py:72} INFO - Poking callable: <function _detect_file at 0x7fc3893edb80>
[2024-11-25T19:18:24.294+0000] {python.py:72} INFO - Poking callable: <function _detect_file at 0x7fc3893edb80>
[2024-11-25T19:19:24.352+0000] {python.py:72} INFO - Poking callable: <function _detect_file at 0x7fc3893edb80>
[2024-11-25T19:20:24.367+0000] {python.py:72} INFO - Poking callable: <function _detect_file at 0x7fc3893edb80>
[2024-11-25T19:21:24.430+0000] {python.py:72} INFO - Poking callable: <function _detect_file at 0x7fc3893edb80>
[2024-11-25T19:22:24.517+0000] {python.py:72} INFO - Poking callable: <function _detect_file at 0x7fc3893edb80>
[2024-11-25T19:23:24.574+0000] {python.py:72} INFO - Poking callable: <function _detect_file at 0x7fc3893edb80>
[2024-11-25T19:24:24.627+0000] {python.py:72} INFO - Poking callable: <function _detect_file at 0x7fc3893edb80>
[2024-11-25T19:25:24.689+0000] {python.py:72} INFO - Poking callable: <function _detect_file at 0x7fc3893edb80>
[2024-11-25T19:26:24.749+0000] {python.py:72} INFO - Poking callable: <function _detect_file at 0x7fc3893edb80>
[2024-11-25T19:27:24.797+0000] {python.py:72} INFO - Poking callable: <function _detect_file at 0x7fc3893edb80>
[2024-11-25T19:28:24.855+0000] {python.py:72} INFO - Poking callable: <function _detect_file at 0x7fc3893edb80>
[2024-11-25T19:29:24.899+0000] {python.py:72} INFO - Poking callable: <function _detect_file at 0x7fc3893edb80>
[2024-11-25T19:30:24.958+0000] {python.py:72} INFO - Poking callable: <function _detect_file at 0x7fc3893edb80>
[2024-11-25T19:31:25.012+0000] {python.py:72} INFO - Poking callable: <function _detect_file at 0x7fc3893edb80>
[2024-11-25T19:32:25.068+0000] {python.py:72} INFO - Poking callable: <function _detect_file at 0x7fc3893edb80>
[2024-11-25T19:33:25.126+0000] {python.py:72} INFO - Poking callable: <function _detect_file at 0x7fc3893edb80>
[2024-11-25T19:34:25.184+0000] {python.py:72} INFO - Poking callable: <function _detect_file at 0x7fc3893edb80>
[2024-11-25T19:35:25.239+0000] {python.py:72} INFO - Poking callable: <function _detect_file at 0x7fc3893edb80>
[2024-11-25T19:36:25.300+0000] {python.py:72} INFO - Poking callable: <function _detect_file at 0x7fc3893edb80>
[2024-11-25T19:37:25.359+0000] {python.py:72} INFO - Poking callable: <function _detect_file at 0x7fc3893edb80>
[2024-11-25T19:38:25.421+0000] {python.py:72} INFO - Poking callable: <function _detect_file at 0x7fc3893edb80>
[2024-11-25T19:39:25.475+0000] {python.py:72} INFO - Poking callable: <function _detect_file at 0x7fc3893edb80>
[2024-11-25T19:40:25.532+0000] {python.py:72} INFO - Poking callable: <function _detect_file at 0x7fc3893edb80>
[2024-11-25T19:41:25.590+0000] {python.py:72} INFO - Poking callable: <function _detect_file at 0x7fc3893edb80>
[2024-11-25T19:42:25.651+0000] {python.py:72} INFO - Poking callable: <function _detect_file at 0x7fc3893edb80>
[2024-11-25T19:43:25.702+0000] {python.py:72} INFO - Poking callable: <function _detect_file at 0x7fc3893edb80>
[2024-11-25T19:44:25.763+0000] {python.py:72} INFO - Poking callable: <function _detect_file at 0x7fc3893edb80>
[2024-11-25T19:45:25.816+0000] {python.py:72} INFO - Poking callable: <function _detect_file at 0x7fc3893edb80>
[2024-11-25T19:46:25.861+0000] {python.py:72} INFO - Poking callable: <function _detect_file at 0x7fc3893edb80>
[2024-11-25T19:47:25.885+0000] {python.py:72} INFO - Poking callable: <function _detect_file at 0x7fc3893edb80>
[2024-11-25T19:48:25.921+0000] {python.py:72} INFO - Poking callable: <function _detect_file at 0x7fc3893edb80>
[2024-11-25T19:49:25.931+0000] {python.py:72} INFO - Poking callable: <function _detect_file at 0x7fc3893edb80>
[2024-11-25T19:50:25.982+0000] {python.py:72} INFO - Poking callable: <function _detect_file at 0x7fc3893edb80>
[2024-11-25T19:51:26.041+0000] {python.py:72} INFO - Poking callable: <function _detect_file at 0x7fc3893edb80>
[2024-11-25T19:52:26.099+0000] {python.py:72} INFO - Poking callable: <function _detect_file at 0x7fc3893edb80>
[2024-11-25T19:53:26.157+0000] {python.py:72} INFO - Poking callable: <function _detect_file at 0x7fc3893edb80>
[2024-11-25T19:54:26.218+0000] {python.py:72} INFO - Poking callable: <function _detect_file at 0x7fc3893edb80>
[2024-11-25T19:55:26.272+0000] {python.py:72} INFO - Poking callable: <function _detect_file at 0x7fc3893edb80>
[2024-11-25T19:56:26.331+0000] {python.py:72} INFO - Poking callable: <function _detect_file at 0x7fc3893edb80>
[2024-11-25T19:57:26.388+0000] {python.py:72} INFO - Poking callable: <function _detect_file at 0x7fc3893edb80>
[2024-11-25T19:58:26.446+0000] {python.py:72} INFO - Poking callable: <function _detect_file at 0x7fc3893edb80>
[2024-11-25T19:59:26.457+0000] {python.py:72} INFO - Poking callable: <function _detect_file at 0x7fc3893edb80>
[2024-11-25T20:00:26.512+0000] {python.py:72} INFO - Poking callable: <function _detect_file at 0x7fc3893edb80>
[2024-11-25T20:01:26.570+0000] {python.py:72} INFO - Poking callable: <function _detect_file at 0x7fc3893edb80>
[2024-11-25T20:02:26.628+0000] {python.py:72} INFO - Poking callable: <function _detect_file at 0x7fc3893edb80>
[2024-11-25T20:03:26.683+0000] {python.py:72} INFO - Poking callable: <function _detect_file at 0x7fc3893edb80>
[2024-11-25T20:04:26.753+0000] {python.py:72} INFO - Poking callable: <function _detect_file at 0x7fc3893edb80>
[2024-11-25T20:05:26.814+0000] {python.py:72} INFO - Poking callable: <function _detect_file at 0x7fc3893edb80>
[2024-11-25T20:06:26.869+0000] {python.py:72} INFO - Poking callable: <function _detect_file at 0x7fc3893edb80>
[2024-11-25T20:07:26.914+0000] {python.py:72} INFO - Poking callable: <function _detect_file at 0x7fc3893edb80>
[2024-11-25T20:08:26.976+0000] {python.py:72} INFO - Poking callable: <function _detect_file at 0x7fc3893edb80>
[2024-11-25T20:09:27.033+0000] {python.py:72} INFO - Poking callable: <function _detect_file at 0x7fc3893edb80>
[2024-11-25T20:10:27.101+0000] {python.py:72} INFO - Poking callable: <function _detect_file at 0x7fc3893edb80>
[2024-11-25T20:11:27.158+0000] {python.py:72} INFO - Poking callable: <function _detect_file at 0x7fc3893edb80>
[2024-11-25T20:12:27.220+0000] {python.py:72} INFO - Poking callable: <function _detect_file at 0x7fc3893edb80>
[2024-11-25T20:13:27.275+0000] {python.py:72} INFO - Poking callable: <function _detect_file at 0x7fc3893edb80>
[2024-11-25T20:14:27.332+0000] {python.py:72} INFO - Poking callable: <function _detect_file at 0x7fc3893edb80>
[2024-11-25T20:15:27.390+0000] {python.py:72} INFO - Poking callable: <function _detect_file at 0x7fc3893edb80>
[2024-11-25T20:16:27.448+0000] {python.py:72} INFO - Poking callable: <function _detect_file at 0x7fc3893edb80>
[2024-11-25T20:17:27.507+0000] {python.py:72} INFO - Poking callable: <function _detect_file at 0x7fc3893edb80>
[2024-11-25T20:18:27.564+0000] {python.py:72} INFO - Poking callable: <function _detect_file at 0x7fc3893edb80>
[2024-11-25T20:39:08.375+0000] {python.py:72} INFO - Poking callable: <function _detect_file at 0x7fc3893edb80>
[2024-11-25T20:39:23.434+0000] {local_task_job_runner.py:294} WARNING - State of this instance has been externally set to failed. Terminating instance.
[2024-11-25T20:39:23.559+0000] {process_utils.py:131} INFO - Sending 15 to group 1174. PIDs of all processes in the group: [1174]
[2024-11-25T20:39:23.563+0000] {process_utils.py:86} INFO - Sending the signal 15 to group 1174
[2024-11-25T20:39:23.568+0000] {taskinstance.py:1632} ERROR - Received SIGTERM. Terminating subprocesses.
[2024-11-25T20:39:24.099+0000] {process_utils.py:79} INFO - Process psutil.Process(pid=1174, status='terminated', exitcode=0, started='17:49:19') (1174) terminated with exit code 0
