[2024-11-26T16:00:15.603+0000] {taskinstance.py:1159} INFO - Dependencies all met for dep_context=non-requeueable deps ti=<TaskInstance: drift_detection_dag.detect_data_drift scheduled__2024-11-25T16:00:00+00:00 [queued]>
[2024-11-26T16:00:15.623+0000] {taskinstance.py:1159} INFO - Dependencies all met for dep_context=requeueable deps ti=<TaskInstance: drift_detection_dag.detect_data_drift scheduled__2024-11-25T16:00:00+00:00 [queued]>
[2024-11-26T16:00:15.624+0000] {taskinstance.py:1361} INFO - Starting attempt 1 of 1
[2024-11-26T16:00:15.651+0000] {taskinstance.py:1382} INFO - Executing <Task(BranchPythonOperator): detect_data_drift> on 2024-11-25 16:00:00+00:00
[2024-11-26T16:00:15.666+0000] {standard_task_runner.py:57} INFO - Started process 494 to run task
[2024-11-26T16:00:15.671+0000] {standard_task_runner.py:84} INFO - Running: ['***', 'tasks', 'run', 'drift_detection_dag', 'detect_data_drift', 'scheduled__2024-11-25T16:00:00+00:00', '--job-id', '14', '--raw', '--subdir', 'DAGS_FOLDER/drift-detection.py', '--cfg-path', '/tmp/tmps55sezje']
[2024-11-26T16:00:15.676+0000] {standard_task_runner.py:85} INFO - Job 14: Subtask detect_data_drift
[2024-11-26T16:00:15.766+0000] {task_command.py:416} INFO - Running <TaskInstance: drift_detection_dag.detect_data_drift scheduled__2024-11-25T16:00:00+00:00 [running]> on host e76aaec22df7
[2024-11-26T16:00:15.906+0000] {taskinstance.py:1662} INFO - Exporting env vars: AIRFLOW_CTX_DAG_OWNER='***' AIRFLOW_CTX_DAG_ID='drift_detection_dag' AIRFLOW_CTX_TASK_ID='detect_data_drift' AIRFLOW_CTX_EXECUTION_DATE='2024-11-25T16:00:00+00:00' AIRFLOW_CTX_TRY_NUMBER='1' AIRFLOW_CTX_DAG_RUN_ID='scheduled__2024-11-25T16:00:00+00:00'
[2024-11-26T16:00:15.996+0000] {warnings.py:109} WARNING - /home/***/.local/lib/python3.8/site-packages/numpy/lib/function_base.py:2854: RuntimeWarning: invalid value encountered in divide
  c /= stddev[:, None]

[2024-11-26T16:00:15.997+0000] {warnings.py:109} WARNING - /home/***/.local/lib/python3.8/site-packages/numpy/lib/function_base.py:2855: RuntimeWarning: invalid value encountered in divide
  c /= stddev[None, :]

[2024-11-26T16:00:16.002+0000] {warnings.py:109} WARNING - /home/***/.local/lib/python3.8/site-packages/numpy/lib/function_base.py:2854: RuntimeWarning: invalid value encountered in divide
  c /= stddev[:, None]

[2024-11-26T16:00:16.003+0000] {warnings.py:109} WARNING - /home/***/.local/lib/python3.8/site-packages/numpy/lib/function_base.py:2855: RuntimeWarning: invalid value encountered in divide
  c /= stddev[None, :]

[2024-11-26T16:00:16.175+0000] {warnings.py:109} WARNING - /home/***/.local/lib/python3.8/site-packages/numpy/lib/function_base.py:2854: RuntimeWarning: invalid value encountered in divide
  c /= stddev[:, None]

[2024-11-26T16:00:16.177+0000] {warnings.py:109} WARNING - /home/***/.local/lib/python3.8/site-packages/numpy/lib/function_base.py:2855: RuntimeWarning: invalid value encountered in divide
  c /= stddev[None, :]

[2024-11-26T16:00:16.183+0000] {warnings.py:109} WARNING - /home/***/.local/lib/python3.8/site-packages/numpy/lib/function_base.py:2854: RuntimeWarning: invalid value encountered in divide
  c /= stddev[:, None]

[2024-11-26T16:00:16.184+0000] {warnings.py:109} WARNING - /home/***/.local/lib/python3.8/site-packages/numpy/lib/function_base.py:2855: RuntimeWarning: invalid value encountered in divide
  c /= stddev[None, :]

[2024-11-26T16:00:16.335+0000] {python.py:194} INFO - Done. Returned value was: data_drift_detected
[2024-11-26T16:00:16.336+0000] {python.py:227} INFO - Branch callable return data_drift_detected
[2024-11-26T16:00:16.336+0000] {skipmixin.py:173} INFO - Following branch data_drift_detected
[2024-11-26T16:00:16.381+0000] {skipmixin.py:239} INFO - Skipping tasks [('no_data_drift_detected', -1)]
[2024-11-26T16:00:16.447+0000] {taskinstance.py:1400} INFO - Marking task as SUCCESS. dag_id=drift_detection_dag, task_id=detect_data_drift, execution_date=20241125T160000, start_date=20241126T160015, end_date=20241126T160016
[2024-11-26T16:00:16.527+0000] {local_task_job_runner.py:228} INFO - Task exited with return code 0
[2024-11-26T16:00:16.582+0000] {taskinstance.py:2778} INFO - 1 downstream tasks scheduled from follow-on schedule check
[2024-11-26T18:43:14.809+0000] {taskinstance.py:1159} INFO - Dependencies all met for dep_context=non-requeueable deps ti=<TaskInstance: drift_detection_dag.detect_data_drift scheduled__2024-11-25T16:00:00+00:00 [queued]>
[2024-11-26T18:43:14.830+0000] {taskinstance.py:1159} INFO - Dependencies all met for dep_context=requeueable deps ti=<TaskInstance: drift_detection_dag.detect_data_drift scheduled__2024-11-25T16:00:00+00:00 [queued]>
[2024-11-26T18:43:14.831+0000] {taskinstance.py:1361} INFO - Starting attempt 1 of 1
[2024-11-26T18:43:14.854+0000] {taskinstance.py:1382} INFO - Executing <Task(BranchPythonOperator): detect_data_drift> on 2024-11-25 16:00:00+00:00
[2024-11-26T18:43:14.870+0000] {standard_task_runner.py:57} INFO - Started process 263 to run task
[2024-11-26T18:43:14.875+0000] {standard_task_runner.py:84} INFO - Running: ['***', 'tasks', 'run', 'drift_detection_dag', 'detect_data_drift', 'scheduled__2024-11-25T16:00:00+00:00', '--job-id', '6', '--raw', '--subdir', 'DAGS_FOLDER/drift-detection.py', '--cfg-path', '/tmp/tmphqdn6puq']
[2024-11-26T18:43:14.879+0000] {standard_task_runner.py:85} INFO - Job 6: Subtask detect_data_drift
[2024-11-26T18:43:14.952+0000] {task_command.py:416} INFO - Running <TaskInstance: drift_detection_dag.detect_data_drift scheduled__2024-11-25T16:00:00+00:00 [running]> on host 88ce0f125f41
[2024-11-26T18:43:15.065+0000] {taskinstance.py:1662} INFO - Exporting env vars: AIRFLOW_CTX_DAG_OWNER='***' AIRFLOW_CTX_DAG_ID='drift_detection_dag' AIRFLOW_CTX_TASK_ID='detect_data_drift' AIRFLOW_CTX_EXECUTION_DATE='2024-11-25T16:00:00+00:00' AIRFLOW_CTX_TRY_NUMBER='1' AIRFLOW_CTX_DAG_RUN_ID='scheduled__2024-11-25T16:00:00+00:00'
[2024-11-26T18:43:15.207+0000] {warnings.py:109} WARNING - /home/***/.local/lib/python3.8/site-packages/numpy/lib/function_base.py:2854: RuntimeWarning: invalid value encountered in divide
  c /= stddev[:, None]

[2024-11-26T18:43:15.208+0000] {warnings.py:109} WARNING - /home/***/.local/lib/python3.8/site-packages/numpy/lib/function_base.py:2855: RuntimeWarning: invalid value encountered in divide
  c /= stddev[None, :]

[2024-11-26T18:43:15.212+0000] {warnings.py:109} WARNING - /home/***/.local/lib/python3.8/site-packages/numpy/lib/function_base.py:2854: RuntimeWarning: invalid value encountered in divide
  c /= stddev[:, None]

[2024-11-26T18:43:15.213+0000] {warnings.py:109} WARNING - /home/***/.local/lib/python3.8/site-packages/numpy/lib/function_base.py:2855: RuntimeWarning: invalid value encountered in divide
  c /= stddev[None, :]

[2024-11-26T18:43:15.364+0000] {warnings.py:109} WARNING - /home/***/.local/lib/python3.8/site-packages/numpy/lib/function_base.py:2854: RuntimeWarning: invalid value encountered in divide
  c /= stddev[:, None]

[2024-11-26T18:43:15.365+0000] {warnings.py:109} WARNING - /home/***/.local/lib/python3.8/site-packages/numpy/lib/function_base.py:2855: RuntimeWarning: invalid value encountered in divide
  c /= stddev[None, :]

[2024-11-26T18:43:15.368+0000] {warnings.py:109} WARNING - /home/***/.local/lib/python3.8/site-packages/numpy/lib/function_base.py:2854: RuntimeWarning: invalid value encountered in divide
  c /= stddev[:, None]

[2024-11-26T18:43:15.369+0000] {warnings.py:109} WARNING - /home/***/.local/lib/python3.8/site-packages/numpy/lib/function_base.py:2855: RuntimeWarning: invalid value encountered in divide
  c /= stddev[None, :]

[2024-11-26T18:43:15.517+0000] {python.py:194} INFO - Done. Returned value was: data_drift_detected
[2024-11-26T18:43:15.517+0000] {python.py:227} INFO - Branch callable return data_drift_detected
[2024-11-26T18:43:15.518+0000] {skipmixin.py:173} INFO - Following branch data_drift_detected
[2024-11-26T18:43:15.557+0000] {skipmixin.py:239} INFO - Skipping tasks [('no_data_drift_detected', -1)]
[2024-11-26T18:43:15.624+0000] {taskinstance.py:1400} INFO - Marking task as SUCCESS. dag_id=drift_detection_dag, task_id=detect_data_drift, execution_date=20241125T160000, start_date=20241126T184314, end_date=20241126T184315
[2024-11-26T18:43:17.341+0000] {local_task_job_runner.py:228} INFO - Task exited with return code 0
[2024-11-26T18:43:17.374+0000] {taskinstance.py:2778} INFO - 0 downstream tasks scheduled from follow-on schedule check
