[2024-11-25T23:17:40.491+0000] {taskinstance.py:1159} INFO - Dependencies all met for dep_context=non-requeueable deps ti=<TaskInstance: drift_detection_dag.clean_file manual__2024-11-25T22:10:11.370344+00:00 [queued]>
[2024-11-25T23:17:40.505+0000] {taskinstance.py:1159} INFO - Dependencies all met for dep_context=requeueable deps ti=<TaskInstance: drift_detection_dag.clean_file manual__2024-11-25T22:10:11.370344+00:00 [queued]>
[2024-11-25T23:17:40.505+0000] {taskinstance.py:1361} INFO - Starting attempt 1 of 1
[2024-11-25T23:17:40.523+0000] {taskinstance.py:1382} INFO - Executing <Task(PythonOperator): clean_file> on 2024-11-25 22:10:11.370344+00:00
[2024-11-25T23:17:40.533+0000] {standard_task_runner.py:57} INFO - Started process 2711 to run task
[2024-11-25T23:17:40.538+0000] {standard_task_runner.py:84} INFO - Running: ['***', 'tasks', 'run', 'drift_detection_dag', 'clean_file', 'manual__2024-11-25T22:10:11.370344+00:00', '--job-id', '24', '--raw', '--subdir', 'DAGS_FOLDER/drift-detection.py', '--cfg-path', '/tmp/tmp77fwj_on']
[2024-11-25T23:17:40.543+0000] {standard_task_runner.py:85} INFO - Job 24: Subtask clean_file
[2024-11-25T23:17:40.613+0000] {task_command.py:416} INFO - Running <TaskInstance: drift_detection_dag.clean_file manual__2024-11-25T22:10:11.370344+00:00 [running]> on host 7f10b2294d44
[2024-11-25T23:17:40.731+0000] {taskinstance.py:1662} INFO - Exporting env vars: AIRFLOW_CTX_DAG_OWNER='***' AIRFLOW_CTX_DAG_ID='drift_detection_dag' AIRFLOW_CTX_TASK_ID='clean_file' AIRFLOW_CTX_EXECUTION_DATE='2024-11-25T22:10:11.370344+00:00' AIRFLOW_CTX_TRY_NUMBER='1' AIRFLOW_CTX_DAG_RUN_ID='manual__2024-11-25T22:10:11.370344+00:00'
[2024-11-25T23:17:40.751+0000] {taskinstance.py:1937} ERROR - Task failed with exception
Traceback (most recent call last):
  File "/home/airflow/.local/lib/python3.8/site-packages/airflow/operators/python.py", line 192, in execute
    return_value = self.execute_callable()
  File "/home/airflow/.local/lib/python3.8/site-packages/airflow/operators/python.py", line 209, in execute_callable
    return self.python_callable(*self.op_args, **self.op_kwargs)
  File "/opt/airflow/dags/drift-detection.py", line 91, in _clean_file
    os.remove(data_logs_filename)
TypeError: remove: path should be string, bytes or os.PathLike, not NoneType
[2024-11-25T23:17:40.768+0000] {taskinstance.py:1400} INFO - Marking task as FAILED. dag_id=drift_detection_dag, task_id=clean_file, execution_date=20241125T221011, start_date=20241125T231740, end_date=20241125T231740
[2024-11-25T23:17:40.788+0000] {standard_task_runner.py:104} ERROR - Failed to execute job 24 for task clean_file (remove: path should be string, bytes or os.PathLike, not NoneType; 2711)
[2024-11-25T23:17:40.831+0000] {local_task_job_runner.py:228} INFO - Task exited with return code 1
[2024-11-25T23:17:40.864+0000] {taskinstance.py:2778} INFO - 0 downstream tasks scheduled from follow-on schedule check
