[2024-01-24 16:00:05,893] {taskinstance.py:1159} INFO - Dependencies all met for <TaskInstance: monitoring_dag.data_drift_detected scheduled__2024-01-23T16:00:00+00:00 [queued]>
[2024-01-24 16:00:05,899] {taskinstance.py:1159} INFO - Dependencies all met for <TaskInstance: monitoring_dag.data_drift_detected scheduled__2024-01-23T16:00:00+00:00 [queued]>
[2024-01-24 16:00:05,900] {taskinstance.py:1356} INFO - 
--------------------------------------------------------------------------------
[2024-01-24 16:00:05,900] {taskinstance.py:1357} INFO - Starting attempt 1 of 1
[2024-01-24 16:00:05,900] {taskinstance.py:1358} INFO - 
--------------------------------------------------------------------------------
[2024-01-24 16:00:05,907] {taskinstance.py:1377} INFO - Executing <Task(PythonOperator): data_drift_detected> on 2024-01-23 16:00:00+00:00
[2024-01-24 16:00:05,911] {standard_task_runner.py:52} INFO - Started process 2380 to run task
[2024-01-24 16:00:05,914] {standard_task_runner.py:79} INFO - Running: ['***', 'tasks', 'run', 'monitoring_dag', 'data_drift_detected', 'scheduled__2024-01-23T16:00:00+00:00', '--job-id', '77', '--raw', '--subdir', 'DAGS_FOLDER/monitoring-dag.py', '--cfg-path', '/tmp/tmpiw8cgkoh', '--error-file', '/tmp/tmpdtspgr49']
[2024-01-24 16:00:05,915] {standard_task_runner.py:80} INFO - Job 77: Subtask data_drift_detected
[2024-01-24 16:00:05,950] {task_command.py:370} INFO - Running <TaskInstance: monitoring_dag.data_drift_detected scheduled__2024-01-23T16:00:00+00:00 [running]> on host 7aa566990013
[2024-01-24 16:00:05,990] {taskinstance.py:1571} INFO - Exporting the following env vars:
AIRFLOW_CTX_DAG_OWNER=***
AIRFLOW_CTX_DAG_ID=monitoring_dag
AIRFLOW_CTX_TASK_ID=data_drift_detected
AIRFLOW_CTX_EXECUTION_DATE=2024-01-23T16:00:00+00:00
AIRFLOW_CTX_TRY_NUMBER=1
AIRFLOW_CTX_DAG_RUN_ID=scheduled__2024-01-23T16:00:00+00:00
[2024-01-24 16:00:06,173] {python.py:173} INFO - Done. Returned value was: None
[2024-01-24 16:00:06,180] {taskinstance.py:1400} INFO - Marking task as SUCCESS. dag_id=monitoring_dag, task_id=data_drift_detected, execution_date=20240123T160000, start_date=20240124T160005, end_date=20240124T160006
[2024-01-24 16:00:06,206] {local_task_job.py:156} INFO - Task exited with return code 0
[2024-01-24 16:00:06,249] {local_task_job.py:273} INFO - 1 downstream tasks scheduled from follow-on schedule check
