[2024-01-24 15:42:31,603] {taskinstance.py:1159} INFO - Dependencies all met for <TaskInstance: monitoring_dag.clean_file manual__2024-01-24T15:42:23.351517+00:00 [queued]>
[2024-01-24 15:42:31,610] {taskinstance.py:1159} INFO - Dependencies all met for <TaskInstance: monitoring_dag.clean_file manual__2024-01-24T15:42:23.351517+00:00 [queued]>
[2024-01-24 15:42:31,610] {taskinstance.py:1356} INFO - 
--------------------------------------------------------------------------------
[2024-01-24 15:42:31,610] {taskinstance.py:1357} INFO - Starting attempt 1 of 1
[2024-01-24 15:42:31,610] {taskinstance.py:1358} INFO - 
--------------------------------------------------------------------------------
[2024-01-24 15:42:31,619] {taskinstance.py:1377} INFO - Executing <Task(PythonOperator): clean_file> on 2024-01-24 15:42:23.351517+00:00
[2024-01-24 15:42:31,625] {standard_task_runner.py:52} INFO - Started process 1507 to run task
[2024-01-24 15:42:31,627] {standard_task_runner.py:79} INFO - Running: ['***', 'tasks', 'run', 'monitoring_dag', 'clean_file', 'manual__2024-01-24T15:42:23.351517+00:00', '--job-id', '73', '--raw', '--subdir', 'DAGS_FOLDER/monitoring-dag.py', '--cfg-path', '/tmp/tmp7vugm2lh', '--error-file', '/tmp/tmp6ztcki8d']
[2024-01-24 15:42:31,628] {standard_task_runner.py:80} INFO - Job 73: Subtask clean_file
[2024-01-24 15:42:31,665] {task_command.py:370} INFO - Running <TaskInstance: monitoring_dag.clean_file manual__2024-01-24T15:42:23.351517+00:00 [running]> on host 7aa566990013
[2024-01-24 15:42:31,712] {taskinstance.py:1571} INFO - Exporting the following env vars:
AIRFLOW_CTX_DAG_OWNER=***
AIRFLOW_CTX_DAG_ID=monitoring_dag
AIRFLOW_CTX_TASK_ID=clean_file
AIRFLOW_CTX_EXECUTION_DATE=2024-01-24T15:42:23.351517+00:00
AIRFLOW_CTX_TRY_NUMBER=1
AIRFLOW_CTX_DAG_RUN_ID=manual__2024-01-24T15:42:23.351517+00:00
[2024-01-24 15:42:31,721] {python.py:173} INFO - Done. Returned value was: None
[2024-01-24 15:42:31,729] {taskinstance.py:1400} INFO - Marking task as SUCCESS. dag_id=monitoring_dag, task_id=clean_file, execution_date=20240124T154223, start_date=20240124T154231, end_date=20240124T154231
[2024-01-24 15:42:31,760] {local_task_job.py:156} INFO - Task exited with return code 0
[2024-01-24 15:42:31,797] {local_task_job.py:273} INFO - 1 downstream tasks scheduled from follow-on schedule check
