[2024-11-25T16:10:46.243+0000] {processor.py:157} INFO - Started process (PID=55) to work on /opt/airflow/dags/drift-detection.py
[2024-11-25T16:10:46.244+0000] {processor.py:829} INFO - Processing file /opt/airflow/dags/drift-detection.py for tasks to queue
[2024-11-25T16:10:46.246+0000] {logging_mixin.py:154} INFO - [2024-11-25T16:10:46.246+0000] {dagbag.py:536} INFO - Filling up the DagBag from /opt/airflow/dags/drift-detection.py
[2024-11-25T16:10:49.295+0000] {logging_mixin.py:154} INFO - [2024-11-25T16:10:49.281+0000] {dagbag.py:346} ERROR - Failed to import: /opt/airflow/dags/drift-detection.py
Traceback (most recent call last):
  File "/home/airflow/.local/lib/python3.8/site-packages/airflow/models/dagbag.py", line 342, in parse
    loader.exec_module(new_module)
  File "<frozen importlib._bootstrap_external>", line 843, in exec_module
  File "<frozen importlib._bootstrap>", line 219, in _call_with_frames_removed
  File "/opt/airflow/dags/drift-detection.py", line 13, in <module>
    from evidently.test_suite import TestSuite
ModuleNotFoundError: No module named 'evidently'
[2024-11-25T16:10:49.300+0000] {processor.py:841} WARNING - No viable dags retrieved from /opt/airflow/dags/drift-detection.py
[2024-11-25T16:10:49.341+0000] {processor.py:179} INFO - Processing /opt/airflow/dags/drift-detection.py took 3.111 seconds
[2024-11-25T16:11:19.641+0000] {processor.py:157} INFO - Started process (PID=73) to work on /opt/airflow/dags/drift-detection.py
[2024-11-25T16:11:19.644+0000] {processor.py:829} INFO - Processing file /opt/airflow/dags/drift-detection.py for tasks to queue
[2024-11-25T16:11:19.648+0000] {logging_mixin.py:154} INFO - [2024-11-25T16:11:19.647+0000] {dagbag.py:536} INFO - Filling up the DagBag from /opt/airflow/dags/drift-detection.py
[2024-11-25T16:11:20.733+0000] {logging_mixin.py:154} INFO - [2024-11-25T16:11:20.727+0000] {dagbag.py:346} ERROR - Failed to import: /opt/airflow/dags/drift-detection.py
Traceback (most recent call last):
  File "/home/airflow/.local/lib/python3.8/site-packages/airflow/models/dagbag.py", line 342, in parse
    loader.exec_module(new_module)
  File "<frozen importlib._bootstrap_external>", line 843, in exec_module
  File "<frozen importlib._bootstrap>", line 219, in _call_with_frames_removed
  File "/opt/airflow/dags/drift-detection.py", line 13, in <module>
    from evidently.test_suite import TestSuite
ModuleNotFoundError: No module named 'evidently'
[2024-11-25T16:11:20.734+0000] {processor.py:841} WARNING - No viable dags retrieved from /opt/airflow/dags/drift-detection.py
[2024-11-25T16:11:20.755+0000] {processor.py:179} INFO - Processing /opt/airflow/dags/drift-detection.py took 1.121 seconds
[2024-11-25T16:11:50.894+0000] {processor.py:157} INFO - Started process (PID=92) to work on /opt/airflow/dags/drift-detection.py
[2024-11-25T16:11:50.895+0000] {processor.py:829} INFO - Processing file /opt/airflow/dags/drift-detection.py for tasks to queue
[2024-11-25T16:11:50.896+0000] {logging_mixin.py:154} INFO - [2024-11-25T16:11:50.895+0000] {dagbag.py:536} INFO - Filling up the DagBag from /opt/airflow/dags/drift-detection.py
[2024-11-25T16:11:51.630+0000] {logging_mixin.py:154} INFO - [2024-11-25T16:11:51.625+0000] {dagbag.py:346} ERROR - Failed to import: /opt/airflow/dags/drift-detection.py
Traceback (most recent call last):
  File "/home/airflow/.local/lib/python3.8/site-packages/airflow/models/dagbag.py", line 342, in parse
    loader.exec_module(new_module)
  File "<frozen importlib._bootstrap_external>", line 843, in exec_module
  File "<frozen importlib._bootstrap>", line 219, in _call_with_frames_removed
  File "/opt/airflow/dags/drift-detection.py", line 13, in <module>
    from evidently.test_suite import TestSuite
ModuleNotFoundError: No module named 'evidently'
[2024-11-25T16:11:51.631+0000] {processor.py:841} WARNING - No viable dags retrieved from /opt/airflow/dags/drift-detection.py
[2024-11-25T16:11:51.650+0000] {processor.py:179} INFO - Processing /opt/airflow/dags/drift-detection.py took 0.761 seconds
[2024-11-25T16:12:21.902+0000] {processor.py:157} INFO - Started process (PID=111) to work on /opt/airflow/dags/drift-detection.py
[2024-11-25T16:12:21.904+0000] {processor.py:829} INFO - Processing file /opt/airflow/dags/drift-detection.py for tasks to queue
[2024-11-25T16:12:21.908+0000] {logging_mixin.py:154} INFO - [2024-11-25T16:12:21.906+0000] {dagbag.py:536} INFO - Filling up the DagBag from /opt/airflow/dags/drift-detection.py
[2024-11-25T16:12:23.152+0000] {logging_mixin.py:154} INFO - [2024-11-25T16:12:23.142+0000] {dagbag.py:346} ERROR - Failed to import: /opt/airflow/dags/drift-detection.py
Traceback (most recent call last):
  File "/home/airflow/.local/lib/python3.8/site-packages/airflow/models/dagbag.py", line 342, in parse
    loader.exec_module(new_module)
  File "<frozen importlib._bootstrap_external>", line 843, in exec_module
  File "<frozen importlib._bootstrap>", line 219, in _call_with_frames_removed
  File "/opt/airflow/dags/drift-detection.py", line 13, in <module>
    from evidently.test_suite import TestSuite
ModuleNotFoundError: No module named 'evidently'
[2024-11-25T16:12:23.160+0000] {processor.py:841} WARNING - No viable dags retrieved from /opt/airflow/dags/drift-detection.py
[2024-11-25T16:12:23.213+0000] {processor.py:179} INFO - Processing /opt/airflow/dags/drift-detection.py took 1.317 seconds
[2024-11-25T16:12:53.439+0000] {processor.py:157} INFO - Started process (PID=128) to work on /opt/airflow/dags/drift-detection.py
[2024-11-25T16:12:53.444+0000] {processor.py:829} INFO - Processing file /opt/airflow/dags/drift-detection.py for tasks to queue
[2024-11-25T16:12:53.446+0000] {logging_mixin.py:154} INFO - [2024-11-25T16:12:53.446+0000] {dagbag.py:536} INFO - Filling up the DagBag from /opt/airflow/dags/drift-detection.py
[2024-11-25T16:12:54.619+0000] {logging_mixin.py:154} INFO - [2024-11-25T16:12:54.610+0000] {dagbag.py:346} ERROR - Failed to import: /opt/airflow/dags/drift-detection.py
Traceback (most recent call last):
  File "/home/airflow/.local/lib/python3.8/site-packages/airflow/models/dagbag.py", line 342, in parse
    loader.exec_module(new_module)
  File "<frozen importlib._bootstrap_external>", line 843, in exec_module
  File "<frozen importlib._bootstrap>", line 219, in _call_with_frames_removed
  File "/opt/airflow/dags/drift-detection.py", line 13, in <module>
    from evidently.test_suite import TestSuite
ModuleNotFoundError: No module named 'evidently'
[2024-11-25T16:12:54.624+0000] {processor.py:841} WARNING - No viable dags retrieved from /opt/airflow/dags/drift-detection.py
[2024-11-25T16:12:54.662+0000] {processor.py:179} INFO - Processing /opt/airflow/dags/drift-detection.py took 1.230 seconds
[2024-11-25T16:13:24.949+0000] {processor.py:157} INFO - Started process (PID=154) to work on /opt/airflow/dags/drift-detection.py
[2024-11-25T16:13:24.950+0000] {processor.py:829} INFO - Processing file /opt/airflow/dags/drift-detection.py for tasks to queue
[2024-11-25T16:13:24.951+0000] {logging_mixin.py:154} INFO - [2024-11-25T16:13:24.951+0000] {dagbag.py:536} INFO - Filling up the DagBag from /opt/airflow/dags/drift-detection.py
[2024-11-25T16:13:25.674+0000] {logging_mixin.py:154} INFO - [2024-11-25T16:13:25.669+0000] {dagbag.py:346} ERROR - Failed to import: /opt/airflow/dags/drift-detection.py
Traceback (most recent call last):
  File "/home/airflow/.local/lib/python3.8/site-packages/airflow/models/dagbag.py", line 342, in parse
    loader.exec_module(new_module)
  File "<frozen importlib._bootstrap_external>", line 843, in exec_module
  File "<frozen importlib._bootstrap>", line 219, in _call_with_frames_removed
  File "/opt/airflow/dags/drift-detection.py", line 13, in <module>
    from evidently.test_suite import TestSuite
ModuleNotFoundError: No module named 'evidently'
[2024-11-25T16:13:25.676+0000] {processor.py:841} WARNING - No viable dags retrieved from /opt/airflow/dags/drift-detection.py
[2024-11-25T16:13:25.713+0000] {processor.py:179} INFO - Processing /opt/airflow/dags/drift-detection.py took 0.770 seconds
[2024-11-25T16:13:55.869+0000] {processor.py:157} INFO - Started process (PID=173) to work on /opt/airflow/dags/drift-detection.py
[2024-11-25T16:13:55.870+0000] {processor.py:829} INFO - Processing file /opt/airflow/dags/drift-detection.py for tasks to queue
[2024-11-25T16:13:55.871+0000] {logging_mixin.py:154} INFO - [2024-11-25T16:13:55.871+0000] {dagbag.py:536} INFO - Filling up the DagBag from /opt/airflow/dags/drift-detection.py
[2024-11-25T16:13:56.720+0000] {logging_mixin.py:154} INFO - [2024-11-25T16:13:56.716+0000] {dagbag.py:346} ERROR - Failed to import: /opt/airflow/dags/drift-detection.py
Traceback (most recent call last):
  File "/home/airflow/.local/lib/python3.8/site-packages/airflow/models/dagbag.py", line 342, in parse
    loader.exec_module(new_module)
  File "<frozen importlib._bootstrap_external>", line 843, in exec_module
  File "<frozen importlib._bootstrap>", line 219, in _call_with_frames_removed
  File "/opt/airflow/dags/drift-detection.py", line 13, in <module>
    from evidently.test_suite import TestSuite
ModuleNotFoundError: No module named 'evidently'
[2024-11-25T16:13:56.722+0000] {processor.py:841} WARNING - No viable dags retrieved from /opt/airflow/dags/drift-detection.py
[2024-11-25T16:13:56.743+0000] {processor.py:179} INFO - Processing /opt/airflow/dags/drift-detection.py took 0.879 seconds
[2024-11-25T16:14:26.958+0000] {processor.py:157} INFO - Started process (PID=190) to work on /opt/airflow/dags/drift-detection.py
[2024-11-25T16:14:26.959+0000] {processor.py:829} INFO - Processing file /opt/airflow/dags/drift-detection.py for tasks to queue
[2024-11-25T16:14:26.960+0000] {logging_mixin.py:154} INFO - [2024-11-25T16:14:26.959+0000] {dagbag.py:536} INFO - Filling up the DagBag from /opt/airflow/dags/drift-detection.py
[2024-11-25T16:14:27.545+0000] {logging_mixin.py:154} INFO - [2024-11-25T16:14:27.541+0000] {dagbag.py:346} ERROR - Failed to import: /opt/airflow/dags/drift-detection.py
Traceback (most recent call last):
  File "/home/airflow/.local/lib/python3.8/site-packages/airflow/models/dagbag.py", line 342, in parse
    loader.exec_module(new_module)
  File "<frozen importlib._bootstrap_external>", line 843, in exec_module
  File "<frozen importlib._bootstrap>", line 219, in _call_with_frames_removed
  File "/opt/airflow/dags/drift-detection.py", line 13, in <module>
    from evidently.test_suite import TestSuite
ModuleNotFoundError: No module named 'evidently'
[2024-11-25T16:14:27.547+0000] {processor.py:841} WARNING - No viable dags retrieved from /opt/airflow/dags/drift-detection.py
[2024-11-25T16:14:27.566+0000] {processor.py:179} INFO - Processing /opt/airflow/dags/drift-detection.py took 0.612 seconds
[2024-11-25T16:14:57.810+0000] {processor.py:157} INFO - Started process (PID=209) to work on /opt/airflow/dags/drift-detection.py
[2024-11-25T16:14:57.810+0000] {processor.py:829} INFO - Processing file /opt/airflow/dags/drift-detection.py for tasks to queue
[2024-11-25T16:14:57.812+0000] {logging_mixin.py:154} INFO - [2024-11-25T16:14:57.811+0000] {dagbag.py:536} INFO - Filling up the DagBag from /opt/airflow/dags/drift-detection.py
[2024-11-25T16:14:58.331+0000] {logging_mixin.py:154} INFO - [2024-11-25T16:14:58.326+0000] {dagbag.py:346} ERROR - Failed to import: /opt/airflow/dags/drift-detection.py
Traceback (most recent call last):
  File "/home/airflow/.local/lib/python3.8/site-packages/airflow/models/dagbag.py", line 342, in parse
    loader.exec_module(new_module)
  File "<frozen importlib._bootstrap_external>", line 843, in exec_module
  File "<frozen importlib._bootstrap>", line 219, in _call_with_frames_removed
  File "/opt/airflow/dags/drift-detection.py", line 13, in <module>
    from evidently.test_suite import TestSuite
ModuleNotFoundError: No module named 'evidently'
[2024-11-25T16:14:58.332+0000] {processor.py:841} WARNING - No viable dags retrieved from /opt/airflow/dags/drift-detection.py
[2024-11-25T16:14:58.352+0000] {processor.py:179} INFO - Processing /opt/airflow/dags/drift-detection.py took 0.546 seconds
[2024-11-25T16:15:28.444+0000] {processor.py:157} INFO - Started process (PID=235) to work on /opt/airflow/dags/drift-detection.py
[2024-11-25T16:15:28.445+0000] {processor.py:829} INFO - Processing file /opt/airflow/dags/drift-detection.py for tasks to queue
[2024-11-25T16:15:28.447+0000] {logging_mixin.py:154} INFO - [2024-11-25T16:15:28.446+0000] {dagbag.py:536} INFO - Filling up the DagBag from /opt/airflow/dags/drift-detection.py
[2024-11-25T16:15:29.095+0000] {logging_mixin.py:154} INFO - [2024-11-25T16:15:29.091+0000] {dagbag.py:346} ERROR - Failed to import: /opt/airflow/dags/drift-detection.py
Traceback (most recent call last):
  File "/home/airflow/.local/lib/python3.8/site-packages/airflow/models/dagbag.py", line 342, in parse
    loader.exec_module(new_module)
  File "<frozen importlib._bootstrap_external>", line 843, in exec_module
  File "<frozen importlib._bootstrap>", line 219, in _call_with_frames_removed
  File "/opt/airflow/dags/drift-detection.py", line 13, in <module>
    from evidently.test_suite import TestSuite
ModuleNotFoundError: No module named 'evidently'
[2024-11-25T16:15:29.097+0000] {processor.py:841} WARNING - No viable dags retrieved from /opt/airflow/dags/drift-detection.py
[2024-11-25T16:15:29.118+0000] {processor.py:179} INFO - Processing /opt/airflow/dags/drift-detection.py took 0.679 seconds
[2024-11-25T16:15:59.405+0000] {processor.py:157} INFO - Started process (PID=253) to work on /opt/airflow/dags/drift-detection.py
[2024-11-25T16:15:59.407+0000] {processor.py:829} INFO - Processing file /opt/airflow/dags/drift-detection.py for tasks to queue
[2024-11-25T16:15:59.408+0000] {logging_mixin.py:154} INFO - [2024-11-25T16:15:59.408+0000] {dagbag.py:536} INFO - Filling up the DagBag from /opt/airflow/dags/drift-detection.py
[2024-11-25T16:16:00.281+0000] {logging_mixin.py:154} INFO - [2024-11-25T16:16:00.274+0000] {dagbag.py:346} ERROR - Failed to import: /opt/airflow/dags/drift-detection.py
Traceback (most recent call last):
  File "/home/airflow/.local/lib/python3.8/site-packages/airflow/models/dagbag.py", line 342, in parse
    loader.exec_module(new_module)
  File "<frozen importlib._bootstrap_external>", line 843, in exec_module
  File "<frozen importlib._bootstrap>", line 219, in _call_with_frames_removed
  File "/opt/airflow/dags/drift-detection.py", line 13, in <module>
    from evidently.test_suite import TestSuite
ModuleNotFoundError: No module named 'evidently'
[2024-11-25T16:16:00.283+0000] {processor.py:841} WARNING - No viable dags retrieved from /opt/airflow/dags/drift-detection.py
[2024-11-25T16:16:00.320+0000] {processor.py:179} INFO - Processing /opt/airflow/dags/drift-detection.py took 0.921 seconds
[2024-11-25T16:16:30.557+0000] {processor.py:157} INFO - Started process (PID=272) to work on /opt/airflow/dags/drift-detection.py
[2024-11-25T16:16:30.558+0000] {processor.py:829} INFO - Processing file /opt/airflow/dags/drift-detection.py for tasks to queue
[2024-11-25T16:16:30.559+0000] {logging_mixin.py:154} INFO - [2024-11-25T16:16:30.559+0000] {dagbag.py:536} INFO - Filling up the DagBag from /opt/airflow/dags/drift-detection.py
[2024-11-25T16:16:31.169+0000] {logging_mixin.py:154} INFO - [2024-11-25T16:16:31.163+0000] {dagbag.py:346} ERROR - Failed to import: /opt/airflow/dags/drift-detection.py
Traceback (most recent call last):
  File "/home/airflow/.local/lib/python3.8/site-packages/airflow/models/dagbag.py", line 342, in parse
    loader.exec_module(new_module)
  File "<frozen importlib._bootstrap_external>", line 843, in exec_module
  File "<frozen importlib._bootstrap>", line 219, in _call_with_frames_removed
  File "/opt/airflow/dags/drift-detection.py", line 13, in <module>
    from evidently.test_suite import TestSuite
ModuleNotFoundError: No module named 'evidently'
[2024-11-25T16:16:31.171+0000] {processor.py:841} WARNING - No viable dags retrieved from /opt/airflow/dags/drift-detection.py
[2024-11-25T16:16:31.199+0000] {processor.py:179} INFO - Processing /opt/airflow/dags/drift-detection.py took 0.647 seconds
[2024-11-25T16:17:01.396+0000] {processor.py:157} INFO - Started process (PID=298) to work on /opt/airflow/dags/drift-detection.py
[2024-11-25T16:17:01.397+0000] {processor.py:829} INFO - Processing file /opt/airflow/dags/drift-detection.py for tasks to queue
[2024-11-25T16:17:01.398+0000] {logging_mixin.py:154} INFO - [2024-11-25T16:17:01.398+0000] {dagbag.py:536} INFO - Filling up the DagBag from /opt/airflow/dags/drift-detection.py
[2024-11-25T16:17:02.003+0000] {logging_mixin.py:154} INFO - [2024-11-25T16:17:01.998+0000] {dagbag.py:346} ERROR - Failed to import: /opt/airflow/dags/drift-detection.py
Traceback (most recent call last):
  File "/home/airflow/.local/lib/python3.8/site-packages/airflow/models/dagbag.py", line 342, in parse
    loader.exec_module(new_module)
  File "<frozen importlib._bootstrap_external>", line 843, in exec_module
  File "<frozen importlib._bootstrap>", line 219, in _call_with_frames_removed
  File "/opt/airflow/dags/drift-detection.py", line 13, in <module>
    from evidently.test_suite import TestSuite
ModuleNotFoundError: No module named 'evidently'
[2024-11-25T16:17:02.005+0000] {processor.py:841} WARNING - No viable dags retrieved from /opt/airflow/dags/drift-detection.py
[2024-11-25T16:17:02.036+0000] {processor.py:179} INFO - Processing /opt/airflow/dags/drift-detection.py took 0.645 seconds
[2024-11-25T16:17:32.251+0000] {processor.py:157} INFO - Started process (PID=316) to work on /opt/airflow/dags/drift-detection.py
[2024-11-25T16:17:32.251+0000] {processor.py:829} INFO - Processing file /opt/airflow/dags/drift-detection.py for tasks to queue
[2024-11-25T16:17:32.252+0000] {logging_mixin.py:154} INFO - [2024-11-25T16:17:32.252+0000] {dagbag.py:536} INFO - Filling up the DagBag from /opt/airflow/dags/drift-detection.py
[2024-11-25T16:17:32.700+0000] {logging_mixin.py:154} INFO - [2024-11-25T16:17:32.694+0000] {dagbag.py:346} ERROR - Failed to import: /opt/airflow/dags/drift-detection.py
Traceback (most recent call last):
  File "/home/airflow/.local/lib/python3.8/site-packages/airflow/models/dagbag.py", line 342, in parse
    loader.exec_module(new_module)
  File "<frozen importlib._bootstrap_external>", line 843, in exec_module
  File "<frozen importlib._bootstrap>", line 219, in _call_with_frames_removed
  File "/opt/airflow/dags/drift-detection.py", line 13, in <module>
    from evidently.test_suite import TestSuite
ModuleNotFoundError: No module named 'evidently'
[2024-11-25T16:17:32.702+0000] {processor.py:841} WARNING - No viable dags retrieved from /opt/airflow/dags/drift-detection.py
[2024-11-25T16:17:32.721+0000] {processor.py:179} INFO - Processing /opt/airflow/dags/drift-detection.py took 0.473 seconds
[2024-11-25T16:18:02.920+0000] {processor.py:157} INFO - Started process (PID=334) to work on /opt/airflow/dags/drift-detection.py
[2024-11-25T16:18:02.921+0000] {processor.py:829} INFO - Processing file /opt/airflow/dags/drift-detection.py for tasks to queue
[2024-11-25T16:18:02.923+0000] {logging_mixin.py:154} INFO - [2024-11-25T16:18:02.922+0000] {dagbag.py:536} INFO - Filling up the DagBag from /opt/airflow/dags/drift-detection.py
[2024-11-25T16:18:03.491+0000] {logging_mixin.py:154} INFO - [2024-11-25T16:18:03.486+0000] {dagbag.py:346} ERROR - Failed to import: /opt/airflow/dags/drift-detection.py
Traceback (most recent call last):
  File "/home/airflow/.local/lib/python3.8/site-packages/airflow/models/dagbag.py", line 342, in parse
    loader.exec_module(new_module)
  File "<frozen importlib._bootstrap_external>", line 843, in exec_module
  File "<frozen importlib._bootstrap>", line 219, in _call_with_frames_removed
  File "/opt/airflow/dags/drift-detection.py", line 13, in <module>
    from evidently.test_suite import TestSuite
ModuleNotFoundError: No module named 'evidently'
[2024-11-25T16:18:03.493+0000] {processor.py:841} WARNING - No viable dags retrieved from /opt/airflow/dags/drift-detection.py
[2024-11-25T16:18:03.517+0000] {processor.py:179} INFO - Processing /opt/airflow/dags/drift-detection.py took 0.600 seconds
[2024-11-25T16:18:33.617+0000] {processor.py:157} INFO - Started process (PID=360) to work on /opt/airflow/dags/drift-detection.py
[2024-11-25T16:18:33.618+0000] {processor.py:829} INFO - Processing file /opt/airflow/dags/drift-detection.py for tasks to queue
[2024-11-25T16:18:33.620+0000] {logging_mixin.py:154} INFO - [2024-11-25T16:18:33.619+0000] {dagbag.py:536} INFO - Filling up the DagBag from /opt/airflow/dags/drift-detection.py
[2024-11-25T16:18:34.325+0000] {logging_mixin.py:154} INFO - [2024-11-25T16:18:34.321+0000] {dagbag.py:346} ERROR - Failed to import: /opt/airflow/dags/drift-detection.py
Traceback (most recent call last):
  File "/home/airflow/.local/lib/python3.8/site-packages/airflow/models/dagbag.py", line 342, in parse
    loader.exec_module(new_module)
  File "<frozen importlib._bootstrap_external>", line 843, in exec_module
  File "<frozen importlib._bootstrap>", line 219, in _call_with_frames_removed
  File "/opt/airflow/dags/drift-detection.py", line 13, in <module>
    from evidently.test_suite import TestSuite
ModuleNotFoundError: No module named 'evidently'
[2024-11-25T16:18:34.327+0000] {processor.py:841} WARNING - No viable dags retrieved from /opt/airflow/dags/drift-detection.py
[2024-11-25T16:18:34.347+0000] {processor.py:179} INFO - Processing /opt/airflow/dags/drift-detection.py took 0.736 seconds
[2024-11-25T16:19:04.601+0000] {processor.py:157} INFO - Started process (PID=378) to work on /opt/airflow/dags/drift-detection.py
[2024-11-25T16:19:04.602+0000] {processor.py:829} INFO - Processing file /opt/airflow/dags/drift-detection.py for tasks to queue
[2024-11-25T16:19:04.604+0000] {logging_mixin.py:154} INFO - [2024-11-25T16:19:04.604+0000] {dagbag.py:536} INFO - Filling up the DagBag from /opt/airflow/dags/drift-detection.py
[2024-11-25T16:19:05.798+0000] {logging_mixin.py:154} INFO - [2024-11-25T16:19:05.780+0000] {dagbag.py:346} ERROR - Failed to import: /opt/airflow/dags/drift-detection.py
Traceback (most recent call last):
  File "/home/airflow/.local/lib/python3.8/site-packages/airflow/models/dagbag.py", line 342, in parse
    loader.exec_module(new_module)
  File "<frozen importlib._bootstrap_external>", line 843, in exec_module
  File "<frozen importlib._bootstrap>", line 219, in _call_with_frames_removed
  File "/opt/airflow/dags/drift-detection.py", line 13, in <module>
    from evidently.test_suite import TestSuite
ModuleNotFoundError: No module named 'evidently'
[2024-11-25T16:19:05.831+0000] {processor.py:841} WARNING - No viable dags retrieved from /opt/airflow/dags/drift-detection.py
[2024-11-25T16:19:05.881+0000] {processor.py:179} INFO - Processing /opt/airflow/dags/drift-detection.py took 1.287 seconds
[2024-11-25T16:19:36.177+0000] {processor.py:157} INFO - Started process (PID=396) to work on /opt/airflow/dags/drift-detection.py
[2024-11-25T16:19:36.178+0000] {processor.py:829} INFO - Processing file /opt/airflow/dags/drift-detection.py for tasks to queue
[2024-11-25T16:19:36.180+0000] {logging_mixin.py:154} INFO - [2024-11-25T16:19:36.179+0000] {dagbag.py:536} INFO - Filling up the DagBag from /opt/airflow/dags/drift-detection.py
[2024-11-25T16:19:36.769+0000] {logging_mixin.py:154} INFO - [2024-11-25T16:19:36.763+0000] {dagbag.py:346} ERROR - Failed to import: /opt/airflow/dags/drift-detection.py
Traceback (most recent call last):
  File "/home/airflow/.local/lib/python3.8/site-packages/airflow/models/dagbag.py", line 342, in parse
    loader.exec_module(new_module)
  File "<frozen importlib._bootstrap_external>", line 843, in exec_module
  File "<frozen importlib._bootstrap>", line 219, in _call_with_frames_removed
  File "/opt/airflow/dags/drift-detection.py", line 13, in <module>
    from evidently.test_suite import TestSuite
ModuleNotFoundError: No module named 'evidently'
[2024-11-25T16:19:36.771+0000] {processor.py:841} WARNING - No viable dags retrieved from /opt/airflow/dags/drift-detection.py
[2024-11-25T16:19:36.790+0000] {processor.py:179} INFO - Processing /opt/airflow/dags/drift-detection.py took 0.620 seconds
[2024-11-25T16:20:07.014+0000] {processor.py:157} INFO - Started process (PID=423) to work on /opt/airflow/dags/drift-detection.py
[2024-11-25T16:20:07.015+0000] {processor.py:829} INFO - Processing file /opt/airflow/dags/drift-detection.py for tasks to queue
[2024-11-25T16:20:07.016+0000] {logging_mixin.py:154} INFO - [2024-11-25T16:20:07.016+0000] {dagbag.py:536} INFO - Filling up the DagBag from /opt/airflow/dags/drift-detection.py
[2024-11-25T16:20:07.521+0000] {logging_mixin.py:154} INFO - [2024-11-25T16:20:07.517+0000] {dagbag.py:346} ERROR - Failed to import: /opt/airflow/dags/drift-detection.py
Traceback (most recent call last):
  File "/home/airflow/.local/lib/python3.8/site-packages/airflow/models/dagbag.py", line 342, in parse
    loader.exec_module(new_module)
  File "<frozen importlib._bootstrap_external>", line 843, in exec_module
  File "<frozen importlib._bootstrap>", line 219, in _call_with_frames_removed
  File "/opt/airflow/dags/drift-detection.py", line 13, in <module>
    from evidently.test_suite import TestSuite
ModuleNotFoundError: No module named 'evidently'
[2024-11-25T16:20:07.522+0000] {processor.py:841} WARNING - No viable dags retrieved from /opt/airflow/dags/drift-detection.py
[2024-11-25T16:20:07.539+0000] {processor.py:179} INFO - Processing /opt/airflow/dags/drift-detection.py took 0.528 seconds
[2024-11-25T16:20:37.754+0000] {processor.py:157} INFO - Started process (PID=441) to work on /opt/airflow/dags/drift-detection.py
[2024-11-25T16:20:37.755+0000] {processor.py:829} INFO - Processing file /opt/airflow/dags/drift-detection.py for tasks to queue
[2024-11-25T16:20:37.756+0000] {logging_mixin.py:154} INFO - [2024-11-25T16:20:37.756+0000] {dagbag.py:536} INFO - Filling up the DagBag from /opt/airflow/dags/drift-detection.py
[2024-11-25T16:20:38.243+0000] {logging_mixin.py:154} INFO - [2024-11-25T16:20:38.237+0000] {dagbag.py:346} ERROR - Failed to import: /opt/airflow/dags/drift-detection.py
Traceback (most recent call last):
  File "/home/airflow/.local/lib/python3.8/site-packages/airflow/models/dagbag.py", line 342, in parse
    loader.exec_module(new_module)
  File "<frozen importlib._bootstrap_external>", line 843, in exec_module
  File "<frozen importlib._bootstrap>", line 219, in _call_with_frames_removed
  File "/opt/airflow/dags/drift-detection.py", line 13, in <module>
    from evidently.test_suite import TestSuite
ModuleNotFoundError: No module named 'evidently'
[2024-11-25T16:20:38.245+0000] {processor.py:841} WARNING - No viable dags retrieved from /opt/airflow/dags/drift-detection.py
[2024-11-25T16:20:38.263+0000] {processor.py:179} INFO - Processing /opt/airflow/dags/drift-detection.py took 0.513 seconds
[2024-11-25T16:21:08.519+0000] {processor.py:157} INFO - Started process (PID=459) to work on /opt/airflow/dags/drift-detection.py
[2024-11-25T16:21:08.521+0000] {processor.py:829} INFO - Processing file /opt/airflow/dags/drift-detection.py for tasks to queue
[2024-11-25T16:21:08.522+0000] {logging_mixin.py:154} INFO - [2024-11-25T16:21:08.522+0000] {dagbag.py:536} INFO - Filling up the DagBag from /opt/airflow/dags/drift-detection.py
[2024-11-25T16:21:09.378+0000] {logging_mixin.py:154} INFO - [2024-11-25T16:21:09.372+0000] {dagbag.py:346} ERROR - Failed to import: /opt/airflow/dags/drift-detection.py
Traceback (most recent call last):
  File "/home/airflow/.local/lib/python3.8/site-packages/airflow/models/dagbag.py", line 342, in parse
    loader.exec_module(new_module)
  File "<frozen importlib._bootstrap_external>", line 843, in exec_module
  File "<frozen importlib._bootstrap>", line 219, in _call_with_frames_removed
  File "/opt/airflow/dags/drift-detection.py", line 13, in <module>
    from evidently.test_suite import TestSuite
ModuleNotFoundError: No module named 'evidently'
[2024-11-25T16:21:09.380+0000] {processor.py:841} WARNING - No viable dags retrieved from /opt/airflow/dags/drift-detection.py
[2024-11-25T16:21:09.402+0000] {processor.py:179} INFO - Processing /opt/airflow/dags/drift-detection.py took 0.888 seconds
[2024-11-25T16:21:39.642+0000] {processor.py:157} INFO - Started process (PID=485) to work on /opt/airflow/dags/drift-detection.py
[2024-11-25T16:21:39.643+0000] {processor.py:829} INFO - Processing file /opt/airflow/dags/drift-detection.py for tasks to queue
[2024-11-25T16:21:39.645+0000] {logging_mixin.py:154} INFO - [2024-11-25T16:21:39.644+0000] {dagbag.py:536} INFO - Filling up the DagBag from /opt/airflow/dags/drift-detection.py
[2024-11-25T16:21:40.216+0000] {logging_mixin.py:154} INFO - [2024-11-25T16:21:40.212+0000] {dagbag.py:346} ERROR - Failed to import: /opt/airflow/dags/drift-detection.py
Traceback (most recent call last):
  File "/home/airflow/.local/lib/python3.8/site-packages/airflow/models/dagbag.py", line 342, in parse
    loader.exec_module(new_module)
  File "<frozen importlib._bootstrap_external>", line 843, in exec_module
  File "<frozen importlib._bootstrap>", line 219, in _call_with_frames_removed
  File "/opt/airflow/dags/drift-detection.py", line 13, in <module>
    from evidently.test_suite import TestSuite
ModuleNotFoundError: No module named 'evidently'
[2024-11-25T16:21:40.218+0000] {processor.py:841} WARNING - No viable dags retrieved from /opt/airflow/dags/drift-detection.py
[2024-11-25T16:21:40.244+0000] {processor.py:179} INFO - Processing /opt/airflow/dags/drift-detection.py took 0.606 seconds
[2024-11-25T16:22:10.295+0000] {processor.py:157} INFO - Started process (PID=503) to work on /opt/airflow/dags/drift-detection.py
[2024-11-25T16:22:10.296+0000] {processor.py:829} INFO - Processing file /opt/airflow/dags/drift-detection.py for tasks to queue
[2024-11-25T16:22:10.297+0000] {logging_mixin.py:154} INFO - [2024-11-25T16:22:10.297+0000] {dagbag.py:536} INFO - Filling up the DagBag from /opt/airflow/dags/drift-detection.py
[2024-11-25T16:22:10.807+0000] {logging_mixin.py:154} INFO - [2024-11-25T16:22:10.803+0000] {dagbag.py:346} ERROR - Failed to import: /opt/airflow/dags/drift-detection.py
Traceback (most recent call last):
  File "/home/airflow/.local/lib/python3.8/site-packages/airflow/models/dagbag.py", line 342, in parse
    loader.exec_module(new_module)
  File "<frozen importlib._bootstrap_external>", line 843, in exec_module
  File "<frozen importlib._bootstrap>", line 219, in _call_with_frames_removed
  File "/opt/airflow/dags/drift-detection.py", line 13, in <module>
    from evidently.test_suite import TestSuite
ModuleNotFoundError: No module named 'evidently'
[2024-11-25T16:22:10.809+0000] {processor.py:841} WARNING - No viable dags retrieved from /opt/airflow/dags/drift-detection.py
[2024-11-25T16:22:10.830+0000] {processor.py:179} INFO - Processing /opt/airflow/dags/drift-detection.py took 0.539 seconds
[2024-11-25T16:22:41.049+0000] {processor.py:157} INFO - Started process (PID=521) to work on /opt/airflow/dags/drift-detection.py
[2024-11-25T16:22:41.051+0000] {processor.py:829} INFO - Processing file /opt/airflow/dags/drift-detection.py for tasks to queue
[2024-11-25T16:22:41.052+0000] {logging_mixin.py:154} INFO - [2024-11-25T16:22:41.052+0000] {dagbag.py:536} INFO - Filling up the DagBag from /opt/airflow/dags/drift-detection.py
[2024-11-25T16:22:41.819+0000] {logging_mixin.py:154} INFO - [2024-11-25T16:22:41.812+0000] {dagbag.py:346} ERROR - Failed to import: /opt/airflow/dags/drift-detection.py
Traceback (most recent call last):
  File "/home/airflow/.local/lib/python3.8/site-packages/airflow/models/dagbag.py", line 342, in parse
    loader.exec_module(new_module)
  File "<frozen importlib._bootstrap_external>", line 843, in exec_module
  File "<frozen importlib._bootstrap>", line 219, in _call_with_frames_removed
  File "/opt/airflow/dags/drift-detection.py", line 13, in <module>
    from evidently.test_suite import TestSuite
ModuleNotFoundError: No module named 'evidently'
[2024-11-25T16:22:41.821+0000] {processor.py:841} WARNING - No viable dags retrieved from /opt/airflow/dags/drift-detection.py
[2024-11-25T16:22:41.854+0000] {processor.py:179} INFO - Processing /opt/airflow/dags/drift-detection.py took 0.811 seconds
[2024-11-25T16:23:12.057+0000] {processor.py:157} INFO - Started process (PID=547) to work on /opt/airflow/dags/drift-detection.py
[2024-11-25T16:23:12.059+0000] {processor.py:829} INFO - Processing file /opt/airflow/dags/drift-detection.py for tasks to queue
[2024-11-25T16:23:12.060+0000] {logging_mixin.py:154} INFO - [2024-11-25T16:23:12.060+0000] {dagbag.py:536} INFO - Filling up the DagBag from /opt/airflow/dags/drift-detection.py
[2024-11-25T16:23:12.680+0000] {logging_mixin.py:154} INFO - [2024-11-25T16:23:12.674+0000] {dagbag.py:346} ERROR - Failed to import: /opt/airflow/dags/drift-detection.py
Traceback (most recent call last):
  File "/home/airflow/.local/lib/python3.8/site-packages/airflow/models/dagbag.py", line 342, in parse
    loader.exec_module(new_module)
  File "<frozen importlib._bootstrap_external>", line 843, in exec_module
  File "<frozen importlib._bootstrap>", line 219, in _call_with_frames_removed
  File "/opt/airflow/dags/drift-detection.py", line 13, in <module>
    from evidently.test_suite import TestSuite
ModuleNotFoundError: No module named 'evidently'
[2024-11-25T16:23:12.682+0000] {processor.py:841} WARNING - No viable dags retrieved from /opt/airflow/dags/drift-detection.py
[2024-11-25T16:23:12.704+0000] {processor.py:179} INFO - Processing /opt/airflow/dags/drift-detection.py took 0.652 seconds
[2024-11-25T16:23:42.934+0000] {processor.py:157} INFO - Started process (PID=566) to work on /opt/airflow/dags/drift-detection.py
[2024-11-25T16:23:42.935+0000] {processor.py:829} INFO - Processing file /opt/airflow/dags/drift-detection.py for tasks to queue
[2024-11-25T16:23:42.936+0000] {logging_mixin.py:154} INFO - [2024-11-25T16:23:42.936+0000] {dagbag.py:536} INFO - Filling up the DagBag from /opt/airflow/dags/drift-detection.py
[2024-11-25T16:23:43.475+0000] {logging_mixin.py:154} INFO - [2024-11-25T16:23:43.470+0000] {dagbag.py:346} ERROR - Failed to import: /opt/airflow/dags/drift-detection.py
Traceback (most recent call last):
  File "/home/airflow/.local/lib/python3.8/site-packages/airflow/models/dagbag.py", line 342, in parse
    loader.exec_module(new_module)
  File "<frozen importlib._bootstrap_external>", line 843, in exec_module
  File "<frozen importlib._bootstrap>", line 219, in _call_with_frames_removed
  File "/opt/airflow/dags/drift-detection.py", line 13, in <module>
    from evidently.test_suite import TestSuite
ModuleNotFoundError: No module named 'evidently'
[2024-11-25T16:23:43.477+0000] {processor.py:841} WARNING - No viable dags retrieved from /opt/airflow/dags/drift-detection.py
[2024-11-25T16:23:43.505+0000] {processor.py:179} INFO - Processing /opt/airflow/dags/drift-detection.py took 0.575 seconds
[2024-11-25T16:24:13.713+0000] {processor.py:157} INFO - Started process (PID=584) to work on /opt/airflow/dags/drift-detection.py
[2024-11-25T16:24:13.714+0000] {processor.py:829} INFO - Processing file /opt/airflow/dags/drift-detection.py for tasks to queue
[2024-11-25T16:24:13.715+0000] {logging_mixin.py:154} INFO - [2024-11-25T16:24:13.715+0000] {dagbag.py:536} INFO - Filling up the DagBag from /opt/airflow/dags/drift-detection.py
[2024-11-25T16:24:14.228+0000] {logging_mixin.py:154} INFO - [2024-11-25T16:24:14.224+0000] {dagbag.py:346} ERROR - Failed to import: /opt/airflow/dags/drift-detection.py
Traceback (most recent call last):
  File "/home/airflow/.local/lib/python3.8/site-packages/airflow/models/dagbag.py", line 342, in parse
    loader.exec_module(new_module)
  File "<frozen importlib._bootstrap_external>", line 843, in exec_module
  File "<frozen importlib._bootstrap>", line 219, in _call_with_frames_removed
  File "/opt/airflow/dags/drift-detection.py", line 13, in <module>
    from evidently.test_suite import TestSuite
ModuleNotFoundError: No module named 'evidently'
[2024-11-25T16:24:14.230+0000] {processor.py:841} WARNING - No viable dags retrieved from /opt/airflow/dags/drift-detection.py
[2024-11-25T16:24:14.247+0000] {processor.py:179} INFO - Processing /opt/airflow/dags/drift-detection.py took 0.538 seconds
[2024-11-25T16:24:44.481+0000] {processor.py:157} INFO - Started process (PID=609) to work on /opt/airflow/dags/drift-detection.py
[2024-11-25T16:24:44.482+0000] {processor.py:829} INFO - Processing file /opt/airflow/dags/drift-detection.py for tasks to queue
[2024-11-25T16:24:44.484+0000] {logging_mixin.py:154} INFO - [2024-11-25T16:24:44.483+0000] {dagbag.py:536} INFO - Filling up the DagBag from /opt/airflow/dags/drift-detection.py
[2024-11-25T16:24:45.335+0000] {logging_mixin.py:154} INFO - [2024-11-25T16:24:45.330+0000] {dagbag.py:346} ERROR - Failed to import: /opt/airflow/dags/drift-detection.py
Traceback (most recent call last):
  File "/home/airflow/.local/lib/python3.8/site-packages/airflow/models/dagbag.py", line 342, in parse
    loader.exec_module(new_module)
  File "<frozen importlib._bootstrap_external>", line 843, in exec_module
  File "<frozen importlib._bootstrap>", line 219, in _call_with_frames_removed
  File "/opt/airflow/dags/drift-detection.py", line 13, in <module>
    from evidently.test_suite import TestSuite
ModuleNotFoundError: No module named 'evidently'
[2024-11-25T16:24:45.337+0000] {processor.py:841} WARNING - No viable dags retrieved from /opt/airflow/dags/drift-detection.py
[2024-11-25T16:24:45.362+0000] {processor.py:179} INFO - Processing /opt/airflow/dags/drift-detection.py took 0.891 seconds
[2024-11-25T16:25:15.617+0000] {processor.py:157} INFO - Started process (PID=628) to work on /opt/airflow/dags/drift-detection.py
[2024-11-25T16:25:15.618+0000] {processor.py:829} INFO - Processing file /opt/airflow/dags/drift-detection.py for tasks to queue
[2024-11-25T16:25:15.620+0000] {logging_mixin.py:154} INFO - [2024-11-25T16:25:15.620+0000] {dagbag.py:536} INFO - Filling up the DagBag from /opt/airflow/dags/drift-detection.py
[2024-11-25T16:25:16.307+0000] {logging_mixin.py:154} INFO - [2024-11-25T16:25:16.302+0000] {dagbag.py:346} ERROR - Failed to import: /opt/airflow/dags/drift-detection.py
Traceback (most recent call last):
  File "/home/airflow/.local/lib/python3.8/site-packages/airflow/models/dagbag.py", line 342, in parse
    loader.exec_module(new_module)
  File "<frozen importlib._bootstrap_external>", line 843, in exec_module
  File "<frozen importlib._bootstrap>", line 219, in _call_with_frames_removed
  File "/opt/airflow/dags/drift-detection.py", line 13, in <module>
    from evidently.test_suite import TestSuite
ModuleNotFoundError: No module named 'evidently'
[2024-11-25T16:25:16.308+0000] {processor.py:841} WARNING - No viable dags retrieved from /opt/airflow/dags/drift-detection.py
[2024-11-25T16:25:16.328+0000] {processor.py:179} INFO - Processing /opt/airflow/dags/drift-detection.py took 0.716 seconds
[2024-11-25T16:25:46.613+0000] {processor.py:157} INFO - Started process (PID=647) to work on /opt/airflow/dags/drift-detection.py
[2024-11-25T16:25:46.614+0000] {processor.py:829} INFO - Processing file /opt/airflow/dags/drift-detection.py for tasks to queue
[2024-11-25T16:25:46.616+0000] {logging_mixin.py:154} INFO - [2024-11-25T16:25:46.615+0000] {dagbag.py:536} INFO - Filling up the DagBag from /opt/airflow/dags/drift-detection.py
[2024-11-25T16:25:47.226+0000] {logging_mixin.py:154} INFO - [2024-11-25T16:25:47.220+0000] {dagbag.py:346} ERROR - Failed to import: /opt/airflow/dags/drift-detection.py
Traceback (most recent call last):
  File "/home/airflow/.local/lib/python3.8/site-packages/airflow/models/dagbag.py", line 342, in parse
    loader.exec_module(new_module)
  File "<frozen importlib._bootstrap_external>", line 843, in exec_module
  File "<frozen importlib._bootstrap>", line 219, in _call_with_frames_removed
  File "/opt/airflow/dags/drift-detection.py", line 13, in <module>
    from evidently.test_suite import TestSuite
ModuleNotFoundError: No module named 'evidently'
[2024-11-25T16:25:47.228+0000] {processor.py:841} WARNING - No viable dags retrieved from /opt/airflow/dags/drift-detection.py
[2024-11-25T16:25:47.247+0000] {processor.py:179} INFO - Processing /opt/airflow/dags/drift-detection.py took 0.640 seconds
[2024-11-25T16:26:17.459+0000] {processor.py:157} INFO - Started process (PID=665) to work on /opt/airflow/dags/drift-detection.py
[2024-11-25T16:26:17.460+0000] {processor.py:829} INFO - Processing file /opt/airflow/dags/drift-detection.py for tasks to queue
[2024-11-25T16:26:17.461+0000] {logging_mixin.py:154} INFO - [2024-11-25T16:26:17.461+0000] {dagbag.py:536} INFO - Filling up the DagBag from /opt/airflow/dags/drift-detection.py
[2024-11-25T16:26:17.899+0000] {logging_mixin.py:154} INFO - [2024-11-25T16:26:17.895+0000] {dagbag.py:346} ERROR - Failed to import: /opt/airflow/dags/drift-detection.py
Traceback (most recent call last):
  File "/home/airflow/.local/lib/python3.8/site-packages/airflow/models/dagbag.py", line 342, in parse
    loader.exec_module(new_module)
  File "<frozen importlib._bootstrap_external>", line 843, in exec_module
  File "<frozen importlib._bootstrap>", line 219, in _call_with_frames_removed
  File "/opt/airflow/dags/drift-detection.py", line 13, in <module>
    from evidently.test_suite import TestSuite
ModuleNotFoundError: No module named 'evidently'
[2024-11-25T16:26:17.902+0000] {processor.py:841} WARNING - No viable dags retrieved from /opt/airflow/dags/drift-detection.py
[2024-11-25T16:26:17.921+0000] {processor.py:179} INFO - Processing /opt/airflow/dags/drift-detection.py took 0.465 seconds
[2024-11-25T16:26:47.990+0000] {processor.py:157} INFO - Started process (PID=692) to work on /opt/airflow/dags/drift-detection.py
[2024-11-25T16:26:47.991+0000] {processor.py:829} INFO - Processing file /opt/airflow/dags/drift-detection.py for tasks to queue
[2024-11-25T16:26:47.992+0000] {logging_mixin.py:154} INFO - [2024-11-25T16:26:47.992+0000] {dagbag.py:536} INFO - Filling up the DagBag from /opt/airflow/dags/drift-detection.py
[2024-11-25T16:26:48.589+0000] {logging_mixin.py:154} INFO - [2024-11-25T16:26:48.585+0000] {dagbag.py:346} ERROR - Failed to import: /opt/airflow/dags/drift-detection.py
Traceback (most recent call last):
  File "/home/airflow/.local/lib/python3.8/site-packages/airflow/models/dagbag.py", line 342, in parse
    loader.exec_module(new_module)
  File "<frozen importlib._bootstrap_external>", line 843, in exec_module
  File "<frozen importlib._bootstrap>", line 219, in _call_with_frames_removed
  File "/opt/airflow/dags/drift-detection.py", line 13, in <module>
    from evidently.test_suite import TestSuite
ModuleNotFoundError: No module named 'evidently'
[2024-11-25T16:26:48.591+0000] {processor.py:841} WARNING - No viable dags retrieved from /opt/airflow/dags/drift-detection.py
[2024-11-25T16:26:48.609+0000] {processor.py:179} INFO - Processing /opt/airflow/dags/drift-detection.py took 0.624 seconds
[2024-11-25T16:27:18.865+0000] {processor.py:157} INFO - Started process (PID=710) to work on /opt/airflow/dags/drift-detection.py
[2024-11-25T16:27:18.866+0000] {processor.py:829} INFO - Processing file /opt/airflow/dags/drift-detection.py for tasks to queue
[2024-11-25T16:27:18.867+0000] {logging_mixin.py:154} INFO - [2024-11-25T16:27:18.867+0000] {dagbag.py:536} INFO - Filling up the DagBag from /opt/airflow/dags/drift-detection.py
[2024-11-25T16:27:19.351+0000] {logging_mixin.py:154} INFO - [2024-11-25T16:27:19.345+0000] {dagbag.py:346} ERROR - Failed to import: /opt/airflow/dags/drift-detection.py
Traceback (most recent call last):
  File "/home/airflow/.local/lib/python3.8/site-packages/airflow/models/dagbag.py", line 342, in parse
    loader.exec_module(new_module)
  File "<frozen importlib._bootstrap_external>", line 843, in exec_module
  File "<frozen importlib._bootstrap>", line 219, in _call_with_frames_removed
  File "/opt/airflow/dags/drift-detection.py", line 13, in <module>
    from evidently.test_suite import TestSuite
ModuleNotFoundError: No module named 'evidently'
[2024-11-25T16:27:19.353+0000] {processor.py:841} WARNING - No viable dags retrieved from /opt/airflow/dags/drift-detection.py
[2024-11-25T16:27:19.379+0000] {processor.py:179} INFO - Processing /opt/airflow/dags/drift-detection.py took 0.518 seconds
[2024-11-25T16:27:49.470+0000] {processor.py:157} INFO - Started process (PID=728) to work on /opt/airflow/dags/drift-detection.py
[2024-11-25T16:27:49.471+0000] {processor.py:829} INFO - Processing file /opt/airflow/dags/drift-detection.py for tasks to queue
[2024-11-25T16:27:49.472+0000] {logging_mixin.py:154} INFO - [2024-11-25T16:27:49.472+0000] {dagbag.py:536} INFO - Filling up the DagBag from /opt/airflow/dags/drift-detection.py
[2024-11-25T16:27:49.951+0000] {logging_mixin.py:154} INFO - [2024-11-25T16:27:49.946+0000] {dagbag.py:346} ERROR - Failed to import: /opt/airflow/dags/drift-detection.py
Traceback (most recent call last):
  File "/home/airflow/.local/lib/python3.8/site-packages/airflow/models/dagbag.py", line 342, in parse
    loader.exec_module(new_module)
  File "<frozen importlib._bootstrap_external>", line 843, in exec_module
  File "<frozen importlib._bootstrap>", line 219, in _call_with_frames_removed
  File "/opt/airflow/dags/drift-detection.py", line 13, in <module>
    from evidently.test_suite import TestSuite
ModuleNotFoundError: No module named 'evidently'
[2024-11-25T16:27:49.952+0000] {processor.py:841} WARNING - No viable dags retrieved from /opt/airflow/dags/drift-detection.py
[2024-11-25T16:27:49.971+0000] {processor.py:179} INFO - Processing /opt/airflow/dags/drift-detection.py took 0.505 seconds
[2024-11-25T16:28:20.168+0000] {processor.py:157} INFO - Started process (PID=746) to work on /opt/airflow/dags/drift-detection.py
[2024-11-25T16:28:20.169+0000] {processor.py:829} INFO - Processing file /opt/airflow/dags/drift-detection.py for tasks to queue
[2024-11-25T16:28:20.170+0000] {logging_mixin.py:154} INFO - [2024-11-25T16:28:20.170+0000] {dagbag.py:536} INFO - Filling up the DagBag from /opt/airflow/dags/drift-detection.py
[2024-11-25T16:28:20.716+0000] {logging_mixin.py:154} INFO - [2024-11-25T16:28:20.712+0000] {dagbag.py:346} ERROR - Failed to import: /opt/airflow/dags/drift-detection.py
Traceback (most recent call last):
  File "/home/airflow/.local/lib/python3.8/site-packages/airflow/models/dagbag.py", line 342, in parse
    loader.exec_module(new_module)
  File "<frozen importlib._bootstrap_external>", line 843, in exec_module
  File "<frozen importlib._bootstrap>", line 219, in _call_with_frames_removed
  File "/opt/airflow/dags/drift-detection.py", line 13, in <module>
    from evidently.test_suite import TestSuite
ModuleNotFoundError: No module named 'evidently'
[2024-11-25T16:28:20.718+0000] {processor.py:841} WARNING - No viable dags retrieved from /opt/airflow/dags/drift-detection.py
[2024-11-25T16:28:20.751+0000] {processor.py:179} INFO - Processing /opt/airflow/dags/drift-detection.py took 0.588 seconds
[2024-11-25T16:28:50.918+0000] {processor.py:157} INFO - Started process (PID=772) to work on /opt/airflow/dags/drift-detection.py
[2024-11-25T16:28:50.918+0000] {processor.py:829} INFO - Processing file /opt/airflow/dags/drift-detection.py for tasks to queue
[2024-11-25T16:28:50.920+0000] {logging_mixin.py:154} INFO - [2024-11-25T16:28:50.919+0000] {dagbag.py:536} INFO - Filling up the DagBag from /opt/airflow/dags/drift-detection.py
[2024-11-25T16:28:51.456+0000] {logging_mixin.py:154} INFO - [2024-11-25T16:28:51.452+0000] {dagbag.py:346} ERROR - Failed to import: /opt/airflow/dags/drift-detection.py
Traceback (most recent call last):
  File "/home/airflow/.local/lib/python3.8/site-packages/airflow/models/dagbag.py", line 342, in parse
    loader.exec_module(new_module)
  File "<frozen importlib._bootstrap_external>", line 843, in exec_module
  File "<frozen importlib._bootstrap>", line 219, in _call_with_frames_removed
  File "/opt/airflow/dags/drift-detection.py", line 13, in <module>
    from evidently.test_suite import TestSuite
ModuleNotFoundError: No module named 'evidently'
[2024-11-25T16:28:51.458+0000] {processor.py:841} WARNING - No viable dags retrieved from /opt/airflow/dags/drift-detection.py
[2024-11-25T16:28:51.476+0000] {processor.py:179} INFO - Processing /opt/airflow/dags/drift-detection.py took 0.562 seconds
[2024-11-25T16:29:21.682+0000] {processor.py:157} INFO - Started process (PID=790) to work on /opt/airflow/dags/drift-detection.py
[2024-11-25T16:29:21.682+0000] {processor.py:829} INFO - Processing file /opt/airflow/dags/drift-detection.py for tasks to queue
[2024-11-25T16:29:21.683+0000] {logging_mixin.py:154} INFO - [2024-11-25T16:29:21.683+0000] {dagbag.py:536} INFO - Filling up the DagBag from /opt/airflow/dags/drift-detection.py
[2024-11-25T16:29:22.289+0000] {logging_mixin.py:154} INFO - [2024-11-25T16:29:22.284+0000] {dagbag.py:346} ERROR - Failed to import: /opt/airflow/dags/drift-detection.py
Traceback (most recent call last):
  File "/home/airflow/.local/lib/python3.8/site-packages/airflow/models/dagbag.py", line 342, in parse
    loader.exec_module(new_module)
  File "<frozen importlib._bootstrap_external>", line 843, in exec_module
  File "<frozen importlib._bootstrap>", line 219, in _call_with_frames_removed
  File "/opt/airflow/dags/drift-detection.py", line 13, in <module>
    from evidently.test_suite import TestSuite
ModuleNotFoundError: No module named 'evidently'
[2024-11-25T16:29:22.291+0000] {processor.py:841} WARNING - No viable dags retrieved from /opt/airflow/dags/drift-detection.py
[2024-11-25T16:29:22.313+0000] {processor.py:179} INFO - Processing /opt/airflow/dags/drift-detection.py took 0.635 seconds
[2024-11-25T16:43:38.678+0000] {processor.py:157} INFO - Started process (PID=53) to work on /opt/airflow/dags/drift-detection.py
[2024-11-25T16:43:38.682+0000] {processor.py:829} INFO - Processing file /opt/airflow/dags/drift-detection.py for tasks to queue
[2024-11-25T16:43:38.698+0000] {logging_mixin.py:154} INFO - [2024-11-25T16:43:38.698+0000] {dagbag.py:536} INFO - Filling up the DagBag from /opt/airflow/dags/drift-detection.py
[2024-11-25T16:43:51.606+0000] {processor.py:839} INFO - DAG(s) dict_keys(['drift_detection_dag']) retrieved from /opt/airflow/dags/drift-detection.py
[2024-11-25T16:43:51.872+0000] {logging_mixin.py:154} INFO - [2024-11-25T16:43:51.872+0000] {manager.py:499} INFO - Created Permission View: %s
[2024-11-25T16:43:51.888+0000] {logging_mixin.py:154} INFO - [2024-11-25T16:43:51.888+0000] {manager.py:499} INFO - Created Permission View: %s
[2024-11-25T16:43:51.898+0000] {logging_mixin.py:154} INFO - [2024-11-25T16:43:51.898+0000] {manager.py:499} INFO - Created Permission View: %s
[2024-11-25T16:43:51.899+0000] {logging_mixin.py:154} INFO - [2024-11-25T16:43:51.899+0000] {dag.py:2941} INFO - Sync 1 DAGs
[2024-11-25T16:43:51.912+0000] {logging_mixin.py:154} INFO - [2024-11-25T16:43:51.912+0000] {dag.py:2963} INFO - Creating ORM DAG for drift_detection_dag
[2024-11-25T16:43:51.928+0000] {logging_mixin.py:154} INFO - [2024-11-25T16:43:51.928+0000] {dag.py:3722} INFO - Setting next_dagrun for drift_detection_dag to 2024-11-24T16:00:00+00:00, run_after=2024-11-25T16:00:00+00:00
[2024-11-25T16:43:51.951+0000] {processor.py:179} INFO - Processing /opt/airflow/dags/drift-detection.py took 13.293 seconds
[2024-11-25T16:44:22.150+0000] {processor.py:157} INFO - Started process (PID=83) to work on /opt/airflow/dags/drift-detection.py
[2024-11-25T16:44:22.151+0000] {processor.py:829} INFO - Processing file /opt/airflow/dags/drift-detection.py for tasks to queue
[2024-11-25T16:44:22.153+0000] {logging_mixin.py:154} INFO - [2024-11-25T16:44:22.153+0000] {dagbag.py:536} INFO - Filling up the DagBag from /opt/airflow/dags/drift-detection.py
[2024-11-25T16:44:28.853+0000] {processor.py:839} INFO - DAG(s) dict_keys(['drift_detection_dag']) retrieved from /opt/airflow/dags/drift-detection.py
[2024-11-25T16:44:28.877+0000] {logging_mixin.py:154} INFO - [2024-11-25T16:44:28.876+0000] {dag.py:2941} INFO - Sync 1 DAGs
[2024-11-25T16:44:28.908+0000] {logging_mixin.py:154} INFO - [2024-11-25T16:44:28.908+0000] {dag.py:3722} INFO - Setting next_dagrun for drift_detection_dag to 2024-11-24T16:00:00+00:00, run_after=2024-11-25T16:00:00+00:00
[2024-11-25T16:44:28.931+0000] {processor.py:179} INFO - Processing /opt/airflow/dags/drift-detection.py took 6.785 seconds
[2024-11-25T16:44:59.165+0000] {processor.py:157} INFO - Started process (PID=120) to work on /opt/airflow/dags/drift-detection.py
[2024-11-25T16:44:59.166+0000] {processor.py:829} INFO - Processing file /opt/airflow/dags/drift-detection.py for tasks to queue
[2024-11-25T16:44:59.168+0000] {logging_mixin.py:154} INFO - [2024-11-25T16:44:59.168+0000] {dagbag.py:536} INFO - Filling up the DagBag from /opt/airflow/dags/drift-detection.py
[2024-11-25T16:45:03.405+0000] {processor.py:839} INFO - DAG(s) dict_keys(['drift_detection_dag']) retrieved from /opt/airflow/dags/drift-detection.py
[2024-11-25T16:45:03.426+0000] {logging_mixin.py:154} INFO - [2024-11-25T16:45:03.426+0000] {dag.py:2941} INFO - Sync 1 DAGs
[2024-11-25T16:45:03.450+0000] {logging_mixin.py:154} INFO - [2024-11-25T16:45:03.450+0000] {dag.py:3722} INFO - Setting next_dagrun for drift_detection_dag to 2024-11-24T16:00:00+00:00, run_after=2024-11-25T16:00:00+00:00
[2024-11-25T16:45:03.471+0000] {processor.py:179} INFO - Processing /opt/airflow/dags/drift-detection.py took 4.311 seconds
[2024-11-25T16:45:33.665+0000] {processor.py:157} INFO - Started process (PID=149) to work on /opt/airflow/dags/drift-detection.py
[2024-11-25T16:45:33.666+0000] {processor.py:829} INFO - Processing file /opt/airflow/dags/drift-detection.py for tasks to queue
[2024-11-25T16:45:33.668+0000] {logging_mixin.py:154} INFO - [2024-11-25T16:45:33.667+0000] {dagbag.py:536} INFO - Filling up the DagBag from /opt/airflow/dags/drift-detection.py
[2024-11-25T16:45:40.165+0000] {processor.py:839} INFO - DAG(s) dict_keys(['drift_detection_dag']) retrieved from /opt/airflow/dags/drift-detection.py
[2024-11-25T16:45:40.196+0000] {logging_mixin.py:154} INFO - [2024-11-25T16:45:40.195+0000] {dag.py:2941} INFO - Sync 1 DAGs
[2024-11-25T16:45:40.229+0000] {logging_mixin.py:154} INFO - [2024-11-25T16:45:40.228+0000] {dag.py:3722} INFO - Setting next_dagrun for drift_detection_dag to 2024-11-24T16:00:00+00:00, run_after=2024-11-25T16:00:00+00:00
[2024-11-25T16:45:40.258+0000] {processor.py:179} INFO - Processing /opt/airflow/dags/drift-detection.py took 6.596 seconds
[2024-11-25T16:46:10.489+0000] {processor.py:157} INFO - Started process (PID=186) to work on /opt/airflow/dags/drift-detection.py
[2024-11-25T16:46:10.490+0000] {processor.py:829} INFO - Processing file /opt/airflow/dags/drift-detection.py for tasks to queue
[2024-11-25T16:46:10.490+0000] {logging_mixin.py:154} INFO - [2024-11-25T16:46:10.490+0000] {dagbag.py:536} INFO - Filling up the DagBag from /opt/airflow/dags/drift-detection.py
[2024-11-25T16:46:14.174+0000] {processor.py:839} INFO - DAG(s) dict_keys(['drift_detection_dag']) retrieved from /opt/airflow/dags/drift-detection.py
[2024-11-25T16:46:14.198+0000] {logging_mixin.py:154} INFO - [2024-11-25T16:46:14.198+0000] {dag.py:2941} INFO - Sync 1 DAGs
[2024-11-25T16:46:14.370+0000] {logging_mixin.py:154} INFO - [2024-11-25T16:46:14.370+0000] {dag.py:3722} INFO - Setting next_dagrun for drift_detection_dag to 2024-11-24T16:00:00+00:00, run_after=2024-11-25T16:00:00+00:00
[2024-11-25T16:46:14.391+0000] {processor.py:179} INFO - Processing /opt/airflow/dags/drift-detection.py took 3.906 seconds
[2024-11-25T16:46:44.620+0000] {processor.py:157} INFO - Started process (PID=216) to work on /opt/airflow/dags/drift-detection.py
[2024-11-25T16:46:44.622+0000] {processor.py:829} INFO - Processing file /opt/airflow/dags/drift-detection.py for tasks to queue
[2024-11-25T16:46:44.623+0000] {logging_mixin.py:154} INFO - [2024-11-25T16:46:44.622+0000] {dagbag.py:536} INFO - Filling up the DagBag from /opt/airflow/dags/drift-detection.py
[2024-11-25T16:46:50.212+0000] {processor.py:839} INFO - DAG(s) dict_keys(['drift_detection_dag']) retrieved from /opt/airflow/dags/drift-detection.py
[2024-11-25T16:46:50.248+0000] {logging_mixin.py:154} INFO - [2024-11-25T16:46:50.247+0000] {dag.py:2941} INFO - Sync 1 DAGs
[2024-11-25T16:46:50.293+0000] {logging_mixin.py:154} INFO - [2024-11-25T16:46:50.292+0000] {dag.py:3722} INFO - Setting next_dagrun for drift_detection_dag to 2024-11-24T16:00:00+00:00, run_after=2024-11-25T16:00:00+00:00
[2024-11-25T16:46:50.343+0000] {processor.py:179} INFO - Processing /opt/airflow/dags/drift-detection.py took 5.727 seconds
[2024-11-25T16:47:20.424+0000] {processor.py:157} INFO - Started process (PID=253) to work on /opt/airflow/dags/drift-detection.py
[2024-11-25T16:47:20.425+0000] {processor.py:829} INFO - Processing file /opt/airflow/dags/drift-detection.py for tasks to queue
[2024-11-25T16:47:20.426+0000] {logging_mixin.py:154} INFO - [2024-11-25T16:47:20.426+0000] {dagbag.py:536} INFO - Filling up the DagBag from /opt/airflow/dags/drift-detection.py
[2024-11-25T16:47:24.202+0000] {processor.py:839} INFO - DAG(s) dict_keys(['drift_detection_dag']) retrieved from /opt/airflow/dags/drift-detection.py
[2024-11-25T16:47:24.223+0000] {logging_mixin.py:154} INFO - [2024-11-25T16:47:24.223+0000] {dag.py:2941} INFO - Sync 1 DAGs
[2024-11-25T16:47:24.244+0000] {logging_mixin.py:154} INFO - [2024-11-25T16:47:24.244+0000] {dag.py:3722} INFO - Setting next_dagrun for drift_detection_dag to 2024-11-24T16:00:00+00:00, run_after=2024-11-25T16:00:00+00:00
[2024-11-25T16:47:24.263+0000] {processor.py:179} INFO - Processing /opt/airflow/dags/drift-detection.py took 3.842 seconds
[2024-11-25T16:47:54.497+0000] {processor.py:157} INFO - Started process (PID=282) to work on /opt/airflow/dags/drift-detection.py
[2024-11-25T16:47:54.498+0000] {processor.py:829} INFO - Processing file /opt/airflow/dags/drift-detection.py for tasks to queue
[2024-11-25T16:47:54.499+0000] {logging_mixin.py:154} INFO - [2024-11-25T16:47:54.499+0000] {dagbag.py:536} INFO - Filling up the DagBag from /opt/airflow/dags/drift-detection.py
[2024-11-25T16:48:00.689+0000] {processor.py:839} INFO - DAG(s) dict_keys(['drift_detection_dag']) retrieved from /opt/airflow/dags/drift-detection.py
[2024-11-25T16:48:00.711+0000] {logging_mixin.py:154} INFO - [2024-11-25T16:48:00.710+0000] {dag.py:2941} INFO - Sync 1 DAGs
[2024-11-25T16:48:00.736+0000] {logging_mixin.py:154} INFO - [2024-11-25T16:48:00.736+0000] {dag.py:3722} INFO - Setting next_dagrun for drift_detection_dag to 2024-11-24T16:00:00+00:00, run_after=2024-11-25T16:00:00+00:00
[2024-11-25T16:48:00.758+0000] {processor.py:179} INFO - Processing /opt/airflow/dags/drift-detection.py took 6.265 seconds
[2024-11-25T16:48:31.020+0000] {processor.py:157} INFO - Started process (PID=319) to work on /opt/airflow/dags/drift-detection.py
[2024-11-25T16:48:31.021+0000] {processor.py:829} INFO - Processing file /opt/airflow/dags/drift-detection.py for tasks to queue
[2024-11-25T16:48:31.022+0000] {logging_mixin.py:154} INFO - [2024-11-25T16:48:31.021+0000] {dagbag.py:536} INFO - Filling up the DagBag from /opt/airflow/dags/drift-detection.py
[2024-11-25T16:48:35.029+0000] {processor.py:839} INFO - DAG(s) dict_keys(['drift_detection_dag']) retrieved from /opt/airflow/dags/drift-detection.py
[2024-11-25T16:48:35.076+0000] {logging_mixin.py:154} INFO - [2024-11-25T16:48:35.075+0000] {dag.py:2941} INFO - Sync 1 DAGs
[2024-11-25T16:48:35.112+0000] {logging_mixin.py:154} INFO - [2024-11-25T16:48:35.112+0000] {dag.py:3722} INFO - Setting next_dagrun for drift_detection_dag to 2024-11-24T16:00:00+00:00, run_after=2024-11-25T16:00:00+00:00
[2024-11-25T16:48:35.138+0000] {processor.py:179} INFO - Processing /opt/airflow/dags/drift-detection.py took 4.121 seconds
[2024-11-25T16:49:05.322+0000] {processor.py:157} INFO - Started process (PID=356) to work on /opt/airflow/dags/drift-detection.py
[2024-11-25T16:49:05.324+0000] {processor.py:829} INFO - Processing file /opt/airflow/dags/drift-detection.py for tasks to queue
[2024-11-25T16:49:05.328+0000] {logging_mixin.py:154} INFO - [2024-11-25T16:49:05.327+0000] {dagbag.py:536} INFO - Filling up the DagBag from /opt/airflow/dags/drift-detection.py
[2024-11-25T16:49:10.170+0000] {processor.py:839} INFO - DAG(s) dict_keys(['drift_detection_dag']) retrieved from /opt/airflow/dags/drift-detection.py
[2024-11-25T16:49:10.191+0000] {logging_mixin.py:154} INFO - [2024-11-25T16:49:10.190+0000] {dag.py:2941} INFO - Sync 1 DAGs
[2024-11-25T16:49:10.215+0000] {logging_mixin.py:154} INFO - [2024-11-25T16:49:10.215+0000] {dag.py:3722} INFO - Setting next_dagrun for drift_detection_dag to 2024-11-24T16:00:00+00:00, run_after=2024-11-25T16:00:00+00:00
[2024-11-25T16:49:10.236+0000] {processor.py:179} INFO - Processing /opt/airflow/dags/drift-detection.py took 4.919 seconds
[2024-11-25T16:49:40.451+0000] {processor.py:157} INFO - Started process (PID=385) to work on /opt/airflow/dags/drift-detection.py
[2024-11-25T16:49:40.452+0000] {processor.py:829} INFO - Processing file /opt/airflow/dags/drift-detection.py for tasks to queue
[2024-11-25T16:49:40.454+0000] {logging_mixin.py:154} INFO - [2024-11-25T16:49:40.453+0000] {dagbag.py:536} INFO - Filling up the DagBag from /opt/airflow/dags/drift-detection.py
[2024-11-25T16:49:44.443+0000] {processor.py:839} INFO - DAG(s) dict_keys(['drift_detection_dag']) retrieved from /opt/airflow/dags/drift-detection.py
[2024-11-25T16:49:44.468+0000] {logging_mixin.py:154} INFO - [2024-11-25T16:49:44.467+0000] {dag.py:2941} INFO - Sync 1 DAGs
[2024-11-25T16:49:44.496+0000] {logging_mixin.py:154} INFO - [2024-11-25T16:49:44.496+0000] {dag.py:3722} INFO - Setting next_dagrun for drift_detection_dag to 2024-11-24T16:00:00+00:00, run_after=2024-11-25T16:00:00+00:00
[2024-11-25T16:49:44.527+0000] {processor.py:179} INFO - Processing /opt/airflow/dags/drift-detection.py took 4.080 seconds
[2024-11-25T16:50:14.654+0000] {processor.py:157} INFO - Started process (PID=422) to work on /opt/airflow/dags/drift-detection.py
[2024-11-25T16:50:14.655+0000] {processor.py:829} INFO - Processing file /opt/airflow/dags/drift-detection.py for tasks to queue
[2024-11-25T16:50:14.656+0000] {logging_mixin.py:154} INFO - [2024-11-25T16:50:14.656+0000] {dagbag.py:536} INFO - Filling up the DagBag from /opt/airflow/dags/drift-detection.py
[2024-11-25T16:50:20.731+0000] {processor.py:839} INFO - DAG(s) dict_keys(['drift_detection_dag']) retrieved from /opt/airflow/dags/drift-detection.py
[2024-11-25T16:50:20.759+0000] {logging_mixin.py:154} INFO - [2024-11-25T16:50:20.758+0000] {dag.py:2941} INFO - Sync 1 DAGs
[2024-11-25T16:50:20.793+0000] {logging_mixin.py:154} INFO - [2024-11-25T16:50:20.792+0000] {dag.py:3722} INFO - Setting next_dagrun for drift_detection_dag to 2024-11-24T16:00:00+00:00, run_after=2024-11-25T16:00:00+00:00
[2024-11-25T16:50:20.818+0000] {processor.py:179} INFO - Processing /opt/airflow/dags/drift-detection.py took 6.170 seconds
[2024-11-25T16:50:50.968+0000] {processor.py:157} INFO - Started process (PID=459) to work on /opt/airflow/dags/drift-detection.py
[2024-11-25T16:50:50.969+0000] {processor.py:829} INFO - Processing file /opt/airflow/dags/drift-detection.py for tasks to queue
[2024-11-25T16:50:50.970+0000] {logging_mixin.py:154} INFO - [2024-11-25T16:50:50.970+0000] {dagbag.py:536} INFO - Filling up the DagBag from /opt/airflow/dags/drift-detection.py
[2024-11-25T16:50:55.367+0000] {processor.py:839} INFO - DAG(s) dict_keys(['drift_detection_dag']) retrieved from /opt/airflow/dags/drift-detection.py
[2024-11-25T16:50:55.414+0000] {logging_mixin.py:154} INFO - [2024-11-25T16:50:55.406+0000] {dag.py:2941} INFO - Sync 1 DAGs
[2024-11-25T16:50:55.478+0000] {logging_mixin.py:154} INFO - [2024-11-25T16:50:55.477+0000] {dag.py:3722} INFO - Setting next_dagrun for drift_detection_dag to 2024-11-24T16:00:00+00:00, run_after=2024-11-25T16:00:00+00:00
[2024-11-25T16:50:55.526+0000] {processor.py:179} INFO - Processing /opt/airflow/dags/drift-detection.py took 4.564 seconds
[2024-11-25T16:51:25.773+0000] {processor.py:157} INFO - Started process (PID=488) to work on /opt/airflow/dags/drift-detection.py
[2024-11-25T16:51:25.776+0000] {processor.py:829} INFO - Processing file /opt/airflow/dags/drift-detection.py for tasks to queue
[2024-11-25T16:51:25.778+0000] {logging_mixin.py:154} INFO - [2024-11-25T16:51:25.777+0000] {dagbag.py:536} INFO - Filling up the DagBag from /opt/airflow/dags/drift-detection.py
[2024-11-25T16:51:30.573+0000] {processor.py:839} INFO - DAG(s) dict_keys(['drift_detection_dag']) retrieved from /opt/airflow/dags/drift-detection.py
[2024-11-25T16:51:30.595+0000] {logging_mixin.py:154} INFO - [2024-11-25T16:51:30.594+0000] {dag.py:2941} INFO - Sync 1 DAGs
[2024-11-25T16:51:30.624+0000] {logging_mixin.py:154} INFO - [2024-11-25T16:51:30.624+0000] {dag.py:3722} INFO - Setting next_dagrun for drift_detection_dag to 2024-11-24T16:00:00+00:00, run_after=2024-11-25T16:00:00+00:00
[2024-11-25T16:51:30.654+0000] {processor.py:179} INFO - Processing /opt/airflow/dags/drift-detection.py took 4.885 seconds
[2024-11-25T16:52:00.858+0000] {processor.py:157} INFO - Started process (PID=525) to work on /opt/airflow/dags/drift-detection.py
[2024-11-25T16:52:00.859+0000] {processor.py:829} INFO - Processing file /opt/airflow/dags/drift-detection.py for tasks to queue
[2024-11-25T16:52:00.860+0000] {logging_mixin.py:154} INFO - [2024-11-25T16:52:00.859+0000] {dagbag.py:536} INFO - Filling up the DagBag from /opt/airflow/dags/drift-detection.py
[2024-11-25T16:52:04.476+0000] {processor.py:839} INFO - DAG(s) dict_keys(['drift_detection_dag']) retrieved from /opt/airflow/dags/drift-detection.py
[2024-11-25T16:52:04.509+0000] {logging_mixin.py:154} INFO - [2024-11-25T16:52:04.508+0000] {dag.py:2941} INFO - Sync 1 DAGs
[2024-11-25T16:52:04.723+0000] {logging_mixin.py:154} INFO - [2024-11-25T16:52:04.723+0000] {dag.py:3722} INFO - Setting next_dagrun for drift_detection_dag to 2024-11-24T16:00:00+00:00, run_after=2024-11-25T16:00:00+00:00
[2024-11-25T16:52:04.752+0000] {processor.py:179} INFO - Processing /opt/airflow/dags/drift-detection.py took 3.898 seconds
[2024-11-25T16:52:35.018+0000] {processor.py:157} INFO - Started process (PID=562) to work on /opt/airflow/dags/drift-detection.py
[2024-11-25T16:52:35.023+0000] {processor.py:829} INFO - Processing file /opt/airflow/dags/drift-detection.py for tasks to queue
[2024-11-25T16:52:35.033+0000] {logging_mixin.py:154} INFO - [2024-11-25T16:52:35.032+0000] {dagbag.py:536} INFO - Filling up the DagBag from /opt/airflow/dags/drift-detection.py
[2024-11-25T16:52:39.701+0000] {processor.py:839} INFO - DAG(s) dict_keys(['drift_detection_dag']) retrieved from /opt/airflow/dags/drift-detection.py
[2024-11-25T16:52:39.722+0000] {logging_mixin.py:154} INFO - [2024-11-25T16:52:39.722+0000] {dag.py:2941} INFO - Sync 1 DAGs
[2024-11-25T16:52:39.744+0000] {logging_mixin.py:154} INFO - [2024-11-25T16:52:39.743+0000] {dag.py:3722} INFO - Setting next_dagrun for drift_detection_dag to 2024-11-24T16:00:00+00:00, run_after=2024-11-25T16:00:00+00:00
[2024-11-25T16:52:39.762+0000] {processor.py:179} INFO - Processing /opt/airflow/dags/drift-detection.py took 4.748 seconds
[2024-11-25T16:53:09.841+0000] {processor.py:157} INFO - Started process (PID=591) to work on /opt/airflow/dags/drift-detection.py
[2024-11-25T16:53:09.842+0000] {processor.py:829} INFO - Processing file /opt/airflow/dags/drift-detection.py for tasks to queue
[2024-11-25T16:53:09.844+0000] {logging_mixin.py:154} INFO - [2024-11-25T16:53:09.843+0000] {dagbag.py:536} INFO - Filling up the DagBag from /opt/airflow/dags/drift-detection.py
[2024-11-25T16:53:13.891+0000] {processor.py:839} INFO - DAG(s) dict_keys(['drift_detection_dag']) retrieved from /opt/airflow/dags/drift-detection.py
[2024-11-25T16:53:13.932+0000] {logging_mixin.py:154} INFO - [2024-11-25T16:53:13.930+0000] {dag.py:2941} INFO - Sync 1 DAGs
[2024-11-25T16:53:13.988+0000] {logging_mixin.py:154} INFO - [2024-11-25T16:53:13.988+0000] {dag.py:3722} INFO - Setting next_dagrun for drift_detection_dag to 2024-11-24T16:00:00+00:00, run_after=2024-11-25T16:00:00+00:00
[2024-11-25T16:53:14.047+0000] {processor.py:179} INFO - Processing /opt/airflow/dags/drift-detection.py took 4.214 seconds
