[2024-01-24 15:38:44,562] {taskinstance.py:1159} INFO - Dependencies all met for <TaskInstance: monitoring_dag.clean_file manual__2024-01-24T15:34:29.759954+00:00 [queued]>
[2024-01-24 15:38:44,569] {taskinstance.py:1159} INFO - Dependencies all met for <TaskInstance: monitoring_dag.clean_file manual__2024-01-24T15:34:29.759954+00:00 [queued]>
[2024-01-24 15:38:44,569] {taskinstance.py:1356} INFO - 
--------------------------------------------------------------------------------
[2024-01-24 15:38:44,570] {taskinstance.py:1357} INFO - Starting attempt 1 of 6
[2024-01-24 15:38:44,570] {taskinstance.py:1358} INFO - 
--------------------------------------------------------------------------------
[2024-01-24 15:38:44,580] {taskinstance.py:1377} INFO - Executing <Task(PythonOperator): clean_file> on 2024-01-24 15:34:29.759954+00:00
[2024-01-24 15:38:44,587] {standard_task_runner.py:52} INFO - Started process 1291 to run task
[2024-01-24 15:38:44,590] {standard_task_runner.py:79} INFO - Running: ['***', 'tasks', 'run', 'monitoring_dag', 'clean_file', 'manual__2024-01-24T15:34:29.759954+00:00', '--job-id', '59', '--raw', '--subdir', 'DAGS_FOLDER/monitoring-dag.py', '--cfg-path', '/tmp/tmpfclhfscp', '--error-file', '/tmp/tmp7vogocz1']
[2024-01-24 15:38:44,591] {standard_task_runner.py:80} INFO - Job 59: Subtask clean_file
[2024-01-24 15:38:44,635] {task_command.py:370} INFO - Running <TaskInstance: monitoring_dag.clean_file manual__2024-01-24T15:34:29.759954+00:00 [running]> on host 7aa566990013
[2024-01-24 15:38:44,690] {taskinstance.py:1571} INFO - Exporting the following env vars:
AIRFLOW_CTX_DAG_OWNER=***
AIRFLOW_CTX_DAG_ID=monitoring_dag
AIRFLOW_CTX_TASK_ID=clean_file
AIRFLOW_CTX_EXECUTION_DATE=2024-01-24T15:34:29.759954+00:00
AIRFLOW_CTX_TRY_NUMBER=1
AIRFLOW_CTX_DAG_RUN_ID=manual__2024-01-24T15:34:29.759954+00:00
[2024-01-24 15:38:44,701] {python.py:173} INFO - Done. Returned value was: None
[2024-01-24 15:38:44,713] {taskinstance.py:1400} INFO - Marking task as SUCCESS. dag_id=monitoring_dag, task_id=clean_file, execution_date=20240124T153429, start_date=20240124T153844, end_date=20240124T153844
[2024-01-24 15:38:44,763] {local_task_job.py:156} INFO - Task exited with return code 0
[2024-01-24 15:38:44,788] {local_task_job.py:273} INFO - 1 downstream tasks scheduled from follow-on schedule check
