[2024-01-24 15:36:37,978] {taskinstance.py:1159} INFO - Dependencies all met for <TaskInstance: monitoring_dag.detect_file manual__2024-01-24T15:36:36.433675+00:00 [queued]>
[2024-01-24 15:36:37,986] {taskinstance.py:1159} INFO - Dependencies all met for <TaskInstance: monitoring_dag.detect_file manual__2024-01-24T15:36:36.433675+00:00 [queued]>
[2024-01-24 15:36:37,987] {taskinstance.py:1356} INFO - 
--------------------------------------------------------------------------------
[2024-01-24 15:36:37,987] {taskinstance.py:1357} INFO - Starting attempt 1 of 6
[2024-01-24 15:36:37,987] {taskinstance.py:1358} INFO - 
--------------------------------------------------------------------------------
[2024-01-24 15:36:37,998] {taskinstance.py:1377} INFO - Executing <Task(PythonSensor): detect_file> on 2024-01-24 15:36:36.433675+00:00
[2024-01-24 15:36:38,003] {standard_task_runner.py:52} INFO - Started process 1144 to run task
[2024-01-24 15:36:38,007] {standard_task_runner.py:79} INFO - Running: ['***', 'tasks', 'run', 'monitoring_dag', 'detect_file', 'manual__2024-01-24T15:36:36.433675+00:00', '--job-id', '47', '--raw', '--subdir', 'DAGS_FOLDER/monitoring-dag.py', '--cfg-path', '/tmp/tmpq6u0ps35', '--error-file', '/tmp/tmp3znnt1k2']
[2024-01-24 15:36:38,008] {standard_task_runner.py:80} INFO - Job 47: Subtask detect_file
[2024-01-24 15:36:38,047] {task_command.py:370} INFO - Running <TaskInstance: monitoring_dag.detect_file manual__2024-01-24T15:36:36.433675+00:00 [running]> on host 7aa566990013
[2024-01-24 15:36:38,098] {taskinstance.py:1571} INFO - Exporting the following env vars:
AIRFLOW_CTX_DAG_OWNER=***
AIRFLOW_CTX_DAG_ID=monitoring_dag
AIRFLOW_CTX_TASK_ID=detect_file
AIRFLOW_CTX_EXECUTION_DATE=2024-01-24T15:36:36.433675+00:00
AIRFLOW_CTX_TRY_NUMBER=1
AIRFLOW_CTX_DAG_RUN_ID=manual__2024-01-24T15:36:36.433675+00:00
[2024-01-24 15:36:38,099] {python.py:66} INFO - Poking callable: <function _detect_file at 0x7fae754bc290>
[2024-01-24 15:36:38,110] {base.py:301} INFO - Success criteria met. Exiting.
[2024-01-24 15:36:38,120] {taskinstance.py:1400} INFO - Marking task as SUCCESS. dag_id=monitoring_dag, task_id=detect_file, execution_date=20240124T153636, start_date=20240124T153637, end_date=20240124T153638
[2024-01-24 15:36:38,138] {local_task_job.py:156} INFO - Task exited with return code 0
[2024-01-24 15:36:38,178] {local_task_job.py:273} INFO - 1 downstream tasks scheduled from follow-on schedule check
