[2024-01-24 15:17:25,532] {taskinstance.py:1159} INFO - Dependencies all met for <TaskInstance: monitoring_dag.detect_file scheduled__2024-01-22T16:00:00+00:00 [queued]>
[2024-01-24 15:17:25,540] {taskinstance.py:1159} INFO - Dependencies all met for <TaskInstance: monitoring_dag.detect_file scheduled__2024-01-22T16:00:00+00:00 [queued]>
[2024-01-24 15:17:25,540] {taskinstance.py:1356} INFO - 
--------------------------------------------------------------------------------
[2024-01-24 15:17:25,540] {taskinstance.py:1357} INFO - Starting attempt 1 of 6
[2024-01-24 15:17:25,541] {taskinstance.py:1358} INFO - 
--------------------------------------------------------------------------------
[2024-01-24 15:17:25,550] {taskinstance.py:1377} INFO - Executing <Task(PythonSensor): detect_file> on 2024-01-22 16:00:00+00:00
[2024-01-24 15:17:25,557] {standard_task_runner.py:52} INFO - Started process 91 to run task
[2024-01-24 15:17:25,560] {standard_task_runner.py:79} INFO - Running: ['***', 'tasks', 'run', 'monitoring_dag', 'detect_file', 'scheduled__2024-01-22T16:00:00+00:00', '--job-id', '6', '--raw', '--subdir', 'DAGS_FOLDER/monitoring-dag.py', '--cfg-path', '/tmp/tmp6t5q1wis', '--error-file', '/tmp/tmppdugpdfj']
[2024-01-24 15:17:25,562] {standard_task_runner.py:80} INFO - Job 6: Subtask detect_file
[2024-01-24 15:17:25,606] {task_command.py:370} INFO - Running <TaskInstance: monitoring_dag.detect_file scheduled__2024-01-22T16:00:00+00:00 [running]> on host 7aa566990013
[2024-01-24 15:17:25,658] {taskinstance.py:1571} INFO - Exporting the following env vars:
AIRFLOW_CTX_DAG_OWNER=***
AIRFLOW_CTX_DAG_ID=monitoring_dag
AIRFLOW_CTX_TASK_ID=detect_file
AIRFLOW_CTX_EXECUTION_DATE=2024-01-22T16:00:00+00:00
AIRFLOW_CTX_TRY_NUMBER=1
AIRFLOW_CTX_DAG_RUN_ID=scheduled__2024-01-22T16:00:00+00:00
[2024-01-24 15:17:25,659] {python.py:66} INFO - Poking callable: <function _detect_file at 0x7fae72ec8e60>
[2024-01-24 15:18:25,719] {python.py:66} INFO - Poking callable: <function _detect_file at 0x7fae72ec8e60>
[2024-01-24 15:19:25,744] {python.py:66} INFO - Poking callable: <function _detect_file at 0x7fae72ec8e60>
[2024-01-24 15:20:25,750] {python.py:66} INFO - Poking callable: <function _detect_file at 0x7fae72ec8e60>
[2024-01-24 15:20:25,775] {base.py:301} INFO - Success criteria met. Exiting.
[2024-01-24 15:20:25,790] {taskinstance.py:1400} INFO - Marking task as SUCCESS. dag_id=monitoring_dag, task_id=detect_file, execution_date=20240122T160000, start_date=20240124T151725, end_date=20240124T152025
[2024-01-24 15:20:25,817] {local_task_job.py:156} INFO - Task exited with return code 0
[2024-01-24 15:20:25,853] {local_task_job.py:273} INFO - 1 downstream tasks scheduled from follow-on schedule check
