[2024-11-26T01:45:34.993+0000] {taskinstance.py:1159} INFO - Dependencies all met for dep_context=non-requeueable deps ti=<TaskInstance: drift_detection_dag.detect_data_drift manual__2024-11-26T01:45:21.220287+00:00 [queued]>
[2024-11-26T01:45:35.008+0000] {taskinstance.py:1159} INFO - Dependencies all met for dep_context=requeueable deps ti=<TaskInstance: drift_detection_dag.detect_data_drift manual__2024-11-26T01:45:21.220287+00:00 [queued]>
[2024-11-26T01:45:35.009+0000] {taskinstance.py:1361} INFO - Starting attempt 1 of 1
[2024-11-26T01:45:35.035+0000] {taskinstance.py:1382} INFO - Executing <Task(BranchPythonOperator): detect_data_drift> on 2024-11-26 01:45:21.220287+00:00
[2024-11-26T01:45:35.046+0000] {standard_task_runner.py:57} INFO - Started process 8356 to run task
[2024-11-26T01:45:35.050+0000] {standard_task_runner.py:84} INFO - Running: ['***', 'tasks', 'run', 'drift_detection_dag', 'detect_data_drift', 'manual__2024-11-26T01:45:21.220287+00:00', '--job-id', '49', '--raw', '--subdir', 'DAGS_FOLDER/drift-detection.py', '--cfg-path', '/tmp/tmps20lellz']
[2024-11-26T01:45:35.055+0000] {standard_task_runner.py:85} INFO - Job 49: Subtask detect_data_drift
[2024-11-26T01:45:35.108+0000] {task_command.py:416} INFO - Running <TaskInstance: drift_detection_dag.detect_data_drift manual__2024-11-26T01:45:21.220287+00:00 [running]> on host 7f10b2294d44
[2024-11-26T01:45:35.198+0000] {taskinstance.py:1662} INFO - Exporting env vars: AIRFLOW_CTX_DAG_OWNER='***' AIRFLOW_CTX_DAG_ID='drift_detection_dag' AIRFLOW_CTX_TASK_ID='detect_data_drift' AIRFLOW_CTX_EXECUTION_DATE='2024-11-26T01:45:21.220287+00:00' AIRFLOW_CTX_TRY_NUMBER='1' AIRFLOW_CTX_DAG_RUN_ID='manual__2024-11-26T01:45:21.220287+00:00'
[2024-11-26T01:45:35.231+0000] {taskinstance.py:1937} ERROR - Task failed with exception
Traceback (most recent call last):
  File "/home/airflow/.local/lib/python3.8/site-packages/airflow/operators/python.py", line 226, in execute
    branch = super().execute(context)
  File "/home/airflow/.local/lib/python3.8/site-packages/airflow/operators/python.py", line 192, in execute
    return_value = self.execute_callable()
  File "/home/airflow/.local/lib/python3.8/site-packages/airflow/operators/python.py", line 209, in execute_callable
    return self.python_callable(*self.op_args, **self.op_kwargs)
  File "/opt/airflow/dags/drift-detection.py", line 64, in _detect_data_drift
    DataDriftPreset(threshold=0.1),
TypeError: __init__() got an unexpected keyword argument 'threshold'
[2024-11-26T01:45:35.251+0000] {taskinstance.py:1400} INFO - Marking task as FAILED. dag_id=drift_detection_dag, task_id=detect_data_drift, execution_date=20241126T014521, start_date=20241126T014534, end_date=20241126T014535
[2024-11-26T01:45:35.269+0000] {standard_task_runner.py:104} ERROR - Failed to execute job 49 for task detect_data_drift (__init__() got an unexpected keyword argument 'threshold'; 8356)
[2024-11-26T01:45:35.304+0000] {local_task_job_runner.py:228} INFO - Task exited with return code 1
[2024-11-26T01:45:35.336+0000] {taskinstance.py:2778} INFO - 0 downstream tasks scheduled from follow-on schedule check
