[2024-01-24 15:38:42,279] {taskinstance.py:1159} INFO - Dependencies all met for <TaskInstance: monitoring_dag.data_drift_detected manual__2024-01-24T15:34:29.759954+00:00 [queued]>
[2024-01-24 15:38:42,288] {taskinstance.py:1159} INFO - Dependencies all met for <TaskInstance: monitoring_dag.data_drift_detected manual__2024-01-24T15:34:29.759954+00:00 [queued]>
[2024-01-24 15:38:42,288] {taskinstance.py:1356} INFO - 
--------------------------------------------------------------------------------
[2024-01-24 15:38:42,288] {taskinstance.py:1357} INFO - Starting attempt 1 of 6
[2024-01-24 15:38:42,288] {taskinstance.py:1358} INFO - 
--------------------------------------------------------------------------------
[2024-01-24 15:38:42,297] {taskinstance.py:1377} INFO - Executing <Task(PythonOperator): data_drift_detected> on 2024-01-24 15:34:29.759954+00:00
[2024-01-24 15:38:42,302] {standard_task_runner.py:52} INFO - Started process 1274 to run task
[2024-01-24 15:38:42,306] {standard_task_runner.py:79} INFO - Running: ['***', 'tasks', 'run', 'monitoring_dag', 'data_drift_detected', 'manual__2024-01-24T15:34:29.759954+00:00', '--job-id', '57', '--raw', '--subdir', 'DAGS_FOLDER/monitoring-dag.py', '--cfg-path', '/tmp/tmpso05xgjx', '--error-file', '/tmp/tmp_5j58v9f']
[2024-01-24 15:38:42,307] {standard_task_runner.py:80} INFO - Job 57: Subtask data_drift_detected
[2024-01-24 15:38:42,344] {task_command.py:370} INFO - Running <TaskInstance: monitoring_dag.data_drift_detected manual__2024-01-24T15:34:29.759954+00:00 [running]> on host 7aa566990013
[2024-01-24 15:38:42,396] {taskinstance.py:1571} INFO - Exporting the following env vars:
AIRFLOW_CTX_DAG_OWNER=***
AIRFLOW_CTX_DAG_ID=monitoring_dag
AIRFLOW_CTX_TASK_ID=data_drift_detected
AIRFLOW_CTX_EXECUTION_DATE=2024-01-24T15:34:29.759954+00:00
AIRFLOW_CTX_TRY_NUMBER=1
AIRFLOW_CTX_DAG_RUN_ID=manual__2024-01-24T15:34:29.759954+00:00
[2024-01-24 15:38:42,609] {python.py:173} INFO - Done. Returned value was: None
[2024-01-24 15:38:42,618] {taskinstance.py:1400} INFO - Marking task as SUCCESS. dag_id=monitoring_dag, task_id=data_drift_detected, execution_date=20240124T153429, start_date=20240124T153842, end_date=20240124T153842
[2024-01-24 15:38:42,638] {local_task_job.py:156} INFO - Task exited with return code 0
[2024-01-24 15:38:42,686] {local_task_job.py:273} INFO - 1 downstream tasks scheduled from follow-on schedule check
