[2024-01-24 15:42:29,416] {taskinstance.py:1159} INFO - Dependencies all met for <TaskInstance: monitoring_dag.data_drift_detected manual__2024-01-24T15:42:23.351517+00:00 [queued]>
[2024-01-24 15:42:29,424] {taskinstance.py:1159} INFO - Dependencies all met for <TaskInstance: monitoring_dag.data_drift_detected manual__2024-01-24T15:42:23.351517+00:00 [queued]>
[2024-01-24 15:42:29,424] {taskinstance.py:1356} INFO - 
--------------------------------------------------------------------------------
[2024-01-24 15:42:29,424] {taskinstance.py:1357} INFO - Starting attempt 1 of 1
[2024-01-24 15:42:29,424] {taskinstance.py:1358} INFO - 
--------------------------------------------------------------------------------
[2024-01-24 15:42:29,433] {taskinstance.py:1377} INFO - Executing <Task(PythonOperator): data_drift_detected> on 2024-01-24 15:42:23.351517+00:00
[2024-01-24 15:42:29,438] {standard_task_runner.py:52} INFO - Started process 1504 to run task
[2024-01-24 15:42:29,440] {standard_task_runner.py:79} INFO - Running: ['***', 'tasks', 'run', 'monitoring_dag', 'data_drift_detected', 'manual__2024-01-24T15:42:23.351517+00:00', '--job-id', '72', '--raw', '--subdir', 'DAGS_FOLDER/monitoring-dag.py', '--cfg-path', '/tmp/tmpdono8d60', '--error-file', '/tmp/tmpsvqq9tby']
[2024-01-24 15:42:29,441] {standard_task_runner.py:80} INFO - Job 72: Subtask data_drift_detected
[2024-01-24 15:42:29,477] {task_command.py:370} INFO - Running <TaskInstance: monitoring_dag.data_drift_detected manual__2024-01-24T15:42:23.351517+00:00 [running]> on host 7aa566990013
[2024-01-24 15:42:29,534] {taskinstance.py:1571} INFO - Exporting the following env vars:
AIRFLOW_CTX_DAG_OWNER=***
AIRFLOW_CTX_DAG_ID=monitoring_dag
AIRFLOW_CTX_TASK_ID=data_drift_detected
AIRFLOW_CTX_EXECUTION_DATE=2024-01-24T15:42:23.351517+00:00
AIRFLOW_CTX_TRY_NUMBER=1
AIRFLOW_CTX_DAG_RUN_ID=manual__2024-01-24T15:42:23.351517+00:00
[2024-01-24 15:42:29,767] {python.py:173} INFO - Done. Returned value was: None
[2024-01-24 15:42:29,777] {taskinstance.py:1400} INFO - Marking task as SUCCESS. dag_id=monitoring_dag, task_id=data_drift_detected, execution_date=20240124T154223, start_date=20240124T154229, end_date=20240124T154229
[2024-01-24 15:42:29,813] {local_task_job.py:156} INFO - Task exited with return code 0
[2024-01-24 15:42:29,856] {local_task_job.py:273} INFO - 1 downstream tasks scheduled from follow-on schedule check
