[2024-11-26T11:50:46.366+0000] {taskinstance.py:1159} INFO - Dependencies all met for dep_context=non-requeueable deps ti=<TaskInstance: drift_detection_dag.detect_file manual__2024-11-26T11:50:39.800764+00:00 [queued]>
[2024-11-26T11:50:46.376+0000] {taskinstance.py:1159} INFO - Dependencies all met for dep_context=requeueable deps ti=<TaskInstance: drift_detection_dag.detect_file manual__2024-11-26T11:50:39.800764+00:00 [queued]>
[2024-11-26T11:50:46.376+0000] {taskinstance.py:1361} INFO - Starting attempt 1 of 1
[2024-11-26T11:50:46.390+0000] {taskinstance.py:1382} INFO - Executing <Task(PythonSensor): detect_file> on 2024-11-26 11:50:39.800764+00:00
[2024-11-26T11:50:46.399+0000] {standard_task_runner.py:57} INFO - Started process 423 to run task
[2024-11-26T11:50:46.403+0000] {standard_task_runner.py:84} INFO - Running: ['***', 'tasks', 'run', 'drift_detection_dag', 'detect_file', 'manual__2024-11-26T11:50:39.800764+00:00', '--job-id', '65', '--raw', '--subdir', 'DAGS_FOLDER/drift-detection.py', '--cfg-path', '/tmp/tmpi3_ey62i']
[2024-11-26T11:50:46.406+0000] {standard_task_runner.py:85} INFO - Job 65: Subtask detect_file
[2024-11-26T11:50:46.456+0000] {task_command.py:416} INFO - Running <TaskInstance: drift_detection_dag.detect_file manual__2024-11-26T11:50:39.800764+00:00 [running]> on host 7f10b2294d44
[2024-11-26T11:50:46.538+0000] {taskinstance.py:1662} INFO - Exporting env vars: AIRFLOW_CTX_DAG_OWNER='***' AIRFLOW_CTX_DAG_ID='drift_detection_dag' AIRFLOW_CTX_TASK_ID='detect_file' AIRFLOW_CTX_EXECUTION_DATE='2024-11-26T11:50:39.800764+00:00' AIRFLOW_CTX_TRY_NUMBER='1' AIRFLOW_CTX_DAG_RUN_ID='manual__2024-11-26T11:50:39.800764+00:00'
[2024-11-26T11:50:46.541+0000] {python.py:72} INFO - Poking callable: <function _detect_file at 0x7f75501323a0>
[2024-11-26T11:51:06.565+0000] {python.py:72} INFO - Poking callable: <function _detect_file at 0x7f75501323a0>
[2024-11-26T11:51:26.592+0000] {python.py:72} INFO - Poking callable: <function _detect_file at 0x7f75501323a0>
[2024-11-26T11:51:46.615+0000] {python.py:72} INFO - Poking callable: <function _detect_file at 0x7f75501323a0>
[2024-11-26T11:51:46.618+0000] {taskinstance.py:1937} ERROR - Task failed with exception
Traceback (most recent call last):
  File "/home/airflow/.local/lib/python3.8/site-packages/airflow/sensors/base.py", line 274, in execute
    raise AirflowSensorTimeout(message)
airflow.exceptions.AirflowSensorTimeout: Sensor has timed out; run duration of 60.07848805500544 seconds exceeds the specified timeout of 60.0.
[2024-11-26T11:51:46.628+0000] {taskinstance.py:1400} INFO - Immediate failure requested. Marking task as FAILED. dag_id=drift_detection_dag, task_id=detect_file, execution_date=20241126T115039, start_date=20241126T115046, end_date=20241126T115146
[2024-11-26T11:51:46.647+0000] {standard_task_runner.py:104} ERROR - Failed to execute job 65 for task detect_file (Sensor has timed out; run duration of 60.07848805500544 seconds exceeds the specified timeout of 60.0.; 423)
[2024-11-26T11:51:46.690+0000] {local_task_job_runner.py:228} INFO - Task exited with return code 1
[2024-11-26T11:51:46.721+0000] {taskinstance.py:2778} INFO - 0 downstream tasks scheduled from follow-on schedule check
