[2024-01-24 15:38:40,545] {taskinstance.py:1159} INFO - Dependencies all met for <TaskInstance: monitoring_dag.detect_data_drift manual__2024-01-24T15:38:36.527842+00:00 [queued]>
[2024-01-24 15:38:40,553] {taskinstance.py:1159} INFO - Dependencies all met for <TaskInstance: monitoring_dag.detect_data_drift manual__2024-01-24T15:38:36.527842+00:00 [queued]>
[2024-01-24 15:38:40,553] {taskinstance.py:1356} INFO - 
--------------------------------------------------------------------------------
[2024-01-24 15:38:40,554] {taskinstance.py:1357} INFO - Starting attempt 1 of 6
[2024-01-24 15:38:40,554] {taskinstance.py:1358} INFO - 
--------------------------------------------------------------------------------
[2024-01-24 15:38:40,562] {taskinstance.py:1377} INFO - Executing <Task(BranchPythonOperator): detect_data_drift> on 2024-01-24 15:38:36.527842+00:00
[2024-01-24 15:38:40,567] {standard_task_runner.py:52} INFO - Started process 1266 to run task
[2024-01-24 15:38:40,571] {standard_task_runner.py:79} INFO - Running: ['***', 'tasks', 'run', 'monitoring_dag', 'detect_data_drift', 'manual__2024-01-24T15:38:36.527842+00:00', '--job-id', '55', '--raw', '--subdir', 'DAGS_FOLDER/monitoring-dag.py', '--cfg-path', '/tmp/tmpdi9wqmc2', '--error-file', '/tmp/tmpdsfahhlj']
[2024-01-24 15:38:40,572] {standard_task_runner.py:80} INFO - Job 55: Subtask detect_data_drift
[2024-01-24 15:38:40,618] {task_command.py:370} INFO - Running <TaskInstance: monitoring_dag.detect_data_drift manual__2024-01-24T15:38:36.527842+00:00 [running]> on host 7aa566990013
[2024-01-24 15:38:40,662] {taskinstance.py:1571} INFO - Exporting the following env vars:
AIRFLOW_CTX_DAG_OWNER=***
AIRFLOW_CTX_DAG_ID=monitoring_dag
AIRFLOW_CTX_TASK_ID=detect_data_drift
AIRFLOW_CTX_EXECUTION_DATE=2024-01-24T15:38:36.527842+00:00
AIRFLOW_CTX_TRY_NUMBER=1
AIRFLOW_CTX_DAG_RUN_ID=manual__2024-01-24T15:38:36.527842+00:00
[2024-01-24 15:38:40,854] {python.py:173} INFO - Done. Returned value was: data_drift_detected
[2024-01-24 15:38:40,855] {skipmixin.py:140} INFO - Following branch data_drift_detected
[2024-01-24 15:38:40,855] {skipmixin.py:175} INFO - Skipping tasks ['no_data_drift_detected']
[2024-01-24 15:38:40,888] {taskinstance.py:1400} INFO - Marking task as SUCCESS. dag_id=monitoring_dag, task_id=detect_data_drift, execution_date=20240124T153836, start_date=20240124T153840, end_date=20240124T153840
[2024-01-24 15:38:40,903] {local_task_job.py:156} INFO - Task exited with return code 0
[2024-01-24 15:38:40,936] {local_task_job.py:273} INFO - 1 downstream tasks scheduled from follow-on schedule check
