[2024-11-26T02:20:29.891+0000] {taskinstance.py:1159} INFO - Dependencies all met for dep_context=non-requeueable deps ti=<TaskInstance: drift_detection_dag.detect_data_drift manual__2024-11-26T02:20:17.542345+00:00 [queued]>
[2024-11-26T02:20:29.904+0000] {taskinstance.py:1159} INFO - Dependencies all met for dep_context=requeueable deps ti=<TaskInstance: drift_detection_dag.detect_data_drift manual__2024-11-26T02:20:17.542345+00:00 [queued]>
[2024-11-26T02:20:29.905+0000] {taskinstance.py:1361} INFO - Starting attempt 1 of 1
[2024-11-26T02:20:29.922+0000] {taskinstance.py:1382} INFO - Executing <Task(BranchPythonOperator): detect_data_drift> on 2024-11-26 02:20:17.542345+00:00
[2024-11-26T02:20:29.931+0000] {standard_task_runner.py:57} INFO - Started process 9728 to run task
[2024-11-26T02:20:29.936+0000] {standard_task_runner.py:84} INFO - Running: ['***', 'tasks', 'run', 'drift_detection_dag', 'detect_data_drift', 'manual__2024-11-26T02:20:17.542345+00:00', '--job-id', '57', '--raw', '--subdir', 'DAGS_FOLDER/drift-detection.py', '--cfg-path', '/tmp/tmpkano1eu9']
[2024-11-26T02:20:29.942+0000] {standard_task_runner.py:85} INFO - Job 57: Subtask detect_data_drift
[2024-11-26T02:20:29.994+0000] {task_command.py:416} INFO - Running <TaskInstance: drift_detection_dag.detect_data_drift manual__2024-11-26T02:20:17.542345+00:00 [running]> on host 7f10b2294d44
[2024-11-26T02:20:30.119+0000] {taskinstance.py:1662} INFO - Exporting env vars: AIRFLOW_CTX_DAG_OWNER='***' AIRFLOW_CTX_DAG_ID='drift_detection_dag' AIRFLOW_CTX_TASK_ID='detect_data_drift' AIRFLOW_CTX_EXECUTION_DATE='2024-11-26T02:20:17.542345+00:00' AIRFLOW_CTX_TRY_NUMBER='1' AIRFLOW_CTX_DAG_RUN_ID='manual__2024-11-26T02:20:17.542345+00:00'
[2024-11-26T02:20:30.205+0000] {warnings.py:109} WARNING - /home/***/.local/lib/python3.8/site-packages/numpy/lib/function_base.py:2854: RuntimeWarning: invalid value encountered in divide
  c /= stddev[:, None]

[2024-11-26T02:20:30.205+0000] {warnings.py:109} WARNING - /home/***/.local/lib/python3.8/site-packages/numpy/lib/function_base.py:2855: RuntimeWarning: invalid value encountered in divide
  c /= stddev[None, :]

[2024-11-26T02:20:30.210+0000] {warnings.py:109} WARNING - /home/***/.local/lib/python3.8/site-packages/numpy/lib/function_base.py:2854: RuntimeWarning: invalid value encountered in divide
  c /= stddev[:, None]

[2024-11-26T02:20:30.211+0000] {warnings.py:109} WARNING - /home/***/.local/lib/python3.8/site-packages/numpy/lib/function_base.py:2855: RuntimeWarning: invalid value encountered in divide
  c /= stddev[None, :]

[2024-11-26T02:20:30.386+0000] {warnings.py:109} WARNING - /home/***/.local/lib/python3.8/site-packages/numpy/lib/function_base.py:2854: RuntimeWarning: invalid value encountered in divide
  c /= stddev[:, None]

[2024-11-26T02:20:30.387+0000] {warnings.py:109} WARNING - /home/***/.local/lib/python3.8/site-packages/numpy/lib/function_base.py:2855: RuntimeWarning: invalid value encountered in divide
  c /= stddev[None, :]

[2024-11-26T02:20:30.401+0000] {warnings.py:109} WARNING - /home/***/.local/lib/python3.8/site-packages/numpy/lib/function_base.py:2854: RuntimeWarning: invalid value encountered in divide
  c /= stddev[:, None]

[2024-11-26T02:20:30.402+0000] {warnings.py:109} WARNING - /home/***/.local/lib/python3.8/site-packages/numpy/lib/function_base.py:2855: RuntimeWarning: invalid value encountered in divide
  c /= stddev[None, :]

[2024-11-26T02:20:30.547+0000] {python.py:194} INFO - Done. Returned value was: no_data_drift_detected
[2024-11-26T02:20:30.547+0000] {python.py:227} INFO - Branch callable return no_data_drift_detected
[2024-11-26T02:20:30.548+0000] {skipmixin.py:173} INFO - Following branch no_data_drift_detected
[2024-11-26T02:20:30.578+0000] {skipmixin.py:239} INFO - Skipping tasks [('test_email', -1), ('data_drift_detected', -1)]
[2024-11-26T02:20:30.642+0000] {taskinstance.py:1400} INFO - Marking task as SUCCESS. dag_id=drift_detection_dag, task_id=detect_data_drift, execution_date=20241126T022017, start_date=20241126T022029, end_date=20241126T022030
[2024-11-26T02:20:30.708+0000] {local_task_job_runner.py:228} INFO - Task exited with return code 0
[2024-11-26T02:20:30.761+0000] {taskinstance.py:2778} INFO - 0 downstream tasks scheduled from follow-on schedule check
