[2024-11-25T23:09:49.866+0000] {taskinstance.py:1159} INFO - Dependencies all met for dep_context=non-requeueable deps ti=<TaskInstance: drift_detection_dag.detect_file manual__2024-11-25T23:09:39.942879+00:00 [queued]>
[2024-11-25T23:09:49.876+0000] {taskinstance.py:1159} INFO - Dependencies all met for dep_context=requeueable deps ti=<TaskInstance: drift_detection_dag.detect_file manual__2024-11-25T23:09:39.942879+00:00 [queued]>
[2024-11-25T23:09:49.876+0000] {taskinstance.py:1361} INFO - Starting attempt 1 of 1
[2024-11-25T23:09:49.891+0000] {taskinstance.py:1382} INFO - Executing <Task(PythonSensor): detect_file> on 2024-11-25 23:09:39.942879+00:00
[2024-11-25T23:09:49.900+0000] {standard_task_runner.py:57} INFO - Started process 2355 to run task
[2024-11-25T23:09:49.904+0000] {standard_task_runner.py:84} INFO - Running: ['***', 'tasks', 'run', 'drift_detection_dag', 'detect_file', 'manual__2024-11-25T23:09:39.942879+00:00', '--job-id', '18', '--raw', '--subdir', 'DAGS_FOLDER/drift-detection.py', '--cfg-path', '/tmp/tmpari_ygad']
[2024-11-25T23:09:49.907+0000] {standard_task_runner.py:85} INFO - Job 18: Subtask detect_file
[2024-11-25T23:09:49.960+0000] {task_command.py:416} INFO - Running <TaskInstance: drift_detection_dag.detect_file manual__2024-11-25T23:09:39.942879+00:00 [running]> on host 7f10b2294d44
[2024-11-25T23:09:50.045+0000] {taskinstance.py:1662} INFO - Exporting env vars: AIRFLOW_CTX_DAG_OWNER='***' AIRFLOW_CTX_DAG_ID='drift_detection_dag' AIRFLOW_CTX_TASK_ID='detect_file' AIRFLOW_CTX_EXECUTION_DATE='2024-11-25T23:09:39.942879+00:00' AIRFLOW_CTX_TRY_NUMBER='1' AIRFLOW_CTX_DAG_RUN_ID='manual__2024-11-25T23:09:39.942879+00:00'
[2024-11-25T23:09:50.047+0000] {python.py:72} INFO - Poking callable: <function _detect_file at 0x7f9fab25aee0>
[2024-11-25T23:10:50.087+0000] {python.py:72} INFO - Poking callable: <function _detect_file at 0x7f9fab25aee0>
[2024-11-25T23:11:50.147+0000] {python.py:72} INFO - Poking callable: <function _detect_file at 0x7f9fab25aee0>
[2024-11-25T23:12:50.205+0000] {python.py:72} INFO - Poking callable: <function _detect_file at 0x7f9fab25aee0>
[2024-11-25T23:13:50.264+0000] {python.py:72} INFO - Poking callable: <function _detect_file at 0x7f9fab25aee0>
[2024-11-25T23:14:50.321+0000] {python.py:72} INFO - Poking callable: <function _detect_file at 0x7f9fab25aee0>
[2024-11-25T23:15:50.379+0000] {python.py:72} INFO - Poking callable: <function _detect_file at 0x7f9fab25aee0>
[2024-11-25T23:16:50.437+0000] {python.py:72} INFO - Poking callable: <function _detect_file at 0x7f9fab25aee0>
[2024-11-25T23:17:50.493+0000] {python.py:72} INFO - Poking callable: <function _detect_file at 0x7f9fab25aee0>
[2024-11-25T23:18:50.551+0000] {python.py:72} INFO - Poking callable: <function _detect_file at 0x7f9fab25aee0>
[2024-11-25T23:19:50.609+0000] {python.py:72} INFO - Poking callable: <function _detect_file at 0x7f9fab25aee0>
[2024-11-25T23:20:50.665+0000] {python.py:72} INFO - Poking callable: <function _detect_file at 0x7f9fab25aee0>
[2024-11-25T23:21:50.723+0000] {python.py:72} INFO - Poking callable: <function _detect_file at 0x7f9fab25aee0>
[2024-11-25T23:22:50.781+0000] {python.py:72} INFO - Poking callable: <function _detect_file at 0x7f9fab25aee0>
[2024-11-25T23:23:50.838+0000] {python.py:72} INFO - Poking callable: <function _detect_file at 0x7f9fab25aee0>
[2024-11-25T23:24:50.845+0000] {python.py:72} INFO - Poking callable: <function _detect_file at 0x7f9fab25aee0>
[2024-11-25T23:25:50.877+0000] {python.py:72} INFO - Poking callable: <function _detect_file at 0x7f9fab25aee0>
[2024-11-25T23:26:50.930+0000] {python.py:72} INFO - Poking callable: <function _detect_file at 0x7f9fab25aee0>
[2024-11-25T23:27:30.780+0000] {local_task_job_runner.py:294} WARNING - State of this instance has been externally set to None. Terminating instance.
[2024-11-25T23:27:30.788+0000] {process_utils.py:131} INFO - Sending 15 to group 2355. PIDs of all processes in the group: [2355]
[2024-11-25T23:27:30.789+0000] {process_utils.py:86} INFO - Sending the signal 15 to group 2355
[2024-11-25T23:27:30.790+0000] {taskinstance.py:1632} ERROR - Received SIGTERM. Terminating subprocesses.
[2024-11-25T23:27:30.801+0000] {taskinstance.py:1937} ERROR - Task failed with exception
Traceback (most recent call last):
  File "/home/airflow/.local/lib/python3.8/site-packages/airflow/sensors/base.py", line 285, in execute
    time.sleep(self._get_next_poke_interval(started_at, run_duration, try_number))
  File "/home/airflow/.local/lib/python3.8/site-packages/airflow/models/taskinstance.py", line 1634, in signal_handler
    raise AirflowException("Task received SIGTERM signal")
airflow.exceptions.AirflowException: Task received SIGTERM signal
[2024-11-25T23:27:30.807+0000] {taskinstance.py:1400} INFO - Marking task as FAILED. dag_id=drift_detection_dag, task_id=detect_file, execution_date=20241125T230939, start_date=20241125T230949, end_date=20241125T232730
[2024-11-25T23:27:30.825+0000] {standard_task_runner.py:104} ERROR - Failed to execute job 18 for task detect_file ((psycopg2.errors.ForeignKeyViolation) insert or update on table "task_fail" violates foreign key constraint "task_fail_ti_fkey"
DETAIL:  Key (dag_id, task_id, run_id, map_index)=(drift_detection_dag, detect_file, manual__2024-11-25T23:09:39.942879+00:00, -1) is not present in table "task_instance".

[SQL: INSERT INTO task_fail (task_id, dag_id, run_id, map_index, start_date, end_date, duration) VALUES (%(task_id)s, %(dag_id)s, %(run_id)s, %(map_index)s, %(start_date)s, %(end_date)s, %(duration)s) RETURNING task_fail.id]
[parameters: {'task_id': 'detect_file', 'dag_id': 'drift_detection_dag', 'run_id': 'manual__2024-11-25T23:09:39.942879+00:00', 'map_index': -1, 'start_date': datetime.datetime(2024, 11, 25, 23, 9, 49, 867999, tzinfo=Timezone('UTC')), 'end_date': datetime.datetime(2024, 11, 25, 23, 27, 30, 806942, tzinfo=Timezone('UTC')), 'duration': 1060}]
(Background on this error at: https://sqlalche.me/e/14/gkpj); 2355)
[2024-11-25T23:27:30.881+0000] {process_utils.py:79} INFO - Process psutil.Process(pid=2355, status='terminated', exitcode=1, started='23:09:49') (2355) terminated with exit code 1
