[2024-01-24 15:38:43,587] {taskinstance.py:1159} INFO - Dependencies all met for <TaskInstance: monitoring_dag.detect_data_drift manual__2024-01-24T15:36:36.433675+00:00 [queued]>
[2024-01-24 15:38:43,596] {taskinstance.py:1159} INFO - Dependencies all met for <TaskInstance: monitoring_dag.detect_data_drift manual__2024-01-24T15:36:36.433675+00:00 [queued]>
[2024-01-24 15:38:43,596] {taskinstance.py:1356} INFO - 
--------------------------------------------------------------------------------
[2024-01-24 15:38:43,596] {taskinstance.py:1357} INFO - Starting attempt 3 of 6
[2024-01-24 15:38:43,597] {taskinstance.py:1358} INFO - 
--------------------------------------------------------------------------------
[2024-01-24 15:38:43,606] {taskinstance.py:1377} INFO - Executing <Task(BranchPythonOperator): detect_data_drift> on 2024-01-24 15:36:36.433675+00:00
[2024-01-24 15:38:43,611] {standard_task_runner.py:52} INFO - Started process 1288 to run task
[2024-01-24 15:38:43,615] {standard_task_runner.py:79} INFO - Running: ['***', 'tasks', 'run', 'monitoring_dag', 'detect_data_drift', 'manual__2024-01-24T15:36:36.433675+00:00', '--job-id', '58', '--raw', '--subdir', 'DAGS_FOLDER/monitoring-dag.py', '--cfg-path', '/tmp/tmpm5nnowt1', '--error-file', '/tmp/tmpifnscfp5']
[2024-01-24 15:38:43,617] {standard_task_runner.py:80} INFO - Job 58: Subtask detect_data_drift
[2024-01-24 15:38:43,659] {task_command.py:370} INFO - Running <TaskInstance: monitoring_dag.detect_data_drift manual__2024-01-24T15:36:36.433675+00:00 [running]> on host 7aa566990013
[2024-01-24 15:38:43,718] {taskinstance.py:1571} INFO - Exporting the following env vars:
AIRFLOW_CTX_DAG_OWNER=***
AIRFLOW_CTX_DAG_ID=monitoring_dag
AIRFLOW_CTX_TASK_ID=detect_data_drift
AIRFLOW_CTX_EXECUTION_DATE=2024-01-24T15:36:36.433675+00:00
AIRFLOW_CTX_TRY_NUMBER=3
AIRFLOW_CTX_DAG_RUN_ID=manual__2024-01-24T15:36:36.433675+00:00
[2024-01-24 15:38:43,924] {python.py:173} INFO - Done. Returned value was: data_drift_detected
[2024-01-24 15:38:43,924] {skipmixin.py:140} INFO - Following branch data_drift_detected
[2024-01-24 15:38:43,925] {skipmixin.py:175} INFO - Skipping tasks ['no_data_drift_detected']
[2024-01-24 15:38:43,964] {taskinstance.py:1400} INFO - Marking task as SUCCESS. dag_id=monitoring_dag, task_id=detect_data_drift, execution_date=20240124T153636, start_date=20240124T153843, end_date=20240124T153843
[2024-01-24 15:38:43,987] {local_task_job.py:156} INFO - Task exited with return code 0
[2024-01-24 15:38:44,025] {local_task_job.py:273} INFO - 1 downstream tasks scheduled from follow-on schedule check
