[2024-01-24 15:41:50,045] {taskinstance.py:1159} INFO - Dependencies all met for <TaskInstance: monitoring_dag.clean_file manual__2024-01-24T15:38:36.527842+00:00 [queued]>
[2024-01-24 15:41:50,053] {taskinstance.py:1159} INFO - Dependencies all met for <TaskInstance: monitoring_dag.clean_file manual__2024-01-24T15:38:36.527842+00:00 [queued]>
[2024-01-24 15:41:50,054] {taskinstance.py:1356} INFO - 
--------------------------------------------------------------------------------
[2024-01-24 15:41:50,054] {taskinstance.py:1357} INFO - Starting attempt 4 of 6
[2024-01-24 15:41:50,054] {taskinstance.py:1358} INFO - 
--------------------------------------------------------------------------------
[2024-01-24 15:41:50,064] {taskinstance.py:1377} INFO - Executing <Task(PythonOperator): clean_file> on 2024-01-24 15:38:36.527842+00:00
[2024-01-24 15:41:50,070] {standard_task_runner.py:52} INFO - Started process 1459 to run task
[2024-01-24 15:41:50,073] {standard_task_runner.py:79} INFO - Running: ['***', 'tasks', 'run', 'monitoring_dag', 'clean_file', 'manual__2024-01-24T15:38:36.527842+00:00', '--job-id', '68', '--raw', '--subdir', 'DAGS_FOLDER/monitoring-dag.py', '--cfg-path', '/tmp/tmpsni5mis9', '--error-file', '/tmp/tmpdkc4_z98']
[2024-01-24 15:41:50,074] {standard_task_runner.py:80} INFO - Job 68: Subtask clean_file
[2024-01-24 15:41:50,120] {task_command.py:370} INFO - Running <TaskInstance: monitoring_dag.clean_file manual__2024-01-24T15:38:36.527842+00:00 [running]> on host 7aa566990013
[2024-01-24 15:41:50,173] {taskinstance.py:1571} INFO - Exporting the following env vars:
AIRFLOW_CTX_DAG_OWNER=***
AIRFLOW_CTX_DAG_ID=monitoring_dag
AIRFLOW_CTX_TASK_ID=clean_file
AIRFLOW_CTX_EXECUTION_DATE=2024-01-24T15:38:36.527842+00:00
AIRFLOW_CTX_TRY_NUMBER=4
AIRFLOW_CTX_DAG_RUN_ID=manual__2024-01-24T15:38:36.527842+00:00
[2024-01-24 15:41:50,182] {python.py:173} INFO - Done. Returned value was: None
[2024-01-24 15:41:50,192] {taskinstance.py:1400} INFO - Marking task as SUCCESS. dag_id=monitoring_dag, task_id=clean_file, execution_date=20240124T153836, start_date=20240124T154150, end_date=20240124T154150
[2024-01-24 15:41:50,246] {local_task_job.py:156} INFO - Task exited with return code 0
[2024-01-24 15:41:50,275] {local_task_job.py:273} INFO - 1 downstream tasks scheduled from follow-on schedule check
