[2024-11-26T01:33:24.060+0000] {taskinstance.py:1159} INFO - Dependencies all met for dep_context=non-requeueable deps ti=<TaskInstance: drift_detection_dag.detect_data_drift manual__2024-11-26T01:33:10.022801+00:00 [queued]>
[2024-11-26T01:33:24.071+0000] {taskinstance.py:1159} INFO - Dependencies all met for dep_context=requeueable deps ti=<TaskInstance: drift_detection_dag.detect_data_drift manual__2024-11-26T01:33:10.022801+00:00 [queued]>
[2024-11-26T01:33:24.072+0000] {taskinstance.py:1361} INFO - Starting attempt 1 of 1
[2024-11-26T01:33:24.089+0000] {taskinstance.py:1382} INFO - Executing <Task(BranchPythonOperator): detect_data_drift> on 2024-11-26 01:33:10.022801+00:00
[2024-11-26T01:33:24.098+0000] {standard_task_runner.py:57} INFO - Started process 7875 to run task
[2024-11-26T01:33:24.103+0000] {standard_task_runner.py:84} INFO - Running: ['***', 'tasks', 'run', 'drift_detection_dag', 'detect_data_drift', 'manual__2024-11-26T01:33:10.022801+00:00', '--job-id', '46', '--raw', '--subdir', 'DAGS_FOLDER/drift-detection.py', '--cfg-path', '/tmp/tmp2oj0bi_6']
[2024-11-26T01:33:24.111+0000] {standard_task_runner.py:85} INFO - Job 46: Subtask detect_data_drift
[2024-11-26T01:33:24.161+0000] {task_command.py:416} INFO - Running <TaskInstance: drift_detection_dag.detect_data_drift manual__2024-11-26T01:33:10.022801+00:00 [running]> on host 7f10b2294d44
[2024-11-26T01:33:24.251+0000] {taskinstance.py:1662} INFO - Exporting env vars: AIRFLOW_CTX_DAG_OWNER='***' AIRFLOW_CTX_DAG_ID='drift_detection_dag' AIRFLOW_CTX_TASK_ID='detect_data_drift' AIRFLOW_CTX_EXECUTION_DATE='2024-11-26T01:33:10.022801+00:00' AIRFLOW_CTX_TRY_NUMBER='1' AIRFLOW_CTX_DAG_RUN_ID='manual__2024-11-26T01:33:10.022801+00:00'
[2024-11-26T01:33:24.308+0000] {warnings.py:109} WARNING - /home/***/.local/lib/python3.8/site-packages/numpy/lib/function_base.py:2854: RuntimeWarning: invalid value encountered in divide
  c /= stddev[:, None]

[2024-11-26T01:33:24.309+0000] {warnings.py:109} WARNING - /home/***/.local/lib/python3.8/site-packages/numpy/lib/function_base.py:2855: RuntimeWarning: invalid value encountered in divide
  c /= stddev[None, :]

[2024-11-26T01:33:24.312+0000] {warnings.py:109} WARNING - /home/***/.local/lib/python3.8/site-packages/numpy/lib/function_base.py:2854: RuntimeWarning: invalid value encountered in divide
  c /= stddev[:, None]

[2024-11-26T01:33:24.313+0000] {warnings.py:109} WARNING - /home/***/.local/lib/python3.8/site-packages/numpy/lib/function_base.py:2855: RuntimeWarning: invalid value encountered in divide
  c /= stddev[None, :]

[2024-11-26T01:33:24.423+0000] {warnings.py:109} WARNING - /home/***/.local/lib/python3.8/site-packages/numpy/lib/function_base.py:2854: RuntimeWarning: invalid value encountered in divide
  c /= stddev[:, None]

[2024-11-26T01:33:24.423+0000] {warnings.py:109} WARNING - /home/***/.local/lib/python3.8/site-packages/numpy/lib/function_base.py:2855: RuntimeWarning: invalid value encountered in divide
  c /= stddev[None, :]

[2024-11-26T01:33:24.426+0000] {warnings.py:109} WARNING - /home/***/.local/lib/python3.8/site-packages/numpy/lib/function_base.py:2854: RuntimeWarning: invalid value encountered in divide
  c /= stddev[:, None]

[2024-11-26T01:33:24.427+0000] {warnings.py:109} WARNING - /home/***/.local/lib/python3.8/site-packages/numpy/lib/function_base.py:2855: RuntimeWarning: invalid value encountered in divide
  c /= stddev[None, :]

[2024-11-26T01:33:24.574+0000] {python.py:194} INFO - Done. Returned value was: no_data_drift_detected
[2024-11-26T01:33:24.575+0000] {python.py:227} INFO - Branch callable return no_data_drift_detected
[2024-11-26T01:33:24.575+0000] {skipmixin.py:173} INFO - Following branch no_data_drift_detected
[2024-11-26T01:33:24.598+0000] {skipmixin.py:239} INFO - Skipping tasks [('data_drift_detected', -1)]
[2024-11-26T01:33:24.656+0000] {taskinstance.py:1400} INFO - Marking task as SUCCESS. dag_id=drift_detection_dag, task_id=detect_data_drift, execution_date=20241126T013310, start_date=20241126T013324, end_date=20241126T013324
[2024-11-26T01:33:24.717+0000] {local_task_job_runner.py:228} INFO - Task exited with return code 0
[2024-11-26T01:33:24.757+0000] {taskinstance.py:2778} INFO - 0 downstream tasks scheduled from follow-on schedule check
