[2024-01-24 15:27:35,993] {taskinstance.py:1159} INFO - Dependencies all met for <TaskInstance: monitoring_dag.detect_file manual__2024-01-24T15:27:34.555055+00:00 [queued]>
[2024-01-24 15:27:35,999] {taskinstance.py:1159} INFO - Dependencies all met for <TaskInstance: monitoring_dag.detect_file manual__2024-01-24T15:27:34.555055+00:00 [queued]>
[2024-01-24 15:27:36,000] {taskinstance.py:1356} INFO - 
--------------------------------------------------------------------------------
[2024-01-24 15:27:36,000] {taskinstance.py:1357} INFO - Starting attempt 1 of 6
[2024-01-24 15:27:36,000] {taskinstance.py:1358} INFO - 
--------------------------------------------------------------------------------
[2024-01-24 15:27:36,009] {taskinstance.py:1377} INFO - Executing <Task(PythonSensor): detect_file> on 2024-01-24 15:27:34.555055+00:00
[2024-01-24 15:27:36,015] {standard_task_runner.py:52} INFO - Started process 649 to run task
[2024-01-24 15:27:36,018] {standard_task_runner.py:79} INFO - Running: ['***', 'tasks', 'run', 'monitoring_dag', 'detect_file', 'manual__2024-01-24T15:27:34.555055+00:00', '--job-id', '27', '--raw', '--subdir', 'DAGS_FOLDER/monitoring-dag.py', '--cfg-path', '/tmp/tmpa2qgrkw2', '--error-file', '/tmp/tmpgk5gnb5c']
[2024-01-24 15:27:36,019] {standard_task_runner.py:80} INFO - Job 27: Subtask detect_file
[2024-01-24 15:27:36,057] {task_command.py:370} INFO - Running <TaskInstance: monitoring_dag.detect_file manual__2024-01-24T15:27:34.555055+00:00 [running]> on host 7aa566990013
[2024-01-24 15:27:36,104] {taskinstance.py:1571} INFO - Exporting the following env vars:
AIRFLOW_CTX_DAG_OWNER=***
AIRFLOW_CTX_DAG_ID=monitoring_dag
AIRFLOW_CTX_TASK_ID=detect_file
AIRFLOW_CTX_EXECUTION_DATE=2024-01-24T15:27:34.555055+00:00
AIRFLOW_CTX_TRY_NUMBER=1
AIRFLOW_CTX_DAG_RUN_ID=manual__2024-01-24T15:27:34.555055+00:00
[2024-01-24 15:27:36,105] {python.py:66} INFO - Poking callable: <function _detect_file at 0x7fae754bb0e0>
[2024-01-24 15:27:36,115] {base.py:301} INFO - Success criteria met. Exiting.
[2024-01-24 15:27:36,126] {taskinstance.py:1400} INFO - Marking task as SUCCESS. dag_id=monitoring_dag, task_id=detect_file, execution_date=20240124T152734, start_date=20240124T152735, end_date=20240124T152736
[2024-01-24 15:27:36,150] {local_task_job.py:156} INFO - Task exited with return code 0
[2024-01-24 15:27:36,184] {local_task_job.py:273} INFO - 1 downstream tasks scheduled from follow-on schedule check
